   1              		.arch armv7e-m
   2              		.fpu fpv4-sp-d16
   3              		.eabi_attribute 27, 1
   4              		.eabi_attribute 28, 1
   5              		.eabi_attribute 20, 1
   6              		.eabi_attribute 21, 1
   7              		.eabi_attribute 23, 3
   8              		.eabi_attribute 24, 1
   9              		.eabi_attribute 25, 1
  10              		.eabi_attribute 26, 1
  11              		.eabi_attribute 30, 4
  12              		.eabi_attribute 34, 1
  13              		.eabi_attribute 18, 4
  14              		.file	"startup.c"
  15              		.text
  16              	.Ltext0:
  17              		.cfi_sections	.debug_frame
  18              		.file 1 "src/boot/startup.c"
  19              		.align	1
  20              		.global	hardware_init_hook
  21              		.syntax unified
  22              		.thumb
  23              		.thumb_func
  24              		.type	hardware_init_hook, %function
  25              	hardware_init_hook:
  26              	.LFB0:
   1:src/boot/startup.c **** #include<string.h>
   2:src/boot/startup.c **** 
   3:src/boot/startup.c **** void hardware_init_hook() {
  27              		.loc 1 3 27 view -0
  28              		.cfi_startproc
  29              		@ args = 0, pretend = 0, frame = 0
  30              		@ frame_needed = 0, uses_anonymous_args = 0
  31              		@ link register save eliminated.
   4:src/boot/startup.c ****   extern const char __data_load__;
  32              		.loc 1 4 3 view .LVU1
   5:src/boot/startup.c ****   extern char __data_start__;
  33              		.loc 1 5 3 view .LVU2
   6:src/boot/startup.c ****   extern char __data_end__;
  34              		.loc 1 6 3 view .LVU3
   7:src/boot/startup.c **** 
   8:src/boot/startup.c ****   memcpy(&__data_start__,&__data_load__,(&__data_end__ - &__data_start__));
  35              		.loc 1 8 3 view .LVU4
  36 0000 0248     		ldr	r0, .L2
  37 0002 034A     		ldr	r2, .L2+4
  38 0004 0349     		ldr	r1, .L2+8
  39 0006 121A     		subs	r2, r2, r0
  40 0008 FFF7FEBF 		b	memcpy
  41              	.LVL0:
  42              	.L3:
  43              		.align	2
  44              	.L2:
  45 000c 00000000 		.word	__data_start__
  46 0010 00000000 		.word	__data_end__
  47 0014 00000000 		.word	__data_load__
  48              		.cfi_endproc
  49              	.LFE0:
  50              		.size	hardware_init_hook, .-hardware_init_hook
  51              		.align	1
  52              		.global	_exit
  53              		.syntax unified
  54              		.thumb
  55              		.thumb_func
  56              		.type	_exit, %function
  57              	_exit:
  58              	.LFB1:
   9:src/boot/startup.c **** }
  10:src/boot/startup.c **** 
  11:src/boot/startup.c **** struct boot_struct {
  12:src/boot/startup.c ****   void* initial_SP;
  13:src/boot/startup.c ****   void (*initial_PC)();
  14:src/boot/startup.c **** };
  15:src/boot/startup.c **** 
  16:src/boot/startup.c **** extern char __stack;
  17:src/boot/startup.c **** extern void _start();
  18:src/boot/startup.c **** 
  19:src/boot/startup.c **** const struct boot_struct __boot_sector
  20:src/boot/startup.c **** __attribute__(( section("boot") ))  =
  21:src/boot/startup.c ****   { .initial_SP=&__stack, .initial_PC=_start };
  22:src/boot/startup.c **** 
  23:src/boot/startup.c **** void _exit(int status) {
  59              		.loc 1 23 24 view -0
  60              		.cfi_startproc
  61              		@ Volatile: function does not return.
  62              		@ args = 0, pretend = 0, frame = 0
  63              		@ frame_needed = 0, uses_anonymous_args = 0
  64              		@ link register save eliminated.
  65              	.LVL1:
  66              	.L5:
  24:src/boot/startup.c ****   while(1);
  67              		.loc 1 24 3 view .LVU6
  68              		.loc 1 24 8 view .LVU7
  69 0018 FEE7     		b	.L5
  70              		.cfi_endproc
  71              	.LFE1:
  72              		.size	_exit, .-_exit
  73              		.global	__boot_sector
  74              		.section	boot,"a"
  75              		.align	2
  76              		.type	__boot_sector, %object
  77              		.size	__boot_sector, 8
  78              	__boot_sector:
  79 0000 00000000 		.word	__stack
  80 0004 00000000 		.word	_start
  81              		.text
  82              	.Letext0:
  83              		.file 2 "/opt/st/stm32cubeide_2.0.0/plugins/com.st.stm32cube.ide.mcu.externaltools.gnu-tools-for-s
  84              		.file 3 "/opt/st/stm32cubeide_2.0.0/plugins/com.st.stm32cube.ide.mcu.externaltools.gnu-tools-for-s
  85              		.file 4 "<built-in>"
  86 001a 00BF     		.section	.debug_info,"",%progbits
  87              	.Ldebug_info0:
  88 0000 82010000 		.4byte	0x182
  89 0004 0500     		.2byte	0x5
  90 0006 01       		.byte	0x1
  91 0007 04       		.byte	0x4
  92 0008 00000000 		.4byte	.Ldebug_abbrev0
  93 000c 08       		.uleb128 0x8
  94 000d 1F010000 		.4byte	.LASF17
  95 0011 0C       		.byte	0xc
  96 0012 1D020000 		.4byte	.LASF18
  97 0016 59000000 		.4byte	.LASF19
  98 001a 00000000 		.4byte	.Ltext0
  99 001e 1A000000 		.4byte	.Letext0-.Ltext0
 100 0022 00000000 		.4byte	.Ldebug_line0
 101 0026 09       		.uleb128 0x9
 102 0027 04       		.byte	0x4
 103 0028 05       		.byte	0x5
 104 0029 696E7400 		.ascii	"int\000"
 105 002d 0A       		.uleb128 0xa
 106 002e 1F000000 		.4byte	.LASF20
 107 0032 02       		.byte	0x2
 108 0033 D6       		.byte	0xd6
 109 0034 17       		.byte	0x17
 110 0035 39000000 		.4byte	0x39
 111 0039 01       		.uleb128 0x1
 112 003a 04       		.byte	0x4
 113 003b 07       		.byte	0x7
 114 003c 10020000 		.4byte	.LASF0
 115 0040 01       		.uleb128 0x1
 116 0041 01       		.byte	0x1
 117 0042 06       		.byte	0x6
 118 0043 CB010000 		.4byte	.LASF1
 119 0047 01       		.uleb128 0x1
 120 0048 01       		.byte	0x1
 121 0049 08       		.byte	0x8
 122 004a DB000000 		.4byte	.LASF2
 123 004e 01       		.uleb128 0x1
 124 004f 02       		.byte	0x2
 125 0050 05       		.byte	0x5
 126 0051 F7010000 		.4byte	.LASF3
 127 0055 01       		.uleb128 0x1
 128 0056 02       		.byte	0x2
 129 0057 07       		.byte	0x7
 130 0058 B8010000 		.4byte	.LASF4
 131 005c 01       		.uleb128 0x1
 132 005d 04       		.byte	0x4
 133 005e 05       		.byte	0x5
 134 005f 01010000 		.4byte	.LASF5
 135 0063 01       		.uleb128 0x1
 136 0064 04       		.byte	0x4
 137 0065 07       		.byte	0x7
 138 0066 47000000 		.4byte	.LASF6
 139 006a 01       		.uleb128 0x1
 140 006b 08       		.byte	0x8
 141 006c 05       		.byte	0x5
 142 006d 00000000 		.4byte	.LASF7
 143 0071 01       		.uleb128 0x1
 144 0072 08       		.byte	0x8
 145 0073 07       		.byte	0x7
 146 0074 AC000000 		.4byte	.LASF8
 147 0078 0B       		.uleb128 0xb
 148 0079 04       		.byte	0x4
 149 007a 01       		.uleb128 0x1
 150 007b 01       		.byte	0x1
 151 007c 08       		.byte	0x8
 152 007d FC000000 		.4byte	.LASF9
 153 0081 04       		.uleb128 0x4
 154 0082 7A000000 		.4byte	0x7a
 155 0086 0C       		.uleb128 0xc
 156 0087 EB010000 		.4byte	.LASF21
 157 008b 08       		.byte	0x8
 158 008c 01       		.byte	0x1
 159 008d 0B       		.byte	0xb
 160 008e 08       		.byte	0x8
 161 008f AC000000 		.4byte	0xac
 162 0093 05       		.uleb128 0x5
 163 0094 D0000000 		.4byte	.LASF10
 164 0098 0C       		.byte	0xc
 165 0099 09       		.byte	0x9
 166 009a 78000000 		.4byte	0x78
 167 009e 00       		.byte	0
 168 009f 05       		.uleb128 0x5
 169 00a0 34000000 		.4byte	.LASF11
 170 00a4 0D       		.byte	0xd
 171 00a5 0A       		.byte	0xa
 172 00a6 B8000000 		.4byte	0xb8
 173 00aa 04       		.byte	0x4
 174 00ab 00       		.byte	0
 175 00ac 04       		.uleb128 0x4
 176 00ad 86000000 		.4byte	0x86
 177 00b1 0D       		.uleb128 0xd
 178 00b2 B8000000 		.4byte	0xb8
 179 00b6 06       		.uleb128 0x6
 180 00b7 00       		.byte	0
 181 00b8 07       		.uleb128 0x7
 182 00b9 B1000000 		.4byte	0xb1
 183 00bd 02       		.uleb128 0x2
 184 00be 3F000000 		.4byte	.LASF12
 185 00c2 10       		.byte	0x10
 186 00c3 0D       		.byte	0xd
 187 00c4 7A000000 		.4byte	0x7a
 188 00c8 0E       		.uleb128 0xe
 189 00c9 26000000 		.4byte	.LASF13
 190 00cd 01       		.byte	0x1
 191 00ce 13       		.byte	0x13
 192 00cf 1A       		.byte	0x1a
 193 00d0 AC000000 		.4byte	0xac
 194 00d4 05       		.uleb128 0x5
 195 00d5 03       		.byte	0x3
 196 00d6 00000000 		.4byte	__boot_sector
 197 00da 0F       		.uleb128 0xf
 198 00db D7010000 		.4byte	.LASF22
 199 00df 01       		.byte	0x1
 200 00e0 11       		.byte	0x11
 201 00e1 0D       		.byte	0xd
 202 00e2 E8000000 		.4byte	0xe8
 203 00e6 06       		.uleb128 0x6
 204 00e7 00       		.byte	0
 205 00e8 10       		.uleb128 0x10
 206 00e9 0A010000 		.4byte	.LASF23
 207 00ed 03       		.byte	0x3
 208 00ee 1F       		.byte	0x1f
 209 00ef 09       		.byte	0x9
 210 00f0 78000000 		.4byte	0x78
 211 00f4 08010000 		.4byte	0x108
 212 00f8 03       		.uleb128 0x3
 213 00f9 78000000 		.4byte	0x78
 214 00fd 03       		.uleb128 0x3
 215 00fe 08010000 		.4byte	0x108
 216 0102 03       		.uleb128 0x3
 217 0103 2D000000 		.4byte	0x2d
 218 0107 00       		.byte	0
 219 0108 07       		.uleb128 0x7
 220 0109 0D010000 		.4byte	0x10d
 221 010d 11       		.uleb128 0x11
 222 010e 12       		.uleb128 0x12
 223 010f CA000000 		.4byte	.LASF24
 224 0113 01       		.byte	0x1
 225 0114 17       		.byte	0x17
 226 0115 06       		.byte	0x6
 227 0116 18000000 		.4byte	.LFB1
 228 011a 02000000 		.4byte	.LFE1-.LFB1
 229 011e 01       		.uleb128 0x1
 230 011f 9C       		.byte	0x9c
 231 0120 39010000 		.4byte	0x139
 232 0124 13       		.uleb128 0x13
 233 0125 C3000000 		.4byte	.LASF25
 234 0129 01       		.byte	0x1
 235 012a 17       		.byte	0x17
 236 012b 10       		.byte	0x10
 237 012c 26000000 		.4byte	0x26
 238 0130 0E000000 		.4byte	.LLST0
 239 0134 0C000000 		.4byte	.LVUS0
 240 0138 00       		.byte	0
 241 0139 14       		.uleb128 0x14
 242 013a E9000000 		.4byte	.LASF26
 243 013e 01       		.byte	0x1
 244 013f 03       		.byte	0x3
 245 0140 06       		.byte	0x6
 246 0141 00000000 		.4byte	.LFB0
 247 0145 18000000 		.4byte	.LFE0-.LFB0
 248 0149 01       		.uleb128 0x1
 249 014a 9C       		.byte	0x9c
 250 014b 7A010000 		.4byte	0x17a
 251 014f 02       		.uleb128 0x2
 252 0150 11010000 		.4byte	.LASF14
 253 0154 04       		.byte	0x4
 254 0155 15       		.byte	0x15
 255 0156 81000000 		.4byte	0x81
 256 015a 02       		.uleb128 0x2
 257 015b 01020000 		.4byte	.LASF15
 258 015f 05       		.byte	0x5
 259 0160 0F       		.byte	0xf
 260 0161 7A000000 		.4byte	0x7a
 261 0165 02       		.uleb128 0x2
 262 0166 DE010000 		.4byte	.LASF16
 263 016a 06       		.byte	0x6
 264 016b 0F       		.byte	0xf
 265 016c 7A000000 		.4byte	0x7a
 266 0170 15       		.uleb128 0x15
 267 0171 0C000000 		.4byte	.LVL0
 268 0175 7A010000 		.4byte	0x17a
 269 0179 00       		.byte	0
 270 017a 16       		.uleb128 0x16
 271 017b 0A010000 		.4byte	.LASF23
 272 017f 0E000000 		.4byte	.LASF27
 273 0183 04       		.byte	0x4
 274 0184 00       		.byte	0
 275 0185 00       		.byte	0
 276              		.section	.debug_abbrev,"",%progbits
 277              	.Ldebug_abbrev0:
 278 0000 01       		.uleb128 0x1
 279 0001 24       		.uleb128 0x24
 280 0002 00       		.byte	0
 281 0003 0B       		.uleb128 0xb
 282 0004 0B       		.uleb128 0xb
 283 0005 3E       		.uleb128 0x3e
 284 0006 0B       		.uleb128 0xb
 285 0007 03       		.uleb128 0x3
 286 0008 0E       		.uleb128 0xe
 287 0009 00       		.byte	0
 288 000a 00       		.byte	0
 289 000b 02       		.uleb128 0x2
 290 000c 34       		.uleb128 0x34
 291 000d 00       		.byte	0
 292 000e 03       		.uleb128 0x3
 293 000f 0E       		.uleb128 0xe
 294 0010 3A       		.uleb128 0x3a
 295 0011 21       		.uleb128 0x21
 296 0012 01       		.sleb128 1
 297 0013 3B       		.uleb128 0x3b
 298 0014 0B       		.uleb128 0xb
 299 0015 39       		.uleb128 0x39
 300 0016 0B       		.uleb128 0xb
 301 0017 49       		.uleb128 0x49
 302 0018 13       		.uleb128 0x13
 303 0019 3F       		.uleb128 0x3f
 304 001a 19       		.uleb128 0x19
 305 001b 3C       		.uleb128 0x3c
 306 001c 19       		.uleb128 0x19
 307 001d 00       		.byte	0
 308 001e 00       		.byte	0
 309 001f 03       		.uleb128 0x3
 310 0020 05       		.uleb128 0x5
 311 0021 00       		.byte	0
 312 0022 49       		.uleb128 0x49
 313 0023 13       		.uleb128 0x13
 314 0024 00       		.byte	0
 315 0025 00       		.byte	0
 316 0026 04       		.uleb128 0x4
 317 0027 26       		.uleb128 0x26
 318 0028 00       		.byte	0
 319 0029 49       		.uleb128 0x49
 320 002a 13       		.uleb128 0x13
 321 002b 00       		.byte	0
 322 002c 00       		.byte	0
 323 002d 05       		.uleb128 0x5
 324 002e 0D       		.uleb128 0xd
 325 002f 00       		.byte	0
 326 0030 03       		.uleb128 0x3
 327 0031 0E       		.uleb128 0xe
 328 0032 3A       		.uleb128 0x3a
 329 0033 21       		.uleb128 0x21
 330 0034 01       		.sleb128 1
 331 0035 3B       		.uleb128 0x3b
 332 0036 0B       		.uleb128 0xb
 333 0037 39       		.uleb128 0x39
 334 0038 0B       		.uleb128 0xb
 335 0039 49       		.uleb128 0x49
 336 003a 13       		.uleb128 0x13
 337 003b 38       		.uleb128 0x38
 338 003c 0B       		.uleb128 0xb
 339 003d 00       		.byte	0
 340 003e 00       		.byte	0
 341 003f 06       		.uleb128 0x6
 342 0040 18       		.uleb128 0x18
 343 0041 00       		.byte	0
 344 0042 00       		.byte	0
 345 0043 00       		.byte	0
 346 0044 07       		.uleb128 0x7
 347 0045 0F       		.uleb128 0xf
 348 0046 00       		.byte	0
 349 0047 0B       		.uleb128 0xb
 350 0048 21       		.uleb128 0x21
 351 0049 04       		.sleb128 4
 352 004a 49       		.uleb128 0x49
 353 004b 13       		.uleb128 0x13
 354 004c 00       		.byte	0
 355 004d 00       		.byte	0
 356 004e 08       		.uleb128 0x8
 357 004f 11       		.uleb128 0x11
 358 0050 01       		.byte	0x1
 359 0051 25       		.uleb128 0x25
 360 0052 0E       		.uleb128 0xe
 361 0053 13       		.uleb128 0x13
 362 0054 0B       		.uleb128 0xb
 363 0055 03       		.uleb128 0x3
 364 0056 0E       		.uleb128 0xe
 365 0057 1B       		.uleb128 0x1b
 366 0058 0E       		.uleb128 0xe
 367 0059 11       		.uleb128 0x11
 368 005a 01       		.uleb128 0x1
 369 005b 12       		.uleb128 0x12
 370 005c 06       		.uleb128 0x6
 371 005d 10       		.uleb128 0x10
 372 005e 17       		.uleb128 0x17
 373 005f 00       		.byte	0
 374 0060 00       		.byte	0
 375 0061 09       		.uleb128 0x9
 376 0062 24       		.uleb128 0x24
 377 0063 00       		.byte	0
 378 0064 0B       		.uleb128 0xb
 379 0065 0B       		.uleb128 0xb
 380 0066 3E       		.uleb128 0x3e
 381 0067 0B       		.uleb128 0xb
 382 0068 03       		.uleb128 0x3
 383 0069 08       		.uleb128 0x8
 384 006a 00       		.byte	0
 385 006b 00       		.byte	0
 386 006c 0A       		.uleb128 0xa
 387 006d 16       		.uleb128 0x16
 388 006e 00       		.byte	0
 389 006f 03       		.uleb128 0x3
 390 0070 0E       		.uleb128 0xe
 391 0071 3A       		.uleb128 0x3a
 392 0072 0B       		.uleb128 0xb
 393 0073 3B       		.uleb128 0x3b
 394 0074 0B       		.uleb128 0xb
 395 0075 39       		.uleb128 0x39
 396 0076 0B       		.uleb128 0xb
 397 0077 49       		.uleb128 0x49
 398 0078 13       		.uleb128 0x13
 399 0079 00       		.byte	0
 400 007a 00       		.byte	0
 401 007b 0B       		.uleb128 0xb
 402 007c 0F       		.uleb128 0xf
 403 007d 00       		.byte	0
 404 007e 0B       		.uleb128 0xb
 405 007f 0B       		.uleb128 0xb
 406 0080 00       		.byte	0
 407 0081 00       		.byte	0
 408 0082 0C       		.uleb128 0xc
 409 0083 13       		.uleb128 0x13
 410 0084 01       		.byte	0x1
 411 0085 03       		.uleb128 0x3
 412 0086 0E       		.uleb128 0xe
 413 0087 0B       		.uleb128 0xb
 414 0088 0B       		.uleb128 0xb
 415 0089 3A       		.uleb128 0x3a
 416 008a 0B       		.uleb128 0xb
 417 008b 3B       		.uleb128 0x3b
 418 008c 0B       		.uleb128 0xb
 419 008d 39       		.uleb128 0x39
 420 008e 0B       		.uleb128 0xb
 421 008f 01       		.uleb128 0x1
 422 0090 13       		.uleb128 0x13
 423 0091 00       		.byte	0
 424 0092 00       		.byte	0
 425 0093 0D       		.uleb128 0xd
 426 0094 15       		.uleb128 0x15
 427 0095 01       		.byte	0x1
 428 0096 01       		.uleb128 0x1
 429 0097 13       		.uleb128 0x13
 430 0098 00       		.byte	0
 431 0099 00       		.byte	0
 432 009a 0E       		.uleb128 0xe
 433 009b 34       		.uleb128 0x34
 434 009c 00       		.byte	0
 435 009d 03       		.uleb128 0x3
 436 009e 0E       		.uleb128 0xe
 437 009f 3A       		.uleb128 0x3a
 438 00a0 0B       		.uleb128 0xb
 439 00a1 3B       		.uleb128 0x3b
 440 00a2 0B       		.uleb128 0xb
 441 00a3 39       		.uleb128 0x39
 442 00a4 0B       		.uleb128 0xb
 443 00a5 49       		.uleb128 0x49
 444 00a6 13       		.uleb128 0x13
 445 00a7 3F       		.uleb128 0x3f
 446 00a8 19       		.uleb128 0x19
 447 00a9 02       		.uleb128 0x2
 448 00aa 18       		.uleb128 0x18
 449 00ab 00       		.byte	0
 450 00ac 00       		.byte	0
 451 00ad 0F       		.uleb128 0xf
 452 00ae 2E       		.uleb128 0x2e
 453 00af 01       		.byte	0x1
 454 00b0 3F       		.uleb128 0x3f
 455 00b1 19       		.uleb128 0x19
 456 00b2 03       		.uleb128 0x3
 457 00b3 0E       		.uleb128 0xe
 458 00b4 3A       		.uleb128 0x3a
 459 00b5 0B       		.uleb128 0xb
 460 00b6 3B       		.uleb128 0x3b
 461 00b7 0B       		.uleb128 0xb
 462 00b8 39       		.uleb128 0x39
 463 00b9 0B       		.uleb128 0xb
 464 00ba 3C       		.uleb128 0x3c
 465 00bb 19       		.uleb128 0x19
 466 00bc 01       		.uleb128 0x1
 467 00bd 13       		.uleb128 0x13
 468 00be 00       		.byte	0
 469 00bf 00       		.byte	0
 470 00c0 10       		.uleb128 0x10
 471 00c1 2E       		.uleb128 0x2e
 472 00c2 01       		.byte	0x1
 473 00c3 3F       		.uleb128 0x3f
 474 00c4 19       		.uleb128 0x19
 475 00c5 03       		.uleb128 0x3
 476 00c6 0E       		.uleb128 0xe
 477 00c7 3A       		.uleb128 0x3a
 478 00c8 0B       		.uleb128 0xb
 479 00c9 3B       		.uleb128 0x3b
 480 00ca 0B       		.uleb128 0xb
 481 00cb 39       		.uleb128 0x39
 482 00cc 0B       		.uleb128 0xb
 483 00cd 27       		.uleb128 0x27
 484 00ce 19       		.uleb128 0x19
 485 00cf 49       		.uleb128 0x49
 486 00d0 13       		.uleb128 0x13
 487 00d1 3C       		.uleb128 0x3c
 488 00d2 19       		.uleb128 0x19
 489 00d3 01       		.uleb128 0x1
 490 00d4 13       		.uleb128 0x13
 491 00d5 00       		.byte	0
 492 00d6 00       		.byte	0
 493 00d7 11       		.uleb128 0x11
 494 00d8 26       		.uleb128 0x26
 495 00d9 00       		.byte	0
 496 00da 00       		.byte	0
 497 00db 00       		.byte	0
 498 00dc 12       		.uleb128 0x12
 499 00dd 2E       		.uleb128 0x2e
 500 00de 01       		.byte	0x1
 501 00df 3F       		.uleb128 0x3f
 502 00e0 19       		.uleb128 0x19
 503 00e1 03       		.uleb128 0x3
 504 00e2 0E       		.uleb128 0xe
 505 00e3 3A       		.uleb128 0x3a
 506 00e4 0B       		.uleb128 0xb
 507 00e5 3B       		.uleb128 0x3b
 508 00e6 0B       		.uleb128 0xb
 509 00e7 39       		.uleb128 0x39
 510 00e8 0B       		.uleb128 0xb
 511 00e9 27       		.uleb128 0x27
 512 00ea 19       		.uleb128 0x19
 513 00eb 8701     		.uleb128 0x87
 514 00ed 19       		.uleb128 0x19
 515 00ee 11       		.uleb128 0x11
 516 00ef 01       		.uleb128 0x1
 517 00f0 12       		.uleb128 0x12
 518 00f1 06       		.uleb128 0x6
 519 00f2 40       		.uleb128 0x40
 520 00f3 18       		.uleb128 0x18
 521 00f4 7A       		.uleb128 0x7a
 522 00f5 19       		.uleb128 0x19
 523 00f6 01       		.uleb128 0x1
 524 00f7 13       		.uleb128 0x13
 525 00f8 00       		.byte	0
 526 00f9 00       		.byte	0
 527 00fa 13       		.uleb128 0x13
 528 00fb 05       		.uleb128 0x5
 529 00fc 00       		.byte	0
 530 00fd 03       		.uleb128 0x3
 531 00fe 0E       		.uleb128 0xe
 532 00ff 3A       		.uleb128 0x3a
 533 0100 0B       		.uleb128 0xb
 534 0101 3B       		.uleb128 0x3b
 535 0102 0B       		.uleb128 0xb
 536 0103 39       		.uleb128 0x39
 537 0104 0B       		.uleb128 0xb
 538 0105 49       		.uleb128 0x49
 539 0106 13       		.uleb128 0x13
 540 0107 02       		.uleb128 0x2
 541 0108 17       		.uleb128 0x17
 542 0109 B742     		.uleb128 0x2137
 543 010b 17       		.uleb128 0x17
 544 010c 00       		.byte	0
 545 010d 00       		.byte	0
 546 010e 14       		.uleb128 0x14
 547 010f 2E       		.uleb128 0x2e
 548 0110 01       		.byte	0x1
 549 0111 3F       		.uleb128 0x3f
 550 0112 19       		.uleb128 0x19
 551 0113 03       		.uleb128 0x3
 552 0114 0E       		.uleb128 0xe
 553 0115 3A       		.uleb128 0x3a
 554 0116 0B       		.uleb128 0xb
 555 0117 3B       		.uleb128 0x3b
 556 0118 0B       		.uleb128 0xb
 557 0119 39       		.uleb128 0x39
 558 011a 0B       		.uleb128 0xb
 559 011b 11       		.uleb128 0x11
 560 011c 01       		.uleb128 0x1
 561 011d 12       		.uleb128 0x12
 562 011e 06       		.uleb128 0x6
 563 011f 40       		.uleb128 0x40
 564 0120 18       		.uleb128 0x18
 565 0121 7A       		.uleb128 0x7a
 566 0122 19       		.uleb128 0x19
 567 0123 01       		.uleb128 0x1
 568 0124 13       		.uleb128 0x13
 569 0125 00       		.byte	0
 570 0126 00       		.byte	0
 571 0127 15       		.uleb128 0x15
 572 0128 48       		.uleb128 0x48
 573 0129 00       		.byte	0
 574 012a 7D       		.uleb128 0x7d
 575 012b 01       		.uleb128 0x1
 576 012c 8201     		.uleb128 0x82
 577 012e 19       		.uleb128 0x19
 578 012f 7F       		.uleb128 0x7f
 579 0130 13       		.uleb128 0x13
 580 0131 00       		.byte	0
 581 0132 00       		.byte	0
 582 0133 16       		.uleb128 0x16
 583 0134 2E       		.uleb128 0x2e
 584 0135 00       		.byte	0
 585 0136 3F       		.uleb128 0x3f
 586 0137 19       		.uleb128 0x19
 587 0138 3C       		.uleb128 0x3c
 588 0139 19       		.uleb128 0x19
 589 013a 6E       		.uleb128 0x6e
 590 013b 0E       		.uleb128 0xe
 591 013c 03       		.uleb128 0x3
 592 013d 0E       		.uleb128 0xe
 593 013e 3A       		.uleb128 0x3a
 594 013f 0B       		.uleb128 0xb
 595 0140 3B       		.uleb128 0x3b
 596 0141 0B       		.uleb128 0xb
 597 0142 00       		.byte	0
 598 0143 00       		.byte	0
 599 0144 00       		.byte	0
 600              		.section	.debug_loclists,"",%progbits
 601 0000 10000000 		.4byte	.Ldebug_loc3-.Ldebug_loc2
 602              	.Ldebug_loc2:
 603 0004 0500     		.2byte	0x5
 604 0006 04       		.byte	0x4
 605 0007 00       		.byte	0
 606 0008 00000000 		.4byte	0
 607              	.Ldebug_loc0:
 608              	.LVUS0:
 609 000c 01       		.uleb128 .LVU6
 610 000d 00       		.uleb128 0
 611              	.LLST0:
 612 000e 04       		.byte	0x4
 613 000f 18       		.uleb128 .LVL1-.Ltext0
 614 0010 1A       		.uleb128 .LFE1-.Ltext0
 615 0011 01       		.uleb128 0x1
 616 0012 50       		.byte	0x50
 617 0013 00       		.byte	0
 618              	.Ldebug_loc3:
 619              		.section	.debug_aranges,"",%progbits
 620 0000 1C000000 		.4byte	0x1c
 621 0004 0200     		.2byte	0x2
 622 0006 00000000 		.4byte	.Ldebug_info0
 623 000a 04       		.byte	0x4
 624 000b 00       		.byte	0
 625 000c 0000     		.2byte	0
 626 000e 0000     		.2byte	0
 627 0010 00000000 		.4byte	.Ltext0
 628 0014 1A000000 		.4byte	.Letext0-.Ltext0
 629 0018 00000000 		.4byte	0
 630 001c 00000000 		.4byte	0
 631              		.section	.debug_line,"",%progbits
 632              	.Ldebug_line0:
 633 0000 CD010000 		.section	.debug_str,"MS",%progbits,1
 633      0300A001 
 633      00000201 
 633      FB0E0D00 
 633      01010101 
 634              	.LASF7:
 635 0000 6C6F6E67 		.ascii	"long long int\000"
 635      206C6F6E 
 635      6720696E 
 635      7400
 636              	.LASF27:
 637 000e 5F5F6275 		.ascii	"__builtin_memcpy\000"
 637      696C7469 
 637      6E5F6D65 
 637      6D637079 
 637      00
 638              	.LASF20:
 639 001f 73697A65 		.ascii	"size_t\000"
 639      5F7400
 640              	.LASF13:
 641 0026 5F5F626F 		.ascii	"__boot_sector\000"
 641      6F745F73 
 641      6563746F 
 641      7200
 642              	.LASF11:
 643 0034 696E6974 		.ascii	"initial_PC\000"
 643      69616C5F 
 643      504300
 644              	.LASF12:
 645 003f 5F5F7374 		.ascii	"__stack\000"
 645      61636B00 
 646              	.LASF6:
 647 0047 6C6F6E67 		.ascii	"long unsigned int\000"
 647      20756E73 
 647      69676E65 
 647      6420696E 
 647      7400
 648              	.LASF19:
 649 0059 2F686F6D 		.ascii	"/home/luis/Desktop/Polytech/IESE3/Microcontroleur/P"
 649      652F6C75 
 649      69732F44 
 649      65736B74 
 649      6F702F50 
 650 008c 726F6A65 		.ascii	"roject_boite_musique/c_project/\000"
 650      63745F62 
 650      6F697465 
 650      5F6D7573 
 650      69717565 
 651              	.LASF8:
 652 00ac 6C6F6E67 		.ascii	"long long unsigned int\000"
 652      206C6F6E 
 652      6720756E 
 652      7369676E 
 652      65642069 
 653              	.LASF25:
 654 00c3 73746174 		.ascii	"status\000"
 654      757300
 655              	.LASF24:
 656 00ca 5F657869 		.ascii	"_exit\000"
 656      7400
 657              	.LASF10:
 658 00d0 696E6974 		.ascii	"initial_SP\000"
 658      69616C5F 
 658      535000
 659              	.LASF2:
 660 00db 756E7369 		.ascii	"unsigned char\000"
 660      676E6564 
 660      20636861 
 660      7200
 661              	.LASF26:
 662 00e9 68617264 		.ascii	"hardware_init_hook\000"
 662      77617265 
 662      5F696E69 
 662      745F686F 
 662      6F6B00
 663              	.LASF9:
 664 00fc 63686172 		.ascii	"char\000"
 664      00
 665              	.LASF5:
 666 0101 6C6F6E67 		.ascii	"long int\000"
 666      20696E74 
 666      00
 667              	.LASF23:
 668 010a 6D656D63 		.ascii	"memcpy\000"
 668      707900
 669              	.LASF14:
 670 0111 5F5F6461 		.ascii	"__data_load__\000"
 670      74615F6C 
 670      6F61645F 
 670      5F00
 671              	.LASF17:
 672 011f 474E5520 		.ascii	"GNU C99 13.3.1 20240614 -mtune=cortex-m4 -mthumb -m"
 672      43393920 
 672      31332E33 
 672      2E312032 
 672      30323430 
 673 0152 666C6F61 		.ascii	"float-abi=hard -mfpu=fpv4-sp-d16 -march=armv7e-m+fp"
 673      742D6162 
 673      693D6861 
 673      7264202D 
 673      6D667075 
 674 0185 202D6720 		.ascii	" -g -O0 -Os -std=gnu99 -fsingle-precision-constant\000"
 674      2D4F3020 
 674      2D4F7320 
 674      2D737464 
 674      3D676E75 
 675              	.LASF4:
 676 01b8 73686F72 		.ascii	"short unsigned int\000"
 676      7420756E 
 676      7369676E 
 676      65642069 
 676      6E7400
 677              	.LASF1:
 678 01cb 7369676E 		.ascii	"signed char\000"
 678      65642063 
 678      68617200 
 679              	.LASF22:
 680 01d7 5F737461 		.ascii	"_start\000"
 680      727400
 681              	.LASF16:
 682 01de 5F5F6461 		.ascii	"__data_end__\000"
 682      74615F65 
 682      6E645F5F 
 682      00
 683              	.LASF21:
 684 01eb 626F6F74 		.ascii	"boot_struct\000"
 684      5F737472 
 684      75637400 
 685              	.LASF3:
 686 01f7 73686F72 		.ascii	"short int\000"
 686      7420696E 
 686      7400
 687              	.LASF15:
 688 0201 5F5F6461 		.ascii	"__data_start__\000"
 688      74615F73 
 688      74617274 
 688      5F5F00
 689              	.LASF0:
 690 0210 756E7369 		.ascii	"unsigned int\000"
 690      676E6564 
 690      20696E74 
 690      00
 691              	.LASF18:
 692 021d 7372632F 		.ascii	"src/boot/startup.c\000"
 692      626F6F74 
 692      2F737461 
 692      72747570 
 692      2E6300
 693              		.ident	"GCC: (GNU Tools for STM32 13.3.rel1.20250523-0900) 13.3.1 20240614"
DEFINED SYMBOLS
                            *ABS*:00000000 startup.c
     /tmp/ccbDIyLv.s:19     .text:00000000 $t
     /tmp/ccbDIyLv.s:25     .text:00000000 hardware_init_hook
     /tmp/ccbDIyLv.s:45     .text:0000000c $d
     /tmp/ccbDIyLv.s:51     .text:00000018 $t
     /tmp/ccbDIyLv.s:57     .text:00000018 _exit
     /tmp/ccbDIyLv.s:78     boot:00000000 __boot_sector
     /tmp/ccbDIyLv.s:75     boot:00000000 $d

UNDEFINED SYMBOLS
memcpy
__data_start__
__data_end__
__data_load__
__stack
_start
