   1              		.arch armv7e-m
   2              		.fpu fpv4-sp-d16
   3              		.eabi_attribute 27, 1
   4              		.eabi_attribute 28, 1
   5              		.eabi_attribute 20, 1
   6              		.eabi_attribute 21, 1
   7              		.eabi_attribute 23, 3
   8              		.eabi_attribute 24, 1
   9              		.eabi_attribute 25, 1
  10              		.eabi_attribute 26, 1
  11              		.eabi_attribute 30, 4
  12              		.eabi_attribute 34, 1
  13              		.eabi_attribute 18, 4
  14              		.file	"musique.c"
  15              		.text
  16              	.Ltext0:
  17              		.cfi_sections	.debug_frame
  18              		.file 1 "src/sys/musique.c"
  19              		.align	1
  20              		.global	au_clair_de_la_lune
  21              		.syntax unified
  22              		.thumb
  23              		.thumb_func
  24              		.type	au_clair_de_la_lune, %function
  25              	au_clair_de_la_lune:
  26              	.LFB0:
   1:src/sys/musique.c **** #include "musique.h"
   2:src/sys/musique.c **** #include "notes.h"
   3:src/sys/musique.c **** 
   4:src/sys/musique.c **** 
   5:src/sys/musique.c **** extern void au_clair_de_la_lune()
   6:src/sys/musique.c **** {
  27              		.loc 1 6 1 view -0
  28              		.cfi_startproc
  29              		@ args = 0, pretend = 0, frame = 0
  30              		@ frame_needed = 0, uses_anonymous_args = 0
   7:src/sys/musique.c **** 	tempo = 120;
  31              		.loc 1 7 2 view .LVU1
   6:src/sys/musique.c **** 
  32              		.loc 1 6 1 is_stmt 0 view .LVU2
  33 0000 08B5     		push	{r3, lr}
  34              		.cfi_def_cfa_offset 8
  35              		.cfi_offset 3, -8
  36              		.cfi_offset 14, -4
  37              		.loc 1 7 8 view .LVU3
  38 0002 5A4B     		ldr	r3, .L2
  39 0004 7822     		movs	r2, #120
   8:src/sys/musique.c **** 
   9:src/sys/musique.c ****     play_note(DO4, CROCHE);
  40              		.loc 1 9 5 view .LVU4
  41 0006 0021     		movs	r1, #0
  42 0008 0720     		movs	r0, #7
   7:src/sys/musique.c **** 
  43              		.loc 1 7 8 view .LVU5
  44 000a 1A60     		str	r2, [r3]
  45              		.loc 1 9 5 is_stmt 1 view .LVU6
  46 000c FFF7FEFF 		bl	play_note
  47              	.LVL0:
  10:src/sys/musique.c ****     play_note(DO4, CROCHE);
  48              		.loc 1 10 5 view .LVU7
  49 0010 0021     		movs	r1, #0
  50 0012 0720     		movs	r0, #7
  51 0014 FFF7FEFF 		bl	play_note
  52              	.LVL1:
  11:src/sys/musique.c ****     play_note(DO4, CROCHE);
  53              		.loc 1 11 5 view .LVU8
  54 0018 0021     		movs	r1, #0
  55 001a 0720     		movs	r0, #7
  56 001c FFF7FEFF 		bl	play_note
  57              	.LVL2:
  12:src/sys/musique.c ****     play_note(RE4, CROCHE);
  58              		.loc 1 12 5 view .LVU9
  59 0020 0021     		movs	r1, #0
  60 0022 0820     		movs	r0, #8
  61 0024 FFF7FEFF 		bl	play_note
  62              	.LVL3:
  13:src/sys/musique.c ****     play_note(MI4, NOIRE);
  63              		.loc 1 13 5 view .LVU10
  64 0028 0121     		movs	r1, #1
  65 002a 0920     		movs	r0, #9
  66 002c FFF7FEFF 		bl	play_note
  67              	.LVL4:
  14:src/sys/musique.c ****     play_note(RE4, NOIRE);
  68              		.loc 1 14 5 view .LVU11
  69 0030 0121     		movs	r1, #1
  70 0032 0820     		movs	r0, #8
  71 0034 FFF7FEFF 		bl	play_note
  72              	.LVL5:
  15:src/sys/musique.c ****     play_note(DO4, CROCHE);
  73              		.loc 1 15 5 view .LVU12
  74 0038 0021     		movs	r1, #0
  75 003a 0720     		movs	r0, #7
  76 003c FFF7FEFF 		bl	play_note
  77              	.LVL6:
  16:src/sys/musique.c ****     play_note(MI4, CROCHE);
  78              		.loc 1 16 5 view .LVU13
  79 0040 0021     		movs	r1, #0
  80 0042 0920     		movs	r0, #9
  81 0044 FFF7FEFF 		bl	play_note
  82              	.LVL7:
  17:src/sys/musique.c ****     play_note(RE4, CROCHE);
  83              		.loc 1 17 5 view .LVU14
  84 0048 0021     		movs	r1, #0
  85 004a 0820     		movs	r0, #8
  86 004c FFF7FEFF 		bl	play_note
  87              	.LVL8:
  18:src/sys/musique.c ****     play_note(RE4, CROCHE);
  88              		.loc 1 18 5 view .LVU15
  89 0050 0021     		movs	r1, #0
  90 0052 0820     		movs	r0, #8
  91 0054 FFF7FEFF 		bl	play_note
  92              	.LVL9:
  19:src/sys/musique.c ****     play_note(DO4, BLANCHE);
  93              		.loc 1 19 5 view .LVU16
  94 0058 0221     		movs	r1, #2
  95 005a 0720     		movs	r0, #7
  96 005c FFF7FEFF 		bl	play_note
  97              	.LVL10:
  20:src/sys/musique.c ****     
  21:src/sys/musique.c ****     play_note(DO4, CROCHE);
  98              		.loc 1 21 5 view .LVU17
  99 0060 0021     		movs	r1, #0
 100 0062 0720     		movs	r0, #7
 101 0064 FFF7FEFF 		bl	play_note
 102              	.LVL11:
  22:src/sys/musique.c ****     play_note(DO4, CROCHE);
 103              		.loc 1 22 5 view .LVU18
 104 0068 0021     		movs	r1, #0
 105 006a 0720     		movs	r0, #7
 106 006c FFF7FEFF 		bl	play_note
 107              	.LVL12:
  23:src/sys/musique.c ****     play_note(DO4, CROCHE);
 108              		.loc 1 23 5 view .LVU19
 109 0070 0021     		movs	r1, #0
 110 0072 0720     		movs	r0, #7
 111 0074 FFF7FEFF 		bl	play_note
 112              	.LVL13:
  24:src/sys/musique.c ****     play_note(RE4, CROCHE);
 113              		.loc 1 24 5 view .LVU20
 114 0078 0021     		movs	r1, #0
 115 007a 0820     		movs	r0, #8
 116 007c FFF7FEFF 		bl	play_note
 117              	.LVL14:
  25:src/sys/musique.c ****     play_note(MI4, NOIRE);
 118              		.loc 1 25 5 view .LVU21
 119 0080 0121     		movs	r1, #1
 120 0082 0920     		movs	r0, #9
 121 0084 FFF7FEFF 		bl	play_note
 122              	.LVL15:
  26:src/sys/musique.c ****     play_note(RE4, NOIRE);
 123              		.loc 1 26 5 view .LVU22
 124 0088 0121     		movs	r1, #1
 125 008a 0820     		movs	r0, #8
 126 008c FFF7FEFF 		bl	play_note
 127              	.LVL16:
  27:src/sys/musique.c ****     play_note(DO4, CROCHE);
 128              		.loc 1 27 5 view .LVU23
 129 0090 0021     		movs	r1, #0
 130 0092 0720     		movs	r0, #7
 131 0094 FFF7FEFF 		bl	play_note
 132              	.LVL17:
  28:src/sys/musique.c ****     play_note(MI4, CROCHE);
 133              		.loc 1 28 5 view .LVU24
 134 0098 0021     		movs	r1, #0
 135 009a 0920     		movs	r0, #9
 136 009c FFF7FEFF 		bl	play_note
 137              	.LVL18:
  29:src/sys/musique.c ****     play_note(RE4, CROCHE);
 138              		.loc 1 29 5 view .LVU25
 139 00a0 0021     		movs	r1, #0
 140 00a2 0820     		movs	r0, #8
 141 00a4 FFF7FEFF 		bl	play_note
 142              	.LVL19:
  30:src/sys/musique.c ****     play_note(RE4, CROCHE);
 143              		.loc 1 30 5 view .LVU26
 144 00a8 0021     		movs	r1, #0
 145 00aa 0820     		movs	r0, #8
 146 00ac FFF7FEFF 		bl	play_note
 147              	.LVL20:
  31:src/sys/musique.c ****     play_note(DO4, BLANCHE);
 148              		.loc 1 31 5 view .LVU27
 149 00b0 0221     		movs	r1, #2
 150 00b2 0720     		movs	r0, #7
 151 00b4 FFF7FEFF 		bl	play_note
 152              	.LVL21:
  32:src/sys/musique.c **** 
  33:src/sys/musique.c ****     play_note(RE4, CROCHE);
 153              		.loc 1 33 5 view .LVU28
 154 00b8 0021     		movs	r1, #0
 155 00ba 0820     		movs	r0, #8
 156 00bc FFF7FEFF 		bl	play_note
 157              	.LVL22:
  34:src/sys/musique.c ****     play_note(RE4, CROCHE);
 158              		.loc 1 34 5 view .LVU29
 159 00c0 0021     		movs	r1, #0
 160 00c2 0820     		movs	r0, #8
 161 00c4 FFF7FEFF 		bl	play_note
 162              	.LVL23:
  35:src/sys/musique.c ****     play_note(RE4, CROCHE);
 163              		.loc 1 35 5 view .LVU30
 164 00c8 0021     		movs	r1, #0
 165 00ca 0820     		movs	r0, #8
 166 00cc FFF7FEFF 		bl	play_note
 167              	.LVL24:
  36:src/sys/musique.c ****     play_note(RE4, CROCHE);
 168              		.loc 1 36 5 view .LVU31
 169 00d0 0021     		movs	r1, #0
 170 00d2 0820     		movs	r0, #8
 171 00d4 FFF7FEFF 		bl	play_note
 172              	.LVL25:
  37:src/sys/musique.c ****     play_note(LA3, NOIRE);
 173              		.loc 1 37 5 view .LVU32
 174 00d8 0121     		movs	r1, #1
 175 00da 0520     		movs	r0, #5
 176 00dc FFF7FEFF 		bl	play_note
 177              	.LVL26:
  38:src/sys/musique.c ****     play_note(LA3, NOIRE);
 178              		.loc 1 38 5 view .LVU33
 179 00e0 0121     		movs	r1, #1
 180 00e2 0520     		movs	r0, #5
 181 00e4 FFF7FEFF 		bl	play_note
 182              	.LVL27:
  39:src/sys/musique.c ****     play_note(RE4, CROCHE);
 183              		.loc 1 39 5 view .LVU34
 184 00e8 0021     		movs	r1, #0
 185 00ea 0820     		movs	r0, #8
 186 00ec FFF7FEFF 		bl	play_note
 187              	.LVL28:
  40:src/sys/musique.c ****     play_note(DO4, CROCHE);
 188              		.loc 1 40 5 view .LVU35
 189 00f0 0021     		movs	r1, #0
 190 00f2 0720     		movs	r0, #7
 191 00f4 FFF7FEFF 		bl	play_note
 192              	.LVL29:
  41:src/sys/musique.c ****     play_note(SI3, CROCHE);
 193              		.loc 1 41 5 view .LVU36
 194 00f8 0021     		movs	r1, #0
 195 00fa 0620     		movs	r0, #6
 196 00fc FFF7FEFF 		bl	play_note
 197              	.LVL30:
  42:src/sys/musique.c ****     play_note(LA3, CROCHE);
 198              		.loc 1 42 5 view .LVU37
 199 0100 0021     		movs	r1, #0
 200 0102 0520     		movs	r0, #5
 201 0104 FFF7FEFF 		bl	play_note
 202              	.LVL31:
  43:src/sys/musique.c ****     play_note(SOL3, BLANCHE);
 203              		.loc 1 43 5 view .LVU38
 204 0108 0221     		movs	r1, #2
 205 010a 0420     		movs	r0, #4
 206 010c FFF7FEFF 		bl	play_note
 207              	.LVL32:
  44:src/sys/musique.c **** 
  45:src/sys/musique.c ****     play_note(DO4, CROCHE);
 208              		.loc 1 45 5 view .LVU39
 209 0110 0021     		movs	r1, #0
 210 0112 0720     		movs	r0, #7
 211 0114 FFF7FEFF 		bl	play_note
 212              	.LVL33:
  46:src/sys/musique.c ****     play_note(DO4, CROCHE);
 213              		.loc 1 46 5 view .LVU40
 214 0118 0021     		movs	r1, #0
 215 011a 0720     		movs	r0, #7
 216 011c FFF7FEFF 		bl	play_note
 217              	.LVL34:
  47:src/sys/musique.c ****     play_note(DO4, CROCHE);
 218              		.loc 1 47 5 view .LVU41
 219 0120 0021     		movs	r1, #0
 220 0122 0720     		movs	r0, #7
 221 0124 FFF7FEFF 		bl	play_note
 222              	.LVL35:
  48:src/sys/musique.c ****     play_note(RE4, CROCHE);
 223              		.loc 1 48 5 view .LVU42
 224 0128 0021     		movs	r1, #0
 225 012a 0820     		movs	r0, #8
 226 012c FFF7FEFF 		bl	play_note
 227              	.LVL36:
  49:src/sys/musique.c ****     play_note(MI4, NOIRE);
 228              		.loc 1 49 5 view .LVU43
 229 0130 0121     		movs	r1, #1
 230 0132 0920     		movs	r0, #9
 231 0134 FFF7FEFF 		bl	play_note
 232              	.LVL37:
  50:src/sys/musique.c ****     play_note(RE4, NOIRE);
 233              		.loc 1 50 5 view .LVU44
 234 0138 0121     		movs	r1, #1
 235 013a 0820     		movs	r0, #8
 236 013c FFF7FEFF 		bl	play_note
 237              	.LVL38:
  51:src/sys/musique.c ****     play_note(DO4, CROCHE);
 238              		.loc 1 51 5 view .LVU45
 239 0140 0021     		movs	r1, #0
 240 0142 0720     		movs	r0, #7
 241 0144 FFF7FEFF 		bl	play_note
 242              	.LVL39:
  52:src/sys/musique.c ****     play_note(MI4, CROCHE);
 243              		.loc 1 52 5 view .LVU46
 244 0148 0021     		movs	r1, #0
 245 014a 0920     		movs	r0, #9
 246 014c FFF7FEFF 		bl	play_note
 247              	.LVL40:
  53:src/sys/musique.c ****     play_note(RE4, CROCHE);
 248              		.loc 1 53 5 view .LVU47
 249 0150 0021     		movs	r1, #0
 250 0152 0820     		movs	r0, #8
 251 0154 FFF7FEFF 		bl	play_note
 252              	.LVL41:
  54:src/sys/musique.c ****     play_note(RE4, CROCHE);
 253              		.loc 1 54 5 view .LVU48
 254 0158 0021     		movs	r1, #0
 255 015a 0820     		movs	r0, #8
 256 015c FFF7FEFF 		bl	play_note
 257              	.LVL42:
  55:src/sys/musique.c ****     play_note(DO4, BLANCHE);
 258              		.loc 1 55 5 view .LVU49
  56:src/sys/musique.c **** }
 259              		.loc 1 56 1 is_stmt 0 view .LVU50
 260 0160 BDE80840 		pop	{r3, lr}
 261              		.cfi_restore 14
 262              		.cfi_restore 3
 263              		.cfi_def_cfa_offset 0
  55:src/sys/musique.c ****     play_note(DO4, BLANCHE);
 264              		.loc 1 55 5 view .LVU51
 265 0164 0221     		movs	r1, #2
 266 0166 0720     		movs	r0, #7
 267 0168 FFF7FEBF 		b	play_note
 268              	.LVL43:
 269              	.L3:
 270              		.align	2
 271              	.L2:
 272 016c 00000000 		.word	tempo
 273              		.cfi_endproc
 274              	.LFE0:
 275              		.size	au_clair_de_la_lune, .-au_clair_de_la_lune
 276              	.Letext0:
 277              		.file 2 "/opt/st/stm32cubeide_2.0.0/plugins/com.st.stm32cube.ide.mcu.externaltools.gnu-tools-for-s
 278              		.file 3 "/opt/st/stm32cubeide_2.0.0/plugins/com.st.stm32cube.ide.mcu.externaltools.gnu-tools-for-s
 279              		.file 4 "src/sys/notes.h"
 280              		.section	.debug_info,"",%progbits
 281              	.Ldebug_info0:
 282 0000 67050000 		.4byte	0x567
 283 0004 0500     		.2byte	0x5
 284 0006 01       		.byte	0x1
 285 0007 04       		.byte	0x4
 286 0008 00000000 		.4byte	.Ldebug_abbrev0
 287 000c 09       		.uleb128 0x9
 288 000d F9000000 		.4byte	.LASF18
 289 0011 0C       		.byte	0xc
 290 0012 0A000000 		.4byte	.LASF19
 291 0016 36000000 		.4byte	.LASF20
 292 001a 00000000 		.4byte	.Ltext0
 293 001e 70010000 		.4byte	.Letext0-.Ltext0
 294 0022 00000000 		.4byte	.Ldebug_line0
 295 0026 04       		.uleb128 0x4
 296 0027 01       		.byte	0x1
 297 0028 06       		.byte	0x6
 298 0029 CF010000 		.4byte	.LASF0
 299 002d 04       		.uleb128 0x4
 300 002e 01       		.byte	0x1
 301 002f 08       		.byte	0x8
 302 0030 8F000000 		.4byte	.LASF1
 303 0034 04       		.uleb128 0x4
 304 0035 02       		.byte	0x2
 305 0036 05       		.byte	0x5
 306 0037 A6010000 		.4byte	.LASF2
 307 003b 04       		.uleb128 0x4
 308 003c 02       		.byte	0x2
 309 003d 07       		.byte	0x7
 310 003e AF000000 		.4byte	.LASF3
 311 0042 04       		.uleb128 0x4
 312 0043 04       		.byte	0x4
 313 0044 05       		.byte	0x5
 314 0045 BF010000 		.4byte	.LASF4
 315 0049 06       		.uleb128 0x6
 316 004a CA000000 		.4byte	.LASF9
 317 004e 02       		.byte	0x2
 318 004f 4F       		.byte	0x4f
 319 0050 19       		.byte	0x19
 320 0051 55000000 		.4byte	0x55
 321 0055 04       		.uleb128 0x4
 322 0056 04       		.byte	0x4
 323 0057 07       		.byte	0x7
 324 0058 9D000000 		.4byte	.LASF5
 325 005c 04       		.uleb128 0x4
 326 005d 08       		.byte	0x8
 327 005e 05       		.byte	0x5
 328 005f 92010000 		.4byte	.LASF6
 329 0063 04       		.uleb128 0x4
 330 0064 08       		.byte	0x8
 331 0065 07       		.byte	0x7
 332 0066 E2000000 		.4byte	.LASF7
 333 006a 0A       		.uleb128 0xa
 334 006b 04       		.byte	0x4
 335 006c 05       		.byte	0x5
 336 006d 696E7400 		.ascii	"int\000"
 337 0071 04       		.uleb128 0x4
 338 0072 04       		.byte	0x4
 339 0073 07       		.byte	0x7
 340 0074 D5000000 		.4byte	.LASF8
 341 0078 06       		.uleb128 0x6
 342 0079 B6010000 		.4byte	.LASF10
 343 007d 03       		.byte	0x3
 344 007e 30       		.byte	0x30
 345 007f 14       		.byte	0x14
 346 0080 49000000 		.4byte	0x49
 347 0084 07       		.uleb128 0x7
 348 0085 2D000000 		.4byte	0x2d
 349 0089 07       		.byte	0x7
 350 008a E3000000 		.4byte	0xe3
 351 008e 03       		.uleb128 0x3
 352 008f 444F3300 		.ascii	"DO3\000"
 353 0093 00       		.byte	0
 354 0094 03       		.uleb128 0x3
 355 0095 52453300 		.ascii	"RE3\000"
 356 0099 01       		.byte	0x1
 357 009a 03       		.uleb128 0x3
 358 009b 4D493300 		.ascii	"MI3\000"
 359 009f 02       		.byte	0x2
 360 00a0 03       		.uleb128 0x3
 361 00a1 46413300 		.ascii	"FA3\000"
 362 00a5 03       		.byte	0x3
 363 00a6 05       		.uleb128 0x5
 364 00a7 DB010000 		.4byte	.LASF11
 365 00ab 04       		.byte	0x4
 366 00ac 03       		.uleb128 0x3
 367 00ad 4C413300 		.ascii	"LA3\000"
 368 00b1 05       		.byte	0x5
 369 00b2 03       		.uleb128 0x3
 370 00b3 53493300 		.ascii	"SI3\000"
 371 00b7 06       		.byte	0x6
 372 00b8 03       		.uleb128 0x3
 373 00b9 444F3400 		.ascii	"DO4\000"
 374 00bd 07       		.byte	0x7
 375 00be 03       		.uleb128 0x3
 376 00bf 52453400 		.ascii	"RE4\000"
 377 00c3 08       		.byte	0x8
 378 00c4 03       		.uleb128 0x3
 379 00c5 4D493400 		.ascii	"MI4\000"
 380 00c9 09       		.byte	0x9
 381 00ca 03       		.uleb128 0x3
 382 00cb 46413400 		.ascii	"FA4\000"
 383 00cf 0A       		.byte	0xa
 384 00d0 05       		.uleb128 0x5
 385 00d1 E0010000 		.4byte	.LASF12
 386 00d5 0B       		.byte	0xb
 387 00d6 03       		.uleb128 0x3
 388 00d7 4C413400 		.ascii	"LA4\000"
 389 00db 0C       		.byte	0xc
 390 00dc 03       		.uleb128 0x3
 391 00dd 53493400 		.ascii	"SI4\000"
 392 00e1 0D       		.byte	0xd
 393 00e2 00       		.byte	0
 394 00e3 06       		.uleb128 0x6
 395 00e4 B0010000 		.4byte	.LASF13
 396 00e8 04       		.byte	0x4
 397 00e9 19       		.byte	0x19
 398 00ea 02       		.byte	0x2
 399 00eb 84000000 		.4byte	0x84
 400 00ef 07       		.uleb128 0x7
 401 00f0 2D000000 		.4byte	0x2d
 402 00f4 1C       		.byte	0x1c
 403 00f5 0C010000 		.4byte	0x10c
 404 00f9 05       		.uleb128 0x5
 405 00fa C8010000 		.4byte	.LASF14
 406 00fe 00       		.byte	0
 407 00ff 05       		.uleb128 0x5
 408 0100 89000000 		.4byte	.LASF15
 409 0104 01       		.byte	0x1
 410 0105 05       		.uleb128 0x5
 411 0106 C2000000 		.4byte	.LASF16
 412 010a 02       		.byte	0x2
 413 010b 00       		.byte	0
 414 010c 06       		.uleb128 0x6
 415 010d A0010000 		.4byte	.LASF17
 416 0111 04       		.byte	0x4
 417 0112 20       		.byte	0x20
 418 0113 02       		.byte	0x2
 419 0114 EF000000 		.4byte	0xef
 420 0118 0B       		.uleb128 0xb
 421 0119 30000000 		.4byte	.LASF21
 422 011d 04       		.byte	0x4
 423 011e 23       		.byte	0x23
 424 011f 11       		.byte	0x11
 425 0120 78000000 		.4byte	0x78
 426 0124 0C       		.uleb128 0xc
 427 0125 00000000 		.4byte	.LASF22
 428 0129 04       		.byte	0x4
 429 012a 38       		.byte	0x38
 430 012b 06       		.byte	0x6
 431 012c 3B010000 		.4byte	0x13b
 432 0130 08       		.uleb128 0x8
 433 0131 E3000000 		.4byte	0xe3
 434 0135 08       		.uleb128 0x8
 435 0136 0C010000 		.4byte	0x10c
 436 013a 00       		.byte	0
 437 013b 0D       		.uleb128 0xd
 438 013c 1C000000 		.4byte	.LASF23
 439 0140 01       		.byte	0x1
 440 0141 05       		.byte	0x5
 441 0142 0D       		.byte	0xd
 442 0143 00000000 		.4byte	.LFB0
 443 0147 70010000 		.4byte	.LFE0-.LFB0
 444 014b 01       		.uleb128 0x1
 445 014c 9C       		.byte	0x9c
 446 014d 02       		.uleb128 0x2
 447 014e 10000000 		.4byte	.LVL0
 448 0152 24010000 		.4byte	0x124
 449 0156 65010000 		.4byte	0x165
 450 015a 01       		.uleb128 0x1
 451 015b 01       		.uleb128 0x1
 452 015c 50       		.byte	0x50
 453 015d 01       		.uleb128 0x1
 454 015e 37       		.byte	0x37
 455 015f 01       		.uleb128 0x1
 456 0160 01       		.uleb128 0x1
 457 0161 51       		.byte	0x51
 458 0162 01       		.uleb128 0x1
 459 0163 30       		.byte	0x30
 460 0164 00       		.byte	0
 461 0165 02       		.uleb128 0x2
 462 0166 18000000 		.4byte	.LVL1
 463 016a 24010000 		.4byte	0x124
 464 016e 7D010000 		.4byte	0x17d
 465 0172 01       		.uleb128 0x1
 466 0173 01       		.uleb128 0x1
 467 0174 50       		.byte	0x50
 468 0175 01       		.uleb128 0x1
 469 0176 37       		.byte	0x37
 470 0177 01       		.uleb128 0x1
 471 0178 01       		.uleb128 0x1
 472 0179 51       		.byte	0x51
 473 017a 01       		.uleb128 0x1
 474 017b 30       		.byte	0x30
 475 017c 00       		.byte	0
 476 017d 02       		.uleb128 0x2
 477 017e 20000000 		.4byte	.LVL2
 478 0182 24010000 		.4byte	0x124
 479 0186 95010000 		.4byte	0x195
 480 018a 01       		.uleb128 0x1
 481 018b 01       		.uleb128 0x1
 482 018c 50       		.byte	0x50
 483 018d 01       		.uleb128 0x1
 484 018e 37       		.byte	0x37
 485 018f 01       		.uleb128 0x1
 486 0190 01       		.uleb128 0x1
 487 0191 51       		.byte	0x51
 488 0192 01       		.uleb128 0x1
 489 0193 30       		.byte	0x30
 490 0194 00       		.byte	0
 491 0195 02       		.uleb128 0x2
 492 0196 28000000 		.4byte	.LVL3
 493 019a 24010000 		.4byte	0x124
 494 019e AD010000 		.4byte	0x1ad
 495 01a2 01       		.uleb128 0x1
 496 01a3 01       		.uleb128 0x1
 497 01a4 50       		.byte	0x50
 498 01a5 01       		.uleb128 0x1
 499 01a6 38       		.byte	0x38
 500 01a7 01       		.uleb128 0x1
 501 01a8 01       		.uleb128 0x1
 502 01a9 51       		.byte	0x51
 503 01aa 01       		.uleb128 0x1
 504 01ab 30       		.byte	0x30
 505 01ac 00       		.byte	0
 506 01ad 02       		.uleb128 0x2
 507 01ae 30000000 		.4byte	.LVL4
 508 01b2 24010000 		.4byte	0x124
 509 01b6 C5010000 		.4byte	0x1c5
 510 01ba 01       		.uleb128 0x1
 511 01bb 01       		.uleb128 0x1
 512 01bc 50       		.byte	0x50
 513 01bd 01       		.uleb128 0x1
 514 01be 39       		.byte	0x39
 515 01bf 01       		.uleb128 0x1
 516 01c0 01       		.uleb128 0x1
 517 01c1 51       		.byte	0x51
 518 01c2 01       		.uleb128 0x1
 519 01c3 31       		.byte	0x31
 520 01c4 00       		.byte	0
 521 01c5 02       		.uleb128 0x2
 522 01c6 38000000 		.4byte	.LVL5
 523 01ca 24010000 		.4byte	0x124
 524 01ce DD010000 		.4byte	0x1dd
 525 01d2 01       		.uleb128 0x1
 526 01d3 01       		.uleb128 0x1
 527 01d4 50       		.byte	0x50
 528 01d5 01       		.uleb128 0x1
 529 01d6 38       		.byte	0x38
 530 01d7 01       		.uleb128 0x1
 531 01d8 01       		.uleb128 0x1
 532 01d9 51       		.byte	0x51
 533 01da 01       		.uleb128 0x1
 534 01db 31       		.byte	0x31
 535 01dc 00       		.byte	0
 536 01dd 02       		.uleb128 0x2
 537 01de 40000000 		.4byte	.LVL6
 538 01e2 24010000 		.4byte	0x124
 539 01e6 F5010000 		.4byte	0x1f5
 540 01ea 01       		.uleb128 0x1
 541 01eb 01       		.uleb128 0x1
 542 01ec 50       		.byte	0x50
 543 01ed 01       		.uleb128 0x1
 544 01ee 37       		.byte	0x37
 545 01ef 01       		.uleb128 0x1
 546 01f0 01       		.uleb128 0x1
 547 01f1 51       		.byte	0x51
 548 01f2 01       		.uleb128 0x1
 549 01f3 30       		.byte	0x30
 550 01f4 00       		.byte	0
 551 01f5 02       		.uleb128 0x2
 552 01f6 48000000 		.4byte	.LVL7
 553 01fa 24010000 		.4byte	0x124
 554 01fe 0D020000 		.4byte	0x20d
 555 0202 01       		.uleb128 0x1
 556 0203 01       		.uleb128 0x1
 557 0204 50       		.byte	0x50
 558 0205 01       		.uleb128 0x1
 559 0206 39       		.byte	0x39
 560 0207 01       		.uleb128 0x1
 561 0208 01       		.uleb128 0x1
 562 0209 51       		.byte	0x51
 563 020a 01       		.uleb128 0x1
 564 020b 30       		.byte	0x30
 565 020c 00       		.byte	0
 566 020d 02       		.uleb128 0x2
 567 020e 50000000 		.4byte	.LVL8
 568 0212 24010000 		.4byte	0x124
 569 0216 25020000 		.4byte	0x225
 570 021a 01       		.uleb128 0x1
 571 021b 01       		.uleb128 0x1
 572 021c 50       		.byte	0x50
 573 021d 01       		.uleb128 0x1
 574 021e 38       		.byte	0x38
 575 021f 01       		.uleb128 0x1
 576 0220 01       		.uleb128 0x1
 577 0221 51       		.byte	0x51
 578 0222 01       		.uleb128 0x1
 579 0223 30       		.byte	0x30
 580 0224 00       		.byte	0
 581 0225 02       		.uleb128 0x2
 582 0226 58000000 		.4byte	.LVL9
 583 022a 24010000 		.4byte	0x124
 584 022e 3D020000 		.4byte	0x23d
 585 0232 01       		.uleb128 0x1
 586 0233 01       		.uleb128 0x1
 587 0234 50       		.byte	0x50
 588 0235 01       		.uleb128 0x1
 589 0236 38       		.byte	0x38
 590 0237 01       		.uleb128 0x1
 591 0238 01       		.uleb128 0x1
 592 0239 51       		.byte	0x51
 593 023a 01       		.uleb128 0x1
 594 023b 30       		.byte	0x30
 595 023c 00       		.byte	0
 596 023d 02       		.uleb128 0x2
 597 023e 60000000 		.4byte	.LVL10
 598 0242 24010000 		.4byte	0x124
 599 0246 55020000 		.4byte	0x255
 600 024a 01       		.uleb128 0x1
 601 024b 01       		.uleb128 0x1
 602 024c 50       		.byte	0x50
 603 024d 01       		.uleb128 0x1
 604 024e 37       		.byte	0x37
 605 024f 01       		.uleb128 0x1
 606 0250 01       		.uleb128 0x1
 607 0251 51       		.byte	0x51
 608 0252 01       		.uleb128 0x1
 609 0253 32       		.byte	0x32
 610 0254 00       		.byte	0
 611 0255 02       		.uleb128 0x2
 612 0256 68000000 		.4byte	.LVL11
 613 025a 24010000 		.4byte	0x124
 614 025e 6D020000 		.4byte	0x26d
 615 0262 01       		.uleb128 0x1
 616 0263 01       		.uleb128 0x1
 617 0264 50       		.byte	0x50
 618 0265 01       		.uleb128 0x1
 619 0266 37       		.byte	0x37
 620 0267 01       		.uleb128 0x1
 621 0268 01       		.uleb128 0x1
 622 0269 51       		.byte	0x51
 623 026a 01       		.uleb128 0x1
 624 026b 30       		.byte	0x30
 625 026c 00       		.byte	0
 626 026d 02       		.uleb128 0x2
 627 026e 70000000 		.4byte	.LVL12
 628 0272 24010000 		.4byte	0x124
 629 0276 85020000 		.4byte	0x285
 630 027a 01       		.uleb128 0x1
 631 027b 01       		.uleb128 0x1
 632 027c 50       		.byte	0x50
 633 027d 01       		.uleb128 0x1
 634 027e 37       		.byte	0x37
 635 027f 01       		.uleb128 0x1
 636 0280 01       		.uleb128 0x1
 637 0281 51       		.byte	0x51
 638 0282 01       		.uleb128 0x1
 639 0283 30       		.byte	0x30
 640 0284 00       		.byte	0
 641 0285 02       		.uleb128 0x2
 642 0286 78000000 		.4byte	.LVL13
 643 028a 24010000 		.4byte	0x124
 644 028e 9D020000 		.4byte	0x29d
 645 0292 01       		.uleb128 0x1
 646 0293 01       		.uleb128 0x1
 647 0294 50       		.byte	0x50
 648 0295 01       		.uleb128 0x1
 649 0296 37       		.byte	0x37
 650 0297 01       		.uleb128 0x1
 651 0298 01       		.uleb128 0x1
 652 0299 51       		.byte	0x51
 653 029a 01       		.uleb128 0x1
 654 029b 30       		.byte	0x30
 655 029c 00       		.byte	0
 656 029d 02       		.uleb128 0x2
 657 029e 80000000 		.4byte	.LVL14
 658 02a2 24010000 		.4byte	0x124
 659 02a6 B5020000 		.4byte	0x2b5
 660 02aa 01       		.uleb128 0x1
 661 02ab 01       		.uleb128 0x1
 662 02ac 50       		.byte	0x50
 663 02ad 01       		.uleb128 0x1
 664 02ae 38       		.byte	0x38
 665 02af 01       		.uleb128 0x1
 666 02b0 01       		.uleb128 0x1
 667 02b1 51       		.byte	0x51
 668 02b2 01       		.uleb128 0x1
 669 02b3 30       		.byte	0x30
 670 02b4 00       		.byte	0
 671 02b5 02       		.uleb128 0x2
 672 02b6 88000000 		.4byte	.LVL15
 673 02ba 24010000 		.4byte	0x124
 674 02be CD020000 		.4byte	0x2cd
 675 02c2 01       		.uleb128 0x1
 676 02c3 01       		.uleb128 0x1
 677 02c4 50       		.byte	0x50
 678 02c5 01       		.uleb128 0x1
 679 02c6 39       		.byte	0x39
 680 02c7 01       		.uleb128 0x1
 681 02c8 01       		.uleb128 0x1
 682 02c9 51       		.byte	0x51
 683 02ca 01       		.uleb128 0x1
 684 02cb 31       		.byte	0x31
 685 02cc 00       		.byte	0
 686 02cd 02       		.uleb128 0x2
 687 02ce 90000000 		.4byte	.LVL16
 688 02d2 24010000 		.4byte	0x124
 689 02d6 E5020000 		.4byte	0x2e5
 690 02da 01       		.uleb128 0x1
 691 02db 01       		.uleb128 0x1
 692 02dc 50       		.byte	0x50
 693 02dd 01       		.uleb128 0x1
 694 02de 38       		.byte	0x38
 695 02df 01       		.uleb128 0x1
 696 02e0 01       		.uleb128 0x1
 697 02e1 51       		.byte	0x51
 698 02e2 01       		.uleb128 0x1
 699 02e3 31       		.byte	0x31
 700 02e4 00       		.byte	0
 701 02e5 02       		.uleb128 0x2
 702 02e6 98000000 		.4byte	.LVL17
 703 02ea 24010000 		.4byte	0x124
 704 02ee FD020000 		.4byte	0x2fd
 705 02f2 01       		.uleb128 0x1
 706 02f3 01       		.uleb128 0x1
 707 02f4 50       		.byte	0x50
 708 02f5 01       		.uleb128 0x1
 709 02f6 37       		.byte	0x37
 710 02f7 01       		.uleb128 0x1
 711 02f8 01       		.uleb128 0x1
 712 02f9 51       		.byte	0x51
 713 02fa 01       		.uleb128 0x1
 714 02fb 30       		.byte	0x30
 715 02fc 00       		.byte	0
 716 02fd 02       		.uleb128 0x2
 717 02fe A0000000 		.4byte	.LVL18
 718 0302 24010000 		.4byte	0x124
 719 0306 15030000 		.4byte	0x315
 720 030a 01       		.uleb128 0x1
 721 030b 01       		.uleb128 0x1
 722 030c 50       		.byte	0x50
 723 030d 01       		.uleb128 0x1
 724 030e 39       		.byte	0x39
 725 030f 01       		.uleb128 0x1
 726 0310 01       		.uleb128 0x1
 727 0311 51       		.byte	0x51
 728 0312 01       		.uleb128 0x1
 729 0313 30       		.byte	0x30
 730 0314 00       		.byte	0
 731 0315 02       		.uleb128 0x2
 732 0316 A8000000 		.4byte	.LVL19
 733 031a 24010000 		.4byte	0x124
 734 031e 2D030000 		.4byte	0x32d
 735 0322 01       		.uleb128 0x1
 736 0323 01       		.uleb128 0x1
 737 0324 50       		.byte	0x50
 738 0325 01       		.uleb128 0x1
 739 0326 38       		.byte	0x38
 740 0327 01       		.uleb128 0x1
 741 0328 01       		.uleb128 0x1
 742 0329 51       		.byte	0x51
 743 032a 01       		.uleb128 0x1
 744 032b 30       		.byte	0x30
 745 032c 00       		.byte	0
 746 032d 02       		.uleb128 0x2
 747 032e B0000000 		.4byte	.LVL20
 748 0332 24010000 		.4byte	0x124
 749 0336 45030000 		.4byte	0x345
 750 033a 01       		.uleb128 0x1
 751 033b 01       		.uleb128 0x1
 752 033c 50       		.byte	0x50
 753 033d 01       		.uleb128 0x1
 754 033e 38       		.byte	0x38
 755 033f 01       		.uleb128 0x1
 756 0340 01       		.uleb128 0x1
 757 0341 51       		.byte	0x51
 758 0342 01       		.uleb128 0x1
 759 0343 30       		.byte	0x30
 760 0344 00       		.byte	0
 761 0345 02       		.uleb128 0x2
 762 0346 B8000000 		.4byte	.LVL21
 763 034a 24010000 		.4byte	0x124
 764 034e 5D030000 		.4byte	0x35d
 765 0352 01       		.uleb128 0x1
 766 0353 01       		.uleb128 0x1
 767 0354 50       		.byte	0x50
 768 0355 01       		.uleb128 0x1
 769 0356 37       		.byte	0x37
 770 0357 01       		.uleb128 0x1
 771 0358 01       		.uleb128 0x1
 772 0359 51       		.byte	0x51
 773 035a 01       		.uleb128 0x1
 774 035b 32       		.byte	0x32
 775 035c 00       		.byte	0
 776 035d 02       		.uleb128 0x2
 777 035e C0000000 		.4byte	.LVL22
 778 0362 24010000 		.4byte	0x124
 779 0366 75030000 		.4byte	0x375
 780 036a 01       		.uleb128 0x1
 781 036b 01       		.uleb128 0x1
 782 036c 50       		.byte	0x50
 783 036d 01       		.uleb128 0x1
 784 036e 38       		.byte	0x38
 785 036f 01       		.uleb128 0x1
 786 0370 01       		.uleb128 0x1
 787 0371 51       		.byte	0x51
 788 0372 01       		.uleb128 0x1
 789 0373 30       		.byte	0x30
 790 0374 00       		.byte	0
 791 0375 02       		.uleb128 0x2
 792 0376 C8000000 		.4byte	.LVL23
 793 037a 24010000 		.4byte	0x124
 794 037e 8D030000 		.4byte	0x38d
 795 0382 01       		.uleb128 0x1
 796 0383 01       		.uleb128 0x1
 797 0384 50       		.byte	0x50
 798 0385 01       		.uleb128 0x1
 799 0386 38       		.byte	0x38
 800 0387 01       		.uleb128 0x1
 801 0388 01       		.uleb128 0x1
 802 0389 51       		.byte	0x51
 803 038a 01       		.uleb128 0x1
 804 038b 30       		.byte	0x30
 805 038c 00       		.byte	0
 806 038d 02       		.uleb128 0x2
 807 038e D0000000 		.4byte	.LVL24
 808 0392 24010000 		.4byte	0x124
 809 0396 A5030000 		.4byte	0x3a5
 810 039a 01       		.uleb128 0x1
 811 039b 01       		.uleb128 0x1
 812 039c 50       		.byte	0x50
 813 039d 01       		.uleb128 0x1
 814 039e 38       		.byte	0x38
 815 039f 01       		.uleb128 0x1
 816 03a0 01       		.uleb128 0x1
 817 03a1 51       		.byte	0x51
 818 03a2 01       		.uleb128 0x1
 819 03a3 30       		.byte	0x30
 820 03a4 00       		.byte	0
 821 03a5 02       		.uleb128 0x2
 822 03a6 D8000000 		.4byte	.LVL25
 823 03aa 24010000 		.4byte	0x124
 824 03ae BD030000 		.4byte	0x3bd
 825 03b2 01       		.uleb128 0x1
 826 03b3 01       		.uleb128 0x1
 827 03b4 50       		.byte	0x50
 828 03b5 01       		.uleb128 0x1
 829 03b6 38       		.byte	0x38
 830 03b7 01       		.uleb128 0x1
 831 03b8 01       		.uleb128 0x1
 832 03b9 51       		.byte	0x51
 833 03ba 01       		.uleb128 0x1
 834 03bb 30       		.byte	0x30
 835 03bc 00       		.byte	0
 836 03bd 02       		.uleb128 0x2
 837 03be E0000000 		.4byte	.LVL26
 838 03c2 24010000 		.4byte	0x124
 839 03c6 D5030000 		.4byte	0x3d5
 840 03ca 01       		.uleb128 0x1
 841 03cb 01       		.uleb128 0x1
 842 03cc 50       		.byte	0x50
 843 03cd 01       		.uleb128 0x1
 844 03ce 35       		.byte	0x35
 845 03cf 01       		.uleb128 0x1
 846 03d0 01       		.uleb128 0x1
 847 03d1 51       		.byte	0x51
 848 03d2 01       		.uleb128 0x1
 849 03d3 31       		.byte	0x31
 850 03d4 00       		.byte	0
 851 03d5 02       		.uleb128 0x2
 852 03d6 E8000000 		.4byte	.LVL27
 853 03da 24010000 		.4byte	0x124
 854 03de ED030000 		.4byte	0x3ed
 855 03e2 01       		.uleb128 0x1
 856 03e3 01       		.uleb128 0x1
 857 03e4 50       		.byte	0x50
 858 03e5 01       		.uleb128 0x1
 859 03e6 35       		.byte	0x35
 860 03e7 01       		.uleb128 0x1
 861 03e8 01       		.uleb128 0x1
 862 03e9 51       		.byte	0x51
 863 03ea 01       		.uleb128 0x1
 864 03eb 31       		.byte	0x31
 865 03ec 00       		.byte	0
 866 03ed 02       		.uleb128 0x2
 867 03ee F0000000 		.4byte	.LVL28
 868 03f2 24010000 		.4byte	0x124
 869 03f6 05040000 		.4byte	0x405
 870 03fa 01       		.uleb128 0x1
 871 03fb 01       		.uleb128 0x1
 872 03fc 50       		.byte	0x50
 873 03fd 01       		.uleb128 0x1
 874 03fe 38       		.byte	0x38
 875 03ff 01       		.uleb128 0x1
 876 0400 01       		.uleb128 0x1
 877 0401 51       		.byte	0x51
 878 0402 01       		.uleb128 0x1
 879 0403 30       		.byte	0x30
 880 0404 00       		.byte	0
 881 0405 02       		.uleb128 0x2
 882 0406 F8000000 		.4byte	.LVL29
 883 040a 24010000 		.4byte	0x124
 884 040e 1D040000 		.4byte	0x41d
 885 0412 01       		.uleb128 0x1
 886 0413 01       		.uleb128 0x1
 887 0414 50       		.byte	0x50
 888 0415 01       		.uleb128 0x1
 889 0416 37       		.byte	0x37
 890 0417 01       		.uleb128 0x1
 891 0418 01       		.uleb128 0x1
 892 0419 51       		.byte	0x51
 893 041a 01       		.uleb128 0x1
 894 041b 30       		.byte	0x30
 895 041c 00       		.byte	0
 896 041d 02       		.uleb128 0x2
 897 041e 00010000 		.4byte	.LVL30
 898 0422 24010000 		.4byte	0x124
 899 0426 35040000 		.4byte	0x435
 900 042a 01       		.uleb128 0x1
 901 042b 01       		.uleb128 0x1
 902 042c 50       		.byte	0x50
 903 042d 01       		.uleb128 0x1
 904 042e 36       		.byte	0x36
 905 042f 01       		.uleb128 0x1
 906 0430 01       		.uleb128 0x1
 907 0431 51       		.byte	0x51
 908 0432 01       		.uleb128 0x1
 909 0433 30       		.byte	0x30
 910 0434 00       		.byte	0
 911 0435 02       		.uleb128 0x2
 912 0436 08010000 		.4byte	.LVL31
 913 043a 24010000 		.4byte	0x124
 914 043e 4D040000 		.4byte	0x44d
 915 0442 01       		.uleb128 0x1
 916 0443 01       		.uleb128 0x1
 917 0444 50       		.byte	0x50
 918 0445 01       		.uleb128 0x1
 919 0446 35       		.byte	0x35
 920 0447 01       		.uleb128 0x1
 921 0448 01       		.uleb128 0x1
 922 0449 51       		.byte	0x51
 923 044a 01       		.uleb128 0x1
 924 044b 30       		.byte	0x30
 925 044c 00       		.byte	0
 926 044d 02       		.uleb128 0x2
 927 044e 10010000 		.4byte	.LVL32
 928 0452 24010000 		.4byte	0x124
 929 0456 65040000 		.4byte	0x465
 930 045a 01       		.uleb128 0x1
 931 045b 01       		.uleb128 0x1
 932 045c 50       		.byte	0x50
 933 045d 01       		.uleb128 0x1
 934 045e 34       		.byte	0x34
 935 045f 01       		.uleb128 0x1
 936 0460 01       		.uleb128 0x1
 937 0461 51       		.byte	0x51
 938 0462 01       		.uleb128 0x1
 939 0463 32       		.byte	0x32
 940 0464 00       		.byte	0
 941 0465 02       		.uleb128 0x2
 942 0466 18010000 		.4byte	.LVL33
 943 046a 24010000 		.4byte	0x124
 944 046e 7D040000 		.4byte	0x47d
 945 0472 01       		.uleb128 0x1
 946 0473 01       		.uleb128 0x1
 947 0474 50       		.byte	0x50
 948 0475 01       		.uleb128 0x1
 949 0476 37       		.byte	0x37
 950 0477 01       		.uleb128 0x1
 951 0478 01       		.uleb128 0x1
 952 0479 51       		.byte	0x51
 953 047a 01       		.uleb128 0x1
 954 047b 30       		.byte	0x30
 955 047c 00       		.byte	0
 956 047d 02       		.uleb128 0x2
 957 047e 20010000 		.4byte	.LVL34
 958 0482 24010000 		.4byte	0x124
 959 0486 95040000 		.4byte	0x495
 960 048a 01       		.uleb128 0x1
 961 048b 01       		.uleb128 0x1
 962 048c 50       		.byte	0x50
 963 048d 01       		.uleb128 0x1
 964 048e 37       		.byte	0x37
 965 048f 01       		.uleb128 0x1
 966 0490 01       		.uleb128 0x1
 967 0491 51       		.byte	0x51
 968 0492 01       		.uleb128 0x1
 969 0493 30       		.byte	0x30
 970 0494 00       		.byte	0
 971 0495 02       		.uleb128 0x2
 972 0496 28010000 		.4byte	.LVL35
 973 049a 24010000 		.4byte	0x124
 974 049e AD040000 		.4byte	0x4ad
 975 04a2 01       		.uleb128 0x1
 976 04a3 01       		.uleb128 0x1
 977 04a4 50       		.byte	0x50
 978 04a5 01       		.uleb128 0x1
 979 04a6 37       		.byte	0x37
 980 04a7 01       		.uleb128 0x1
 981 04a8 01       		.uleb128 0x1
 982 04a9 51       		.byte	0x51
 983 04aa 01       		.uleb128 0x1
 984 04ab 30       		.byte	0x30
 985 04ac 00       		.byte	0
 986 04ad 02       		.uleb128 0x2
 987 04ae 30010000 		.4byte	.LVL36
 988 04b2 24010000 		.4byte	0x124
 989 04b6 C5040000 		.4byte	0x4c5
 990 04ba 01       		.uleb128 0x1
 991 04bb 01       		.uleb128 0x1
 992 04bc 50       		.byte	0x50
 993 04bd 01       		.uleb128 0x1
 994 04be 38       		.byte	0x38
 995 04bf 01       		.uleb128 0x1
 996 04c0 01       		.uleb128 0x1
 997 04c1 51       		.byte	0x51
 998 04c2 01       		.uleb128 0x1
 999 04c3 30       		.byte	0x30
 1000 04c4 00       		.byte	0
 1001 04c5 02       		.uleb128 0x2
 1002 04c6 38010000 		.4byte	.LVL37
 1003 04ca 24010000 		.4byte	0x124
 1004 04ce DD040000 		.4byte	0x4dd
 1005 04d2 01       		.uleb128 0x1
 1006 04d3 01       		.uleb128 0x1
 1007 04d4 50       		.byte	0x50
 1008 04d5 01       		.uleb128 0x1
 1009 04d6 39       		.byte	0x39
 1010 04d7 01       		.uleb128 0x1
 1011 04d8 01       		.uleb128 0x1
 1012 04d9 51       		.byte	0x51
 1013 04da 01       		.uleb128 0x1
 1014 04db 31       		.byte	0x31
 1015 04dc 00       		.byte	0
 1016 04dd 02       		.uleb128 0x2
 1017 04de 40010000 		.4byte	.LVL38
 1018 04e2 24010000 		.4byte	0x124
 1019 04e6 F5040000 		.4byte	0x4f5
 1020 04ea 01       		.uleb128 0x1
 1021 04eb 01       		.uleb128 0x1
 1022 04ec 50       		.byte	0x50
 1023 04ed 01       		.uleb128 0x1
 1024 04ee 38       		.byte	0x38
 1025 04ef 01       		.uleb128 0x1
 1026 04f0 01       		.uleb128 0x1
 1027 04f1 51       		.byte	0x51
 1028 04f2 01       		.uleb128 0x1
 1029 04f3 31       		.byte	0x31
 1030 04f4 00       		.byte	0
 1031 04f5 02       		.uleb128 0x2
 1032 04f6 48010000 		.4byte	.LVL39
 1033 04fa 24010000 		.4byte	0x124
 1034 04fe 0D050000 		.4byte	0x50d
 1035 0502 01       		.uleb128 0x1
 1036 0503 01       		.uleb128 0x1
 1037 0504 50       		.byte	0x50
 1038 0505 01       		.uleb128 0x1
 1039 0506 37       		.byte	0x37
 1040 0507 01       		.uleb128 0x1
 1041 0508 01       		.uleb128 0x1
 1042 0509 51       		.byte	0x51
 1043 050a 01       		.uleb128 0x1
 1044 050b 30       		.byte	0x30
 1045 050c 00       		.byte	0
 1046 050d 02       		.uleb128 0x2
 1047 050e 50010000 		.4byte	.LVL40
 1048 0512 24010000 		.4byte	0x124
 1049 0516 25050000 		.4byte	0x525
 1050 051a 01       		.uleb128 0x1
 1051 051b 01       		.uleb128 0x1
 1052 051c 50       		.byte	0x50
 1053 051d 01       		.uleb128 0x1
 1054 051e 39       		.byte	0x39
 1055 051f 01       		.uleb128 0x1
 1056 0520 01       		.uleb128 0x1
 1057 0521 51       		.byte	0x51
 1058 0522 01       		.uleb128 0x1
 1059 0523 30       		.byte	0x30
 1060 0524 00       		.byte	0
 1061 0525 02       		.uleb128 0x2
 1062 0526 58010000 		.4byte	.LVL41
 1063 052a 24010000 		.4byte	0x124
 1064 052e 3D050000 		.4byte	0x53d
 1065 0532 01       		.uleb128 0x1
 1066 0533 01       		.uleb128 0x1
 1067 0534 50       		.byte	0x50
 1068 0535 01       		.uleb128 0x1
 1069 0536 38       		.byte	0x38
 1070 0537 01       		.uleb128 0x1
 1071 0538 01       		.uleb128 0x1
 1072 0539 51       		.byte	0x51
 1073 053a 01       		.uleb128 0x1
 1074 053b 30       		.byte	0x30
 1075 053c 00       		.byte	0
 1076 053d 02       		.uleb128 0x2
 1077 053e 60010000 		.4byte	.LVL42
 1078 0542 24010000 		.4byte	0x124
 1079 0546 55050000 		.4byte	0x555
 1080 054a 01       		.uleb128 0x1
 1081 054b 01       		.uleb128 0x1
 1082 054c 50       		.byte	0x50
 1083 054d 01       		.uleb128 0x1
 1084 054e 38       		.byte	0x38
 1085 054f 01       		.uleb128 0x1
 1086 0550 01       		.uleb128 0x1
 1087 0551 51       		.byte	0x51
 1088 0552 01       		.uleb128 0x1
 1089 0553 30       		.byte	0x30
 1090 0554 00       		.byte	0
 1091 0555 0E       		.uleb128 0xe
 1092 0556 6C010000 		.4byte	.LVL43
 1093 055a 24010000 		.4byte	0x124
 1094 055e 01       		.uleb128 0x1
 1095 055f 01       		.uleb128 0x1
 1096 0560 50       		.byte	0x50
 1097 0561 01       		.uleb128 0x1
 1098 0562 37       		.byte	0x37
 1099 0563 01       		.uleb128 0x1
 1100 0564 01       		.uleb128 0x1
 1101 0565 51       		.byte	0x51
 1102 0566 01       		.uleb128 0x1
 1103 0567 32       		.byte	0x32
 1104 0568 00       		.byte	0
 1105 0569 00       		.byte	0
 1106 056a 00       		.byte	0
 1107              		.section	.debug_abbrev,"",%progbits
 1108              	.Ldebug_abbrev0:
 1109 0000 01       		.uleb128 0x1
 1110 0001 49       		.uleb128 0x49
 1111 0002 00       		.byte	0
 1112 0003 02       		.uleb128 0x2
 1113 0004 18       		.uleb128 0x18
 1114 0005 7E       		.uleb128 0x7e
 1115 0006 18       		.uleb128 0x18
 1116 0007 00       		.byte	0
 1117 0008 00       		.byte	0
 1118 0009 02       		.uleb128 0x2
 1119 000a 48       		.uleb128 0x48
 1120 000b 01       		.byte	0x1
 1121 000c 7D       		.uleb128 0x7d
 1122 000d 01       		.uleb128 0x1
 1123 000e 7F       		.uleb128 0x7f
 1124 000f 13       		.uleb128 0x13
 1125 0010 01       		.uleb128 0x1
 1126 0011 13       		.uleb128 0x13
 1127 0012 00       		.byte	0
 1128 0013 00       		.byte	0
 1129 0014 03       		.uleb128 0x3
 1130 0015 28       		.uleb128 0x28
 1131 0016 00       		.byte	0
 1132 0017 03       		.uleb128 0x3
 1133 0018 08       		.uleb128 0x8
 1134 0019 1C       		.uleb128 0x1c
 1135 001a 0B       		.uleb128 0xb
 1136 001b 00       		.byte	0
 1137 001c 00       		.byte	0
 1138 001d 04       		.uleb128 0x4
 1139 001e 24       		.uleb128 0x24
 1140 001f 00       		.byte	0
 1141 0020 0B       		.uleb128 0xb
 1142 0021 0B       		.uleb128 0xb
 1143 0022 3E       		.uleb128 0x3e
 1144 0023 0B       		.uleb128 0xb
 1145 0024 03       		.uleb128 0x3
 1146 0025 0E       		.uleb128 0xe
 1147 0026 00       		.byte	0
 1148 0027 00       		.byte	0
 1149 0028 05       		.uleb128 0x5
 1150 0029 28       		.uleb128 0x28
 1151 002a 00       		.byte	0
 1152 002b 03       		.uleb128 0x3
 1153 002c 0E       		.uleb128 0xe
 1154 002d 1C       		.uleb128 0x1c
 1155 002e 0B       		.uleb128 0xb
 1156 002f 00       		.byte	0
 1157 0030 00       		.byte	0
 1158 0031 06       		.uleb128 0x6
 1159 0032 16       		.uleb128 0x16
 1160 0033 00       		.byte	0
 1161 0034 03       		.uleb128 0x3
 1162 0035 0E       		.uleb128 0xe
 1163 0036 3A       		.uleb128 0x3a
 1164 0037 0B       		.uleb128 0xb
 1165 0038 3B       		.uleb128 0x3b
 1166 0039 0B       		.uleb128 0xb
 1167 003a 39       		.uleb128 0x39
 1168 003b 0B       		.uleb128 0xb
 1169 003c 49       		.uleb128 0x49
 1170 003d 13       		.uleb128 0x13
 1171 003e 00       		.byte	0
 1172 003f 00       		.byte	0
 1173 0040 07       		.uleb128 0x7
 1174 0041 04       		.uleb128 0x4
 1175 0042 01       		.byte	0x1
 1176 0043 3E       		.uleb128 0x3e
 1177 0044 21       		.uleb128 0x21
 1178 0045 07       		.sleb128 7
 1179 0046 0B       		.uleb128 0xb
 1180 0047 21       		.uleb128 0x21
 1181 0048 01       		.sleb128 1
 1182 0049 49       		.uleb128 0x49
 1183 004a 13       		.uleb128 0x13
 1184 004b 3A       		.uleb128 0x3a
 1185 004c 21       		.uleb128 0x21
 1186 004d 04       		.sleb128 4
 1187 004e 3B       		.uleb128 0x3b
 1188 004f 0B       		.uleb128 0xb
 1189 0050 39       		.uleb128 0x39
 1190 0051 21       		.uleb128 0x21
 1191 0052 0D       		.sleb128 13
 1192 0053 01       		.uleb128 0x1
 1193 0054 13       		.uleb128 0x13
 1194 0055 00       		.byte	0
 1195 0056 00       		.byte	0
 1196 0057 08       		.uleb128 0x8
 1197 0058 05       		.uleb128 0x5
 1198 0059 00       		.byte	0
 1199 005a 49       		.uleb128 0x49
 1200 005b 13       		.uleb128 0x13
 1201 005c 00       		.byte	0
 1202 005d 00       		.byte	0
 1203 005e 09       		.uleb128 0x9
 1204 005f 11       		.uleb128 0x11
 1205 0060 01       		.byte	0x1
 1206 0061 25       		.uleb128 0x25
 1207 0062 0E       		.uleb128 0xe
 1208 0063 13       		.uleb128 0x13
 1209 0064 0B       		.uleb128 0xb
 1210 0065 03       		.uleb128 0x3
 1211 0066 0E       		.uleb128 0xe
 1212 0067 1B       		.uleb128 0x1b
 1213 0068 0E       		.uleb128 0xe
 1214 0069 11       		.uleb128 0x11
 1215 006a 01       		.uleb128 0x1
 1216 006b 12       		.uleb128 0x12
 1217 006c 06       		.uleb128 0x6
 1218 006d 10       		.uleb128 0x10
 1219 006e 17       		.uleb128 0x17
 1220 006f 00       		.byte	0
 1221 0070 00       		.byte	0
 1222 0071 0A       		.uleb128 0xa
 1223 0072 24       		.uleb128 0x24
 1224 0073 00       		.byte	0
 1225 0074 0B       		.uleb128 0xb
 1226 0075 0B       		.uleb128 0xb
 1227 0076 3E       		.uleb128 0x3e
 1228 0077 0B       		.uleb128 0xb
 1229 0078 03       		.uleb128 0x3
 1230 0079 08       		.uleb128 0x8
 1231 007a 00       		.byte	0
 1232 007b 00       		.byte	0
 1233 007c 0B       		.uleb128 0xb
 1234 007d 34       		.uleb128 0x34
 1235 007e 00       		.byte	0
 1236 007f 03       		.uleb128 0x3
 1237 0080 0E       		.uleb128 0xe
 1238 0081 3A       		.uleb128 0x3a
 1239 0082 0B       		.uleb128 0xb
 1240 0083 3B       		.uleb128 0x3b
 1241 0084 0B       		.uleb128 0xb
 1242 0085 39       		.uleb128 0x39
 1243 0086 0B       		.uleb128 0xb
 1244 0087 49       		.uleb128 0x49
 1245 0088 13       		.uleb128 0x13
 1246 0089 3F       		.uleb128 0x3f
 1247 008a 19       		.uleb128 0x19
 1248 008b 3C       		.uleb128 0x3c
 1249 008c 19       		.uleb128 0x19
 1250 008d 00       		.byte	0
 1251 008e 00       		.byte	0
 1252 008f 0C       		.uleb128 0xc
 1253 0090 2E       		.uleb128 0x2e
 1254 0091 01       		.byte	0x1
 1255 0092 3F       		.uleb128 0x3f
 1256 0093 19       		.uleb128 0x19
 1257 0094 03       		.uleb128 0x3
 1258 0095 0E       		.uleb128 0xe
 1259 0096 3A       		.uleb128 0x3a
 1260 0097 0B       		.uleb128 0xb
 1261 0098 3B       		.uleb128 0x3b
 1262 0099 0B       		.uleb128 0xb
 1263 009a 39       		.uleb128 0x39
 1264 009b 0B       		.uleb128 0xb
 1265 009c 27       		.uleb128 0x27
 1266 009d 19       		.uleb128 0x19
 1267 009e 3C       		.uleb128 0x3c
 1268 009f 19       		.uleb128 0x19
 1269 00a0 01       		.uleb128 0x1
 1270 00a1 13       		.uleb128 0x13
 1271 00a2 00       		.byte	0
 1272 00a3 00       		.byte	0
 1273 00a4 0D       		.uleb128 0xd
 1274 00a5 2E       		.uleb128 0x2e
 1275 00a6 01       		.byte	0x1
 1276 00a7 3F       		.uleb128 0x3f
 1277 00a8 19       		.uleb128 0x19
 1278 00a9 03       		.uleb128 0x3
 1279 00aa 0E       		.uleb128 0xe
 1280 00ab 3A       		.uleb128 0x3a
 1281 00ac 0B       		.uleb128 0xb
 1282 00ad 3B       		.uleb128 0x3b
 1283 00ae 0B       		.uleb128 0xb
 1284 00af 39       		.uleb128 0x39
 1285 00b0 0B       		.uleb128 0xb
 1286 00b1 11       		.uleb128 0x11
 1287 00b2 01       		.uleb128 0x1
 1288 00b3 12       		.uleb128 0x12
 1289 00b4 06       		.uleb128 0x6
 1290 00b5 40       		.uleb128 0x40
 1291 00b6 18       		.uleb128 0x18
 1292 00b7 7A       		.uleb128 0x7a
 1293 00b8 19       		.uleb128 0x19
 1294 00b9 00       		.byte	0
 1295 00ba 00       		.byte	0
 1296 00bb 0E       		.uleb128 0xe
 1297 00bc 48       		.uleb128 0x48
 1298 00bd 01       		.byte	0x1
 1299 00be 7D       		.uleb128 0x7d
 1300 00bf 01       		.uleb128 0x1
 1301 00c0 8201     		.uleb128 0x82
 1302 00c2 19       		.uleb128 0x19
 1303 00c3 7F       		.uleb128 0x7f
 1304 00c4 13       		.uleb128 0x13
 1305 00c5 00       		.byte	0
 1306 00c6 00       		.byte	0
 1307 00c7 00       		.byte	0
 1308              		.section	.debug_aranges,"",%progbits
 1309 0000 1C000000 		.4byte	0x1c
 1310 0004 0200     		.2byte	0x2
 1311 0006 00000000 		.4byte	.Ldebug_info0
 1312 000a 04       		.byte	0x4
 1313 000b 00       		.byte	0
 1314 000c 0000     		.2byte	0
 1315 000e 0000     		.2byte	0
 1316 0010 00000000 		.4byte	.Ltext0
 1317 0014 70010000 		.4byte	.Letext0-.Ltext0
 1318 0018 00000000 		.4byte	0
 1319 001c 00000000 		.4byte	0
 1320              		.section	.debug_line,"",%progbits
 1321              	.Ldebug_line0:
 1322 0000 FD010000 		.section	.debug_str,"MS",%progbits,1
 1322      0300A201 
 1322      00000201 
 1322      FB0E0D00 
 1322      01010101 
 1323              	.LASF22:
 1324 0000 706C6179 		.ascii	"play_note\000"
 1324      5F6E6F74 
 1324      6500
 1325              	.LASF19:
 1326 000a 7372632F 		.ascii	"src/sys/musique.c\000"
 1326      7379732F 
 1326      6D757369 
 1326      7175652E 
 1326      6300
 1327              	.LASF23:
 1328 001c 61755F63 		.ascii	"au_clair_de_la_lune\000"
 1328      6C616972 
 1328      5F64655F 
 1328      6C615F6C 
 1328      756E6500 
 1329              	.LASF21:
 1330 0030 74656D70 		.ascii	"tempo\000"
 1330      6F00
 1331              	.LASF20:
 1332 0036 2F686F6D 		.ascii	"/home/luis/Desktop/Polytech/IESE3/Microcontroleur/P"
 1332      652F6C75 
 1332      69732F44 
 1332      65736B74 
 1332      6F702F50 
 1333 0069 726F6A65 		.ascii	"roject_boite_musique/c_project/\000"
 1333      63745F62 
 1333      6F697465 
 1333      5F6D7573 
 1333      69717565 
 1334              	.LASF15:
 1335 0089 4E4F4952 		.ascii	"NOIRE\000"
 1335      4500
 1336              	.LASF1:
 1337 008f 756E7369 		.ascii	"unsigned char\000"
 1337      676E6564 
 1337      20636861 
 1337      7200
 1338              	.LASF5:
 1339 009d 6C6F6E67 		.ascii	"long unsigned int\000"
 1339      20756E73 
 1339      69676E65 
 1339      6420696E 
 1339      7400
 1340              	.LASF3:
 1341 00af 73686F72 		.ascii	"short unsigned int\000"
 1341      7420756E 
 1341      7369676E 
 1341      65642069 
 1341      6E7400
 1342              	.LASF16:
 1343 00c2 424C414E 		.ascii	"BLANCHE\000"
 1343      43484500 
 1344              	.LASF9:
 1345 00ca 5F5F7569 		.ascii	"__uint32_t\000"
 1345      6E743332 
 1345      5F7400
 1346              	.LASF8:
 1347 00d5 756E7369 		.ascii	"unsigned int\000"
 1347      676E6564 
 1347      20696E74 
 1347      00
 1348              	.LASF7:
 1349 00e2 6C6F6E67 		.ascii	"long long unsigned int\000"
 1349      206C6F6E 
 1349      6720756E 
 1349      7369676E 
 1349      65642069 
 1350              	.LASF18:
 1351 00f9 474E5520 		.ascii	"GNU C99 13.3.1 20240614 -mtune=cortex-m4 -mthumb -m"
 1351      43393920 
 1351      31332E33 
 1351      2E312032 
 1351      30323430 
 1352 012c 666C6F61 		.ascii	"float-abi=hard -mfpu=fpv4-sp-d16 -march=armv7e-m+fp"
 1352      742D6162 
 1352      693D6861 
 1352      7264202D 
 1352      6D667075 
 1353 015f 202D6720 		.ascii	" -g -O0 -Os -std=gnu99 -fsingle-precision-constant\000"
 1353      2D4F3020 
 1353      2D4F7320 
 1353      2D737464 
 1353      3D676E75 
 1354              	.LASF6:
 1355 0192 6C6F6E67 		.ascii	"long long int\000"
 1355      206C6F6E 
 1355      6720696E 
 1355      7400
 1356              	.LASF17:
 1357 01a0 64757265 		.ascii	"duree\000"
 1357      6500
 1358              	.LASF2:
 1359 01a6 73686F72 		.ascii	"short int\000"
 1359      7420696E 
 1359      7400
 1360              	.LASF13:
 1361 01b0 6E6F7465 		.ascii	"notes\000"
 1361      7300
 1362              	.LASF10:
 1363 01b6 75696E74 		.ascii	"uint32_t\000"
 1363      33325F74 
 1363      00
 1364              	.LASF4:
 1365 01bf 6C6F6E67 		.ascii	"long int\000"
 1365      20696E74 
 1365      00
 1366              	.LASF14:
 1367 01c8 43524F43 		.ascii	"CROCHE\000"
 1367      484500
 1368              	.LASF0:
 1369 01cf 7369676E 		.ascii	"signed char\000"
 1369      65642063 
 1369      68617200 
 1370              	.LASF11:
 1371 01db 534F4C33 		.ascii	"SOL3\000"
 1371      00
 1372              	.LASF12:
 1373 01e0 534F4C34 		.ascii	"SOL4\000"
 1373      00
 1374              		.ident	"GCC: (GNU Tools for STM32 13.3.rel1.20250523-0900) 13.3.1 20240614"
DEFINED SYMBOLS
                            *ABS*:00000000 musique.c
     /tmp/ccIM8STq.s:19     .text:00000000 $t
     /tmp/ccIM8STq.s:25     .text:00000000 au_clair_de_la_lune
     /tmp/ccIM8STq.s:272    .text:0000016c $d

UNDEFINED SYMBOLS
play_note
tempo
