   1              		.arch armv7e-m
   2              		.fpu fpv4-sp-d16
   3              		.eabi_attribute 27, 1
   4              		.eabi_attribute 28, 1
   5              		.eabi_attribute 20, 1
   6              		.eabi_attribute 21, 1
   7              		.eabi_attribute 23, 3
   8              		.eabi_attribute 24, 1
   9              		.eabi_attribute 25, 1
  10              		.eabi_attribute 26, 1
  11              		.eabi_attribute 30, 4
  12              		.eabi_attribute 34, 1
  13              		.eabi_attribute 18, 4
  14              		.file	"notes.c"
  15              		.text
  16              	.Ltext0:
  17              		.cfi_sections	.debug_frame
  18              		.file 1 "src/sys/notes.c"
  19              		.align	1
  20              		.global	delay
  21              		.syntax unified
  22              		.thumb
  23              		.thumb_func
  24              		.type	delay, %function
  25              	delay:
  26              	.LVL0:
  27              	.LFB397:
   1:src/sys/notes.c **** #include "devices.h"
   2:src/sys/notes.c **** #include "init.h"
   3:src/sys/notes.c **** #include "clock.h"
   4:src/sys/notes.c **** #include "notes.h"
   5:src/sys/notes.c **** #include "time.h"
   6:src/sys/notes.c **** #include "cm4.h"
   7:src/sys/notes.c **** #include "devices.h"
   8:src/sys/notes.c **** #include "init.h"
   9:src/sys/notes.c **** #include "clock.h"
  10:src/sys/notes.c **** #include<stdint.h>
  11:src/sys/notes.c **** 
  12:src/sys/notes.c **** /**
  13:src/sys/notes.c ****  * @brief Function que fait une pause
  14:src/sys/notes.c ****  * 
  15:src/sys/notes.c ****  * @param time milisecondes a faire la pause
  16:src/sys/notes.c ****  */
  17:src/sys/notes.c **** /* extern void delay(uint32_t time)
  18:src/sys/notes.c **** {
  19:src/sys/notes.c ****     for (int i = 0; i < time; i++)
  20:src/sys/notes.c ****     {
  21:src/sys/notes.c ****         while (cpt >0)
  22:src/sys/notes.c ****         {
  23:src/sys/notes.c ****             cpt--;
  24:src/sys/notes.c ****         }
  25:src/sys/notes.c ****         cpt = 2666666;
  26:src/sys/notes.c ****     }
  27:src/sys/notes.c ****     
  28:src/sys/notes.c **** } */
  29:src/sys/notes.c **** 
  30:src/sys/notes.c **** uint32_t tempo = 60;        // Declaration de la variable global tempo
  31:src/sys/notes.c **** 
  32:src/sys/notes.c **** static const uint32_t notes_arr[] =
  33:src/sys/notes.c **** {
  34:src/sys/notes.c ****     /*====== 3 octave ===== */
  35:src/sys/notes.c ****     1376055,    // DO3
  36:src/sys/notes.c ****     1225822,    // RE3
  37:src/sys/notes.c ****     1091684,    // MI3
  38:src/sys/notes.c ****     1030864,    // FA3
  39:src/sys/notes.c ****     918366,     // SOL3
  40:src/sys/notes.c ****     818180,     // LA3
  41:src/sys/notes.c ****     728919,     // SI3
  42:src/sys/notes.c **** 
  43:src/sys/notes.c ****     /*===== 4 octave ======*/
  44:src/sys/notes.c ****     687993,     // DO4
  45:src/sys/notes.c ****     612952,     // RE4
  46:src/sys/notes.c ****     546065,     // MI4
  47:src/sys/notes.c ****     512418,     // FA4
  48:src/sys/notes.c ****     459182,     // SOL4
  49:src/sys/notes.c ****     409089,     // LA4
  50:src/sys/notes.c ****     364460,     // SI4
  51:src/sys/notes.c **** 
  52:src/sys/notes.c ****     /*===== 5 octave ======*/
  53:src/sys/notes.c ****     343996,     // DO5
  54:src/sys/notes.c ****     306476,     // RE5
  55:src/sys/notes.c ****     273032,     // MI5
  56:src/sys/notes.c ****     256209,     // FA5
  57:src/sys/notes.c ****     229591,     // SOL5
  58:src/sys/notes.c ****     204545,     // LA5
  59:src/sys/notes.c ****     182230      // SI5
  60:src/sys/notes.c **** };
  61:src/sys/notes.c **** 
  62:src/sys/notes.c **** extern void delay(uint32_t ms)
  63:src/sys/notes.c **** {
  28              		.loc 1 63 1 view -0
  29              		.cfi_startproc
  30              		@ args = 0, pretend = 0, frame = 8
  31              		@ frame_needed = 0, uses_anonymous_args = 0
  32              		@ link register save eliminated.
  64:src/sys/notes.c ****     volatile uint32_t cpt;
  33              		.loc 1 64 5 view .LVU1
  65:src/sys/notes.c ****     while (ms--)
  34              		.loc 1 65 5 view .LVU2
  63:src/sys/notes.c ****     volatile uint32_t cpt;
  35              		.loc 1 63 1 is_stmt 0 view .LVU3
  36 0000 82B0     		sub	sp, sp, #8
  37              		.cfi_def_cfa_offset 8
  38              	.LBB2:
  66:src/sys/notes.c ****     {
  67:src/sys/notes.c ****         for (volatile uint32_t  t = 0; t < 18000; t++)
  39              		.loc 1 67 33 view .LVU4
  40 0002 0022     		movs	r2, #0
  41              		.loc 1 67 42 discriminator 1 view .LVU5
  42 0004 44F24F61 		movw	r1, #17999
  43              	.LVL1:
  44              	.L2:
  45              		.loc 1 67 42 discriminator 1 view .LVU6
  46              	.LBE2:
  65:src/sys/notes.c ****     {
  47              		.loc 1 65 12 is_stmt 1 view .LVU7
  48 0008 0138     		subs	r0, r0, #1
  49              	.LVL2:
  65:src/sys/notes.c ****     {
  50              		.loc 1 65 12 is_stmt 0 view .LVU8
  51 000a 01D2     		bcs	.L5
  68:src/sys/notes.c ****         {
  69:src/sys/notes.c ****             cpt = 0;
  70:src/sys/notes.c ****         }
  71:src/sys/notes.c ****     }
  72:src/sys/notes.c ****     
  73:src/sys/notes.c **** }
  52              		.loc 1 73 1 view .LVU9
  53 000c 02B0     		add	sp, sp, #8
  54              		.cfi_remember_state
  55              		.cfi_def_cfa_offset 0
  56              		@ sp needed
  57 000e 7047     		bx	lr
  58              	.L5:
  59              		.cfi_restore_state
  67:src/sys/notes.c ****         {
  60              		.loc 1 67 9 is_stmt 1 view .LVU10
  61              	.LBB3:
  67:src/sys/notes.c ****         {
  62              		.loc 1 67 14 view .LVU11
  67:src/sys/notes.c ****         {
  63              		.loc 1 67 33 is_stmt 0 view .LVU12
  64 0010 0192     		str	r2, [sp, #4]
  65              	.L3:
  67:src/sys/notes.c ****         {
  66              		.loc 1 67 42 is_stmt 1 discriminator 1 view .LVU13
  67 0012 019B     		ldr	r3, [sp, #4]
  68 0014 8B42     		cmp	r3, r1
  69 0016 F7D8     		bhi	.L2
  69:src/sys/notes.c ****         }
  70              		.loc 1 69 13 view .LVU14
  69:src/sys/notes.c ****         }
  71              		.loc 1 69 17 is_stmt 0 view .LVU15
  72 0018 0092     		str	r2, [sp]
  67:src/sys/notes.c ****         {
  73              		.loc 1 67 52 is_stmt 1 discriminator 3 view .LVU16
  74 001a 019B     		ldr	r3, [sp, #4]
  75 001c 0133     		adds	r3, r3, #1
  76 001e 0193     		str	r3, [sp, #4]
  77 0020 F7E7     		b	.L3
  78              	.LBE3:
  79              		.cfi_endproc
  80              	.LFE397:
  81              		.size	delay, .-delay
  82              		.align	1
  83              		.global	delay_par_duree
  84              		.syntax unified
  85              		.thumb
  86              		.thumb_func
  87              		.type	delay_par_duree, %function
  88              	delay_par_duree:
  89              	.LVL3:
  90              	.LFB398:
  74:src/sys/notes.c **** 
  75:src/sys/notes.c **** extern void delay_par_duree(duree Duree)
  76:src/sys/notes.c **** {
  91              		.loc 1 76 1 view -0
  92              		.cfi_startproc
  93              		@ args = 0, pretend = 0, frame = 0
  94              		@ frame_needed = 0, uses_anonymous_args = 0
  95              		@ link register save eliminated.
  77:src/sys/notes.c ****     // Erreur faut mettre (30 * 1000 ) / tempo
  78:src/sys/notes.c ****     uint32_t duree_noire = 60000/tempo;
  96              		.loc 1 78 5 view .LVU18
  97              		.loc 1 78 14 is_stmt 0 view .LVU19
  98 0022 094B     		ldr	r3, .L11
  76:src/sys/notes.c ****     // Erreur faut mettre (30 * 1000 ) / tempo
  99              		.loc 1 76 1 view .LVU20
 100 0024 0246     		mov	r2, r0
  79:src/sys/notes.c ****     switch (Duree)
 101              		.loc 1 79 5 view .LVU21
 102 0026 012A     		cmp	r2, #1
  78:src/sys/notes.c ****     switch (Duree)
 103              		.loc 1 78 14 view .LVU22
 104 0028 1868     		ldr	r0, [r3]
 105              	.LVL4:
  78:src/sys/notes.c ****     switch (Duree)
 106              		.loc 1 78 14 view .LVU23
 107 002a 4EF66023 		movw	r3, #60000
 108 002e B3FBF0F0 		udiv	r0, r3, r0
 109              	.LVL5:
 110              		.loc 1 79 5 is_stmt 1 view .LVU24
 111 0032 03D0     		beq	.L10
 112 0034 022A     		cmp	r2, #2
 113 0036 03D0     		beq	.L8
 114 0038 22B9     		cbnz	r2, .L6
  80:src/sys/notes.c ****     {
  81:src/sys/notes.c ****     case CROCHE:
  82:src/sys/notes.c **** 
  83:src/sys/notes.c ****         delay(duree_noire / 2);
 115              		.loc 1 83 9 view .LVU25
 116 003a 4008     		lsrs	r0, r0, #1
 117              	.LVL6:
 118              	.L10:
  84:src/sys/notes.c ****         break;
  85:src/sys/notes.c ****     case NOIRE:
  86:src/sys/notes.c ****         delay(duree_noire);
  87:src/sys/notes.c ****         break;
  88:src/sys/notes.c ****     case BLANCHE:
  89:src/sys/notes.c ****         delay(2 * duree_noire);
 119              		.loc 1 89 9 is_stmt 0 view .LVU26
 120 003c FFF7FEBF 		b	delay
 121              	.LVL7:
 122              	.L8:
 123              		.loc 1 89 9 is_stmt 1 view .LVU27
 124 0040 4000     		lsls	r0, r0, #1
 125              	.LVL8:
 126              		.loc 1 89 9 is_stmt 0 view .LVU28
 127 0042 FBE7     		b	.L10
 128              	.LVL9:
 129              	.L6:
  90:src/sys/notes.c ****         break;
  91:src/sys/notes.c ****     default:
  92:src/sys/notes.c ****         break;
  93:src/sys/notes.c ****     }
  94:src/sys/notes.c **** }
 130              		.loc 1 94 1 view .LVU29
 131 0044 7047     		bx	lr
 132              	.L12:
 133 0046 00BF     		.align	2
 134              	.L11:
 135 0048 00000000 		.word	.LANCHOR0
 136              		.cfi_endproc
 137              	.LFE398:
 138              		.size	delay_par_duree, .-delay_par_duree
 139              		.align	1
 140              		.global	eteindre_son
 141              		.syntax unified
 142              		.thumb
 143              		.thumb_func
 144              		.type	eteindre_son, %function
 145              	eteindre_son:
 146              	.LFB399:
  95:src/sys/notes.c **** 
  96:src/sys/notes.c **** void eteindre_son()
  97:src/sys/notes.c **** {
 147              		.loc 1 97 1 is_stmt 1 view -0
 148              		.cfi_startproc
 149              		@ args = 0, pretend = 0, frame = 0
 150              		@ frame_needed = 0, uses_anonymous_args = 0
 151              		@ link register save eliminated.
  98:src/sys/notes.c ****     // On éteint le son
  99:src/sys/notes.c ****     TIM2.CCR2 = 0;
 152              		.loc 1 99 5 view .LVU31
 153              		.loc 1 99 15 is_stmt 0 view .LVU32
 154 004c 034B     		ldr	r3, .L14
 155 004e 0022     		movs	r2, #0
 156 0050 9A63     		str	r2, [r3, #56]
 100:src/sys/notes.c ****     TIM2.EGR |= 1;
 157              		.loc 1 100 5 is_stmt 1 view .LVU33
 158              		.loc 1 100 9 is_stmt 0 view .LVU34
 159 0052 5A69     		ldr	r2, [r3, #20]
 160              		.loc 1 100 14 view .LVU35
 161 0054 42F00102 		orr	r2, r2, #1
 162 0058 5A61     		str	r2, [r3, #20]
 101:src/sys/notes.c **** }
 163              		.loc 1 101 1 view .LVU36
 164 005a 7047     		bx	lr
 165              	.L15:
 166              		.align	2
 167              	.L14:
 168 005c 00000000 		.word	TIM2
 169              		.cfi_endproc
 170              	.LFE399:
 171              		.size	eteindre_son, .-eteindre_son
 172              		.align	1
 173              		.global	play_note
 174              		.syntax unified
 175              		.thumb
 176              		.thumb_func
 177              		.type	play_note, %function
 178              	play_note:
 179              	.LVL10:
 180              	.LFB400:
 102:src/sys/notes.c **** 
 103:src/sys/notes.c **** extern void play_note(notes Note, duree Duree)
 104:src/sys/notes.c **** {
 181              		.loc 1 104 1 is_stmt 1 view -0
 182              		.cfi_startproc
 183              		@ args = 0, pretend = 0, frame = 0
 184              		@ frame_needed = 0, uses_anonymous_args = 0
 105:src/sys/notes.c ****     TIM2.CNT = 0;
 185              		.loc 1 105 5 view .LVU38
 104:src/sys/notes.c ****     TIM2.CNT = 0;
 186              		.loc 1 104 1 is_stmt 0 view .LVU39
 187 0060 08B5     		push	{r3, lr}
 188              		.cfi_def_cfa_offset 8
 189              		.cfi_offset 3, -8
 190              		.cfi_offset 14, -4
 191              		.loc 1 105 14 view .LVU40
 192 0062 0E4B     		ldr	r3, .L17
 193 0064 0022     		movs	r2, #0
 194 0066 5A62     		str	r2, [r3, #36]
 106:src/sys/notes.c ****     TIM2.ARR = notes_arr[Note];
 195              		.loc 1 106 5 is_stmt 1 view .LVU41
 196              		.loc 1 106 25 is_stmt 0 view .LVU42
 197 0068 0D4A     		ldr	r2, .L17+4
 198 006a 52F82020 		ldr	r2, [r2, r0, lsl #2]
 199              		.loc 1 106 14 view .LVU43
 200 006e DA62     		str	r2, [r3, #44]
 107:src/sys/notes.c ****     TIM2.CCR2 = TIM2.ARR / 2;
 201              		.loc 1 107 5 is_stmt 1 view .LVU44
 202              		.loc 1 107 21 is_stmt 0 view .LVU45
 203 0070 DA6A     		ldr	r2, [r3, #44]
 204              		.loc 1 107 26 view .LVU46
 205 0072 5208     		lsrs	r2, r2, #1
 206              		.loc 1 107 15 view .LVU47
 207 0074 9A63     		str	r2, [r3, #56]
 108:src/sys/notes.c ****     TIM2.EGR |= 1;   // Mise à jour immediat
 208              		.loc 1 108 5 is_stmt 1 view .LVU48
 209              		.loc 1 108 9 is_stmt 0 view .LVU49
 210 0076 5A69     		ldr	r2, [r3, #20]
 211              		.loc 1 108 14 view .LVU50
 212 0078 42F00102 		orr	r2, r2, #1
 213 007c 5A61     		str	r2, [r3, #20]
 109:src/sys/notes.c ****                      // Les valeurs tampons sont mis dans les vrais variables
 110:src/sys/notes.c ****                      // TIM2.ARR n'est pas la vrai valeur
 111:src/sys/notes.c ****     TIM2.CR1 |= 1;  // CEN
 214              		.loc 1 111 5 is_stmt 1 view .LVU51
 215              		.loc 1 111 9 is_stmt 0 view .LVU52
 216 007e 1A68     		ldr	r2, [r3]
 112:src/sys/notes.c ****     delay_par_duree(Duree);
 217              		.loc 1 112 5 view .LVU53
 218 0080 0846     		mov	r0, r1
 219              	.LVL11:
 111:src/sys/notes.c ****     delay_par_duree(Duree);
 220              		.loc 1 111 14 view .LVU54
 221 0082 42F00102 		orr	r2, r2, #1
 222 0086 1A60     		str	r2, [r3]
 223              		.loc 1 112 5 is_stmt 1 view .LVU55
 224 0088 FFF7FEFF 		bl	delay_par_duree
 225              	.LVL12:
 113:src/sys/notes.c ****     eteindre_son();
 226              		.loc 1 113 5 view .LVU56
 227 008c FFF7FEFF 		bl	eteindre_son
 228              	.LVL13:
 114:src/sys/notes.c ****     delay(10);
 229              		.loc 1 114 5 view .LVU57
 230 0090 0A20     		movs	r0, #10
 115:src/sys/notes.c ****     
 116:src/sys/notes.c **** }
 231              		.loc 1 116 1 is_stmt 0 view .LVU58
 232 0092 BDE80840 		pop	{r3, lr}
 233              		.cfi_restore 14
 234              		.cfi_restore 3
 235              		.cfi_def_cfa_offset 0
 114:src/sys/notes.c ****     delay(10);
 236              		.loc 1 114 5 view .LVU59
 237 0096 FFF7FEBF 		b	delay
 238              	.LVL14:
 239              	.L18:
 240 009a 00BF     		.align	2
 241              	.L17:
 242 009c 00000000 		.word	TIM2
 243 00a0 00000000 		.word	.LANCHOR1
 244              		.cfi_endproc
 245              	.LFE400:
 246              		.size	play_note, .-play_note
 247              		.global	tempo
 248              		.section	.rodata
 249              		.align	2
 250              		.set	.LANCHOR1,. + 0
 251              		.type	notes_arr, %object
 252              		.size	notes_arr, 84
 253              	notes_arr:
 254 0000 37FF1400 		.word	1376055
 255 0004 5EB41200 		.word	1225822
 256 0008 64A81000 		.word	1091684
 257 000c D0BA0F00 		.word	1030864
 258 0010 5E030E00 		.word	918366
 259 0014 047C0C00 		.word	818180
 260 0018 571F0B00 		.word	728919
 261 001c 797F0A00 		.word	687993
 262 0020 585A0900 		.word	612952
 263 0024 11550800 		.word	546065
 264 0028 A2D10700 		.word	512418
 265 002c AE010700 		.word	459182
 266 0030 013E0600 		.word	409089
 267 0034 AC8F0500 		.word	364460
 268 0038 BC3F0500 		.word	343996
 269 003c 2CAD0400 		.word	306476
 270 0040 882A0400 		.word	273032
 271 0044 D1E80300 		.word	256209
 272 0048 D7800300 		.word	229591
 273 004c 011F0300 		.word	204545
 274 0050 D6C70200 		.word	182230
 275              		.data
 276              		.align	2
 277              		.set	.LANCHOR0,. + 0
 278              		.type	tempo, %object
 279              		.size	tempo, 4
 280              	tempo:
 281 0000 3C000000 		.word	60
 282              		.text
 283              	.Letext0:
 284              		.file 2 "/opt/st/stm32cubeide_2.0.0/plugins/com.st.stm32cube.ide.mcu.externaltools.gnu-tools-for-s
 285              		.file 3 "/opt/st/stm32cubeide_2.0.0/plugins/com.st.stm32cube.ide.mcu.externaltools.gnu-tools-for-s
 286              		.file 4 "src/sys/devices.h"
 287              		.file 5 "src/sys/notes.h"
 288              		.section	.debug_info,"",%progbits
 289              	.Ldebug_info0:
 290 0000 B7030000 		.4byte	0x3b7
 291 0004 0500     		.2byte	0x5
 292 0006 01       		.byte	0x1
 293 0007 04       		.byte	0x4
 294 0008 00000000 		.4byte	.Ldebug_abbrev0
 295 000c 0E       		.uleb128 0xe
 296 000d 73010000 		.4byte	.LASF39
 297 0011 0C       		.byte	0xc
 298 0012 5A020000 		.4byte	.LASF40
 299 0016 00000000 		.4byte	.LASF41
 300 001a 00000000 		.4byte	.Ltext0
 301 001e A4000000 		.4byte	.Letext0-.Ltext0
 302 0022 00000000 		.4byte	.Ldebug_line0
 303 0026 03       		.uleb128 0x3
 304 0027 08       		.byte	0x8
 305 0028 07       		.byte	0x7
 306 0029 C9000000 		.4byte	.LASF0
 307 002d 03       		.uleb128 0x3
 308 002e 04       		.byte	0x4
 309 002f 07       		.byte	0x7
 310 0030 55010000 		.4byte	.LASF1
 311 0034 03       		.uleb128 0x3
 312 0035 01       		.byte	0x1
 313 0036 08       		.byte	0x8
 314 0037 23010000 		.4byte	.LASF2
 315 003b 03       		.uleb128 0x3
 316 003c 01       		.byte	0x1
 317 003d 06       		.byte	0x6
 318 003e 31010000 		.4byte	.LASF3
 319 0042 03       		.uleb128 0x3
 320 0043 02       		.byte	0x2
 321 0044 05       		.byte	0x5
 322 0045 7B000000 		.4byte	.LASF4
 323 0049 03       		.uleb128 0x3
 324 004a 02       		.byte	0x2
 325 004b 07       		.byte	0x7
 326 004c 0C020000 		.4byte	.LASF5
 327 0050 03       		.uleb128 0x3
 328 0051 04       		.byte	0x4
 329 0052 05       		.byte	0x5
 330 0053 24020000 		.4byte	.LASF6
 331 0057 06       		.uleb128 0x6
 332 0058 9A000000 		.4byte	.LASF9
 333 005c 02       		.byte	0x2
 334 005d 4F       		.byte	0x4f
 335 005e 19       		.byte	0x19
 336 005f 63000000 		.4byte	0x63
 337 0063 03       		.uleb128 0x3
 338 0064 04       		.byte	0x4
 339 0065 07       		.byte	0x7
 340 0066 37020000 		.4byte	.LASF7
 341 006a 03       		.uleb128 0x3
 342 006b 08       		.byte	0x8
 343 006c 05       		.byte	0x5
 344 006d BB000000 		.4byte	.LASF8
 345 0071 0F       		.uleb128 0xf
 346 0072 04       		.byte	0x4
 347 0073 05       		.byte	0x5
 348 0074 696E7400 		.ascii	"int\000"
 349 0078 06       		.uleb128 0x6
 350 0079 4C010000 		.4byte	.LASF10
 351 007d 03       		.byte	0x3
 352 007e 30       		.byte	0x30
 353 007f 14       		.byte	0x14
 354 0080 57000000 		.4byte	0x57
 355 0084 08       		.uleb128 0x8
 356 0085 78000000 		.4byte	0x78
 357 0089 09       		.uleb128 0x9
 358 008a 78000000 		.4byte	0x78
 359 008e 10       		.uleb128 0x10
 360 008f 85000000 		.4byte	.LASF42
 361 0093 54       		.byte	0x54
 362 0094 04       		.byte	0x4
 363 0095 3C01     		.2byte	0x13c
 364 0097 08       		.byte	0x8
 365 0098 97010000 		.4byte	0x197
 366 009c 04       		.uleb128 0x4
 367 009d 43523100 		.ascii	"CR1\000"
 368 00a1 3D01     		.2byte	0x13d
 369 00a3 78000000 		.4byte	0x78
 370 00a7 00       		.byte	0
 371 00a8 04       		.uleb128 0x4
 372 00a9 43523200 		.ascii	"CR2\000"
 373 00ad 3E01     		.2byte	0x13e
 374 00af 78000000 		.4byte	0x78
 375 00b3 04       		.byte	0x4
 376 00b4 02       		.uleb128 0x2
 377 00b5 1E010000 		.4byte	.LASF11
 378 00b9 3F01     		.2byte	0x13f
 379 00bb 78000000 		.4byte	0x78
 380 00bf 08       		.byte	0x8
 381 00c0 02       		.uleb128 0x2
 382 00c1 68010000 		.4byte	.LASF12
 383 00c5 4001     		.2byte	0x140
 384 00c7 78000000 		.4byte	0x78
 385 00cb 0C       		.byte	0xc
 386 00cc 04       		.uleb128 0x4
 387 00cd 535200   		.ascii	"SR\000"
 388 00d0 4101     		.2byte	0x141
 389 00d2 78000000 		.4byte	0x78
 390 00d6 10       		.byte	0x10
 391 00d7 04       		.uleb128 0x4
 392 00d8 45475200 		.ascii	"EGR\000"
 393 00dc 4201     		.2byte	0x142
 394 00de 78000000 		.4byte	0x78
 395 00e2 14       		.byte	0x14
 396 00e3 02       		.uleb128 0x2
 397 00e4 6F000000 		.4byte	.LASF13
 398 00e8 4301     		.2byte	0x143
 399 00ea 78000000 		.4byte	0x78
 400 00ee 18       		.byte	0x18
 401 00ef 02       		.uleb128 0x2
 402 00f0 75000000 		.4byte	.LASF14
 403 00f4 4401     		.2byte	0x144
 404 00f6 78000000 		.4byte	0x78
 405 00fa 1C       		.byte	0x1c
 406 00fb 02       		.uleb128 0x2
 407 00fc 53000000 		.4byte	.LASF15
 408 0100 4501     		.2byte	0x145
 409 0102 78000000 		.4byte	0x78
 410 0106 20       		.byte	0x20
 411 0107 04       		.uleb128 0x4
 412 0108 434E5400 		.ascii	"CNT\000"
 413 010c 4601     		.2byte	0x146
 414 010e 78000000 		.4byte	0x78
 415 0112 24       		.byte	0x24
 416 0113 04       		.uleb128 0x4
 417 0114 50534300 		.ascii	"PSC\000"
 418 0118 4701     		.2byte	0x147
 419 011a 78000000 		.4byte	0x78
 420 011e 28       		.byte	0x28
 421 011f 04       		.uleb128 0x4
 422 0120 41525200 		.ascii	"ARR\000"
 423 0124 4801     		.2byte	0x148
 424 0126 78000000 		.4byte	0x78
 425 012a 2C       		.byte	0x2c
 426 012b 04       		.uleb128 0x4
 427 012c 52435200 		.ascii	"RCR\000"
 428 0130 4901     		.2byte	0x149
 429 0132 78000000 		.4byte	0x78
 430 0136 30       		.byte	0x30
 431 0137 02       		.uleb128 0x2
 432 0138 E0000000 		.4byte	.LASF16
 433 013c 4A01     		.2byte	0x14a
 434 013e 78000000 		.4byte	0x78
 435 0142 34       		.byte	0x34
 436 0143 02       		.uleb128 0x2
 437 0144 E5000000 		.4byte	.LASF17
 438 0148 4B01     		.2byte	0x14b
 439 014a 78000000 		.4byte	0x78
 440 014e 38       		.byte	0x38
 441 014f 02       		.uleb128 0x2
 442 0150 EA000000 		.4byte	.LASF18
 443 0154 4C01     		.2byte	0x14c
 444 0156 78000000 		.4byte	0x78
 445 015a 3C       		.byte	0x3c
 446 015b 02       		.uleb128 0x2
 447 015c EF000000 		.4byte	.LASF19
 448 0160 4D01     		.2byte	0x14d
 449 0162 78000000 		.4byte	0x78
 450 0166 40       		.byte	0x40
 451 0167 02       		.uleb128 0x2
 452 0168 2D020000 		.4byte	.LASF20
 453 016c 4E01     		.2byte	0x14e
 454 016e 78000000 		.4byte	0x78
 455 0172 44       		.byte	0x44
 456 0173 04       		.uleb128 0x4
 457 0174 44435200 		.ascii	"DCR\000"
 458 0178 4F01     		.2byte	0x14f
 459 017a 78000000 		.4byte	0x78
 460 017e 48       		.byte	0x48
 461 017f 02       		.uleb128 0x2
 462 0180 60000000 		.4byte	.LASF21
 463 0184 5001     		.2byte	0x150
 464 0186 78000000 		.4byte	0x78
 465 018a 4C       		.byte	0x4c
 466 018b 04       		.uleb128 0x4
 467 018c 4F5200   		.ascii	"OR\000"
 468 018f 5101     		.2byte	0x151
 469 0191 78000000 		.4byte	0x78
 470 0195 50       		.byte	0x50
 471 0196 00       		.byte	0
 472 0197 09       		.uleb128 0x9
 473 0198 8E000000 		.4byte	0x8e
 474 019c 11       		.uleb128 0x11
 475 019d 32020000 		.4byte	.LASF30
 476 01a1 04       		.byte	0x4
 477 01a2 7702     		.2byte	0x277
 478 01a4 27       		.byte	0x27
 479 01a5 97010000 		.4byte	0x197
 480 01a9 0A       		.uleb128 0xa
 481 01aa 34000000 		.4byte	0x34
 482 01ae 07       		.byte	0x7
 483 01af 32020000 		.4byte	0x232
 484 01b3 01       		.uleb128 0x1
 485 01b4 444F3300 		.ascii	"DO3\000"
 486 01b8 00       		.byte	0
 487 01b9 01       		.uleb128 0x1
 488 01ba 52453300 		.ascii	"RE3\000"
 489 01be 01       		.byte	0x1
 490 01bf 01       		.uleb128 0x1
 491 01c0 4D493300 		.ascii	"MI3\000"
 492 01c4 02       		.byte	0x2
 493 01c5 01       		.uleb128 0x1
 494 01c6 46413300 		.ascii	"FA3\000"
 495 01ca 03       		.byte	0x3
 496 01cb 05       		.uleb128 0x5
 497 01cc 3D010000 		.4byte	.LASF22
 498 01d0 04       		.byte	0x4
 499 01d1 01       		.uleb128 0x1
 500 01d2 4C413300 		.ascii	"LA3\000"
 501 01d6 05       		.byte	0x5
 502 01d7 01       		.uleb128 0x1
 503 01d8 53493300 		.ascii	"SI3\000"
 504 01dc 06       		.byte	0x6
 505 01dd 01       		.uleb128 0x1
 506 01de 444F3400 		.ascii	"DO4\000"
 507 01e2 07       		.byte	0x7
 508 01e3 01       		.uleb128 0x1
 509 01e4 52453400 		.ascii	"RE4\000"
 510 01e8 08       		.byte	0x8
 511 01e9 01       		.uleb128 0x1
 512 01ea 4D493400 		.ascii	"MI4\000"
 513 01ee 09       		.byte	0x9
 514 01ef 01       		.uleb128 0x1
 515 01f0 46413400 		.ascii	"FA4\000"
 516 01f4 0A       		.byte	0xa
 517 01f5 05       		.uleb128 0x5
 518 01f6 42010000 		.4byte	.LASF23
 519 01fa 0B       		.byte	0xb
 520 01fb 01       		.uleb128 0x1
 521 01fc 4C413400 		.ascii	"LA4\000"
 522 0200 0C       		.byte	0xc
 523 0201 01       		.uleb128 0x1
 524 0202 53493400 		.ascii	"SI4\000"
 525 0206 0D       		.byte	0xd
 526 0207 01       		.uleb128 0x1
 527 0208 444F3500 		.ascii	"DO5\000"
 528 020c 0E       		.byte	0xe
 529 020d 01       		.uleb128 0x1
 530 020e 52453500 		.ascii	"RE5\000"
 531 0212 0F       		.byte	0xf
 532 0213 01       		.uleb128 0x1
 533 0214 4D493500 		.ascii	"MI5\000"
 534 0218 10       		.byte	0x10
 535 0219 01       		.uleb128 0x1
 536 021a 46413500 		.ascii	"FA5\000"
 537 021e 11       		.byte	0x11
 538 021f 05       		.uleb128 0x5
 539 0220 47010000 		.4byte	.LASF24
 540 0224 12       		.byte	0x12
 541 0225 01       		.uleb128 0x1
 542 0226 4C413500 		.ascii	"LA5\000"
 543 022a 13       		.byte	0x13
 544 022b 01       		.uleb128 0x1
 545 022c 53493500 		.ascii	"SI5\000"
 546 0230 14       		.byte	0x14
 547 0231 00       		.byte	0
 548 0232 06       		.uleb128 0x6
 549 0233 F4000000 		.4byte	.LASF25
 550 0237 05       		.byte	0x5
 551 0238 22       		.byte	0x22
 552 0239 02       		.byte	0x2
 553 023a A9010000 		.4byte	0x1a9
 554 023e 0A       		.uleb128 0xa
 555 023f 34000000 		.4byte	0x34
 556 0243 25       		.byte	0x25
 557 0244 5B020000 		.4byte	0x25b
 558 0248 05       		.uleb128 0x5
 559 0249 49020000 		.4byte	.LASF26
 560 024d 00       		.byte	0
 561 024e 05       		.uleb128 0x5
 562 024f 62010000 		.4byte	.LASF27
 563 0253 01       		.byte	0x1
 564 0254 05       		.uleb128 0x5
 565 0255 58000000 		.4byte	.LASF28
 566 0259 02       		.byte	0x2
 567 025a 00       		.byte	0
 568 025b 06       		.uleb128 0x6
 569 025c 6D010000 		.4byte	.LASF29
 570 0260 05       		.byte	0x5
 571 0261 29       		.byte	0x29
 572 0262 02       		.byte	0x2
 573 0263 3E020000 		.4byte	0x23e
 574 0267 12       		.uleb128 0x12
 575 0268 94000000 		.4byte	.LASF31
 576 026c 05       		.byte	0x5
 577 026d 2C       		.byte	0x2c
 578 026e 11       		.byte	0x11
 579 026f 78000000 		.4byte	0x78
 580 0273 03       		.uleb128 0x3
 581 0274 01       		.byte	0x1
 582 0275 08       		.byte	0x8
 583 0276 1F020000 		.4byte	.LASF32
 584 027a 13       		.uleb128 0x13
 585 027b 67020000 		.4byte	0x267
 586 027f 01       		.byte	0x1
 587 0280 1E       		.byte	0x1e
 588 0281 0A       		.byte	0xa
 589 0282 05       		.uleb128 0x5
 590 0283 03       		.byte	0x3
 591 0284 00000000 		.4byte	tempo
 592 0288 14       		.uleb128 0x14
 593 0289 84000000 		.4byte	0x84
 594 028d 98020000 		.4byte	0x298
 595 0291 15       		.uleb128 0x15
 596 0292 2D000000 		.4byte	0x2d
 597 0296 14       		.byte	0x14
 598 0297 00       		.byte	0
 599 0298 08       		.uleb128 0x8
 600 0299 88020000 		.4byte	0x288
 601 029d 16       		.uleb128 0x16
 602 029e 65000000 		.4byte	.LASF38
 603 02a2 01       		.byte	0x1
 604 02a3 20       		.byte	0x20
 605 02a4 17       		.byte	0x17
 606 02a5 98020000 		.4byte	0x298
 607 02a9 05       		.uleb128 0x5
 608 02aa 03       		.byte	0x3
 609 02ab 00000000 		.4byte	notes_arr
 610 02af 0B       		.uleb128 0xb
 611 02b0 50020000 		.4byte	.LASF35
 612 02b4 67       		.byte	0x67
 613 02b5 60000000 		.4byte	.LFB400
 614 02b9 44000000 		.4byte	.LFE400-.LFB400
 615 02bd 01       		.uleb128 0x1
 616 02be 9C       		.byte	0x9c
 617 02bf 1D030000 		.4byte	0x31d
 618 02c3 07       		.uleb128 0x7
 619 02c4 00010000 		.4byte	.LASF33
 620 02c8 67       		.byte	0x67
 621 02c9 1D       		.byte	0x1d
 622 02ca 32020000 		.4byte	0x232
 623 02ce 10000000 		.4byte	.LLST4
 624 02d2 0C000000 		.4byte	.LVUS4
 625 02d6 07       		.uleb128 0x7
 626 02d7 FA000000 		.4byte	.LASF34
 627 02db 67       		.byte	0x67
 628 02dc 29       		.byte	0x29
 629 02dd 5B020000 		.4byte	0x25b
 630 02e1 2B000000 		.4byte	.LLST5
 631 02e5 27000000 		.4byte	.LVUS5
 632 02e9 17       		.uleb128 0x17
 633 02ea 8C000000 		.4byte	.LVL12
 634 02ee 2F030000 		.4byte	0x32f
 635 02f2 04030000 		.4byte	0x304
 636 02f6 0C       		.uleb128 0xc
 637 02f7 01       		.uleb128 0x1
 638 02f8 50       		.byte	0x50
 639 02f9 09       		.uleb128 0x9
 640 02fa A3       		.byte	0xa3
 641 02fb 03       		.uleb128 0x3
 642 02fc A5       		.byte	0xa5
 643 02fd 01       		.uleb128 0x1
 644 02fe 26       		.uleb128 0x26
 645 02ff A8       		.byte	0xa8
 646 0300 34       		.uleb128 0x34
 647 0301 A8       		.byte	0xa8
 648 0302 00       		.uleb128 0
 649 0303 00       		.byte	0
 650 0304 18       		.uleb128 0x18
 651 0305 90000000 		.4byte	.LVL13
 652 0309 1D030000 		.4byte	0x31d
 653 030d 19       		.uleb128 0x19
 654 030e 9A000000 		.4byte	.LVL14
 655 0312 74030000 		.4byte	0x374
 656 0316 0C       		.uleb128 0xc
 657 0317 01       		.uleb128 0x1
 658 0318 50       		.byte	0x50
 659 0319 01       		.uleb128 0x1
 660 031a 3A       		.byte	0x3a
 661 031b 00       		.byte	0
 662 031c 00       		.byte	0
 663 031d 1A       		.uleb128 0x1a
 664 031e 11010000 		.4byte	.LASF43
 665 0322 01       		.byte	0x1
 666 0323 60       		.byte	0x60
 667 0324 06       		.byte	0x6
 668 0325 4C000000 		.4byte	.LFB399
 669 0329 14000000 		.4byte	.LFE399-.LFB399
 670 032d 01       		.uleb128 0x1
 671 032e 9C       		.byte	0x9c
 672 032f 0B       		.uleb128 0xb
 673 0330 AB000000 		.4byte	.LASF36
 674 0334 4B       		.byte	0x4b
 675 0335 22000000 		.4byte	.LFB398
 676 0339 2A000000 		.4byte	.LFE398-.LFB398
 677 033d 01       		.uleb128 0x1
 678 033e 9C       		.byte	0x9c
 679 033f 74030000 		.4byte	0x374
 680 0343 07       		.uleb128 0x7
 681 0344 FA000000 		.4byte	.LASF34
 682 0348 4B       		.byte	0x4b
 683 0349 23       		.byte	0x23
 684 034a 5B020000 		.4byte	0x25b
 685 034e 48000000 		.4byte	.LLST2
 686 0352 42000000 		.4byte	.LVUS2
 687 0356 1B       		.uleb128 0x1b
 688 0357 05010000 		.4byte	.LASF37
 689 035b 01       		.byte	0x1
 690 035c 4E       		.byte	0x4e
 691 035d 0E       		.byte	0xe
 692 035e 78000000 		.4byte	0x78
 693 0362 6B000000 		.4byte	.LLST3
 694 0366 61000000 		.4byte	.LVUS3
 695 036a 1C       		.uleb128 0x1c
 696 036b 40000000 		.4byte	.LVL7
 697 036f 74030000 		.4byte	0x374
 698 0373 00       		.byte	0
 699 0374 1D       		.uleb128 0x1d
 700 0375 A5000000 		.4byte	.LASF44
 701 0379 01       		.byte	0x1
 702 037a 3E       		.byte	0x3e
 703 037b 0D       		.byte	0xd
 704 037c 00000000 		.4byte	.LFB397
 705 0380 22000000 		.4byte	.LFE397-.LFB397
 706 0384 01       		.uleb128 0x1
 707 0385 9C       		.byte	0x9c
 708 0386 1E       		.uleb128 0x1e
 709 0387 6D7300   		.ascii	"ms\000"
 710 038a 01       		.byte	0x1
 711 038b 3E       		.byte	0x3e
 712 038c 1C       		.byte	0x1c
 713 038d 78000000 		.4byte	0x78
 714 0391 A9000000 		.4byte	.LLST0
 715 0395 A3000000 		.4byte	.LVUS0
 716 0399 0D       		.uleb128 0xd
 717 039a 63707400 		.ascii	"cpt\000"
 718 039e 40       		.byte	0x40
 719 039f 17       		.byte	0x17
 720 03a0 89000000 		.4byte	0x89
 721 03a4 02       		.uleb128 0x2
 722 03a5 91       		.byte	0x91
 723 03a6 78       		.sleb128 -8
 724 03a7 1F       		.uleb128 0x1f
 725 03a8 0C000000 		.4byte	.LLRL1
 726 03ac 0D       		.uleb128 0xd
 727 03ad 7400     		.ascii	"t\000"
 728 03af 43       		.byte	0x43
 729 03b0 21       		.byte	0x21
 730 03b1 89000000 		.4byte	0x89
 731 03b5 02       		.uleb128 0x2
 732 03b6 91       		.byte	0x91
 733 03b7 7C       		.sleb128 -4
 734 03b8 00       		.byte	0
 735 03b9 00       		.byte	0
 736 03ba 00       		.byte	0
 737              		.section	.debug_abbrev,"",%progbits
 738              	.Ldebug_abbrev0:
 739 0000 01       		.uleb128 0x1
 740 0001 28       		.uleb128 0x28
 741 0002 00       		.byte	0
 742 0003 03       		.uleb128 0x3
 743 0004 08       		.uleb128 0x8
 744 0005 1C       		.uleb128 0x1c
 745 0006 0B       		.uleb128 0xb
 746 0007 00       		.byte	0
 747 0008 00       		.byte	0
 748 0009 02       		.uleb128 0x2
 749 000a 0D       		.uleb128 0xd
 750 000b 00       		.byte	0
 751 000c 03       		.uleb128 0x3
 752 000d 0E       		.uleb128 0xe
 753 000e 3A       		.uleb128 0x3a
 754 000f 21       		.uleb128 0x21
 755 0010 04       		.sleb128 4
 756 0011 3B       		.uleb128 0x3b
 757 0012 05       		.uleb128 0x5
 758 0013 39       		.uleb128 0x39
 759 0014 21       		.uleb128 0x21
 760 0015 0C       		.sleb128 12
 761 0016 49       		.uleb128 0x49
 762 0017 13       		.uleb128 0x13
 763 0018 38       		.uleb128 0x38
 764 0019 0B       		.uleb128 0xb
 765 001a 00       		.byte	0
 766 001b 00       		.byte	0
 767 001c 03       		.uleb128 0x3
 768 001d 24       		.uleb128 0x24
 769 001e 00       		.byte	0
 770 001f 0B       		.uleb128 0xb
 771 0020 0B       		.uleb128 0xb
 772 0021 3E       		.uleb128 0x3e
 773 0022 0B       		.uleb128 0xb
 774 0023 03       		.uleb128 0x3
 775 0024 0E       		.uleb128 0xe
 776 0025 00       		.byte	0
 777 0026 00       		.byte	0
 778 0027 04       		.uleb128 0x4
 779 0028 0D       		.uleb128 0xd
 780 0029 00       		.byte	0
 781 002a 03       		.uleb128 0x3
 782 002b 08       		.uleb128 0x8
 783 002c 3A       		.uleb128 0x3a
 784 002d 21       		.uleb128 0x21
 785 002e 04       		.sleb128 4
 786 002f 3B       		.uleb128 0x3b
 787 0030 05       		.uleb128 0x5
 788 0031 39       		.uleb128 0x39
 789 0032 21       		.uleb128 0x21
 790 0033 0C       		.sleb128 12
 791 0034 49       		.uleb128 0x49
 792 0035 13       		.uleb128 0x13
 793 0036 38       		.uleb128 0x38
 794 0037 0B       		.uleb128 0xb
 795 0038 00       		.byte	0
 796 0039 00       		.byte	0
 797 003a 05       		.uleb128 0x5
 798 003b 28       		.uleb128 0x28
 799 003c 00       		.byte	0
 800 003d 03       		.uleb128 0x3
 801 003e 0E       		.uleb128 0xe
 802 003f 1C       		.uleb128 0x1c
 803 0040 0B       		.uleb128 0xb
 804 0041 00       		.byte	0
 805 0042 00       		.byte	0
 806 0043 06       		.uleb128 0x6
 807 0044 16       		.uleb128 0x16
 808 0045 00       		.byte	0
 809 0046 03       		.uleb128 0x3
 810 0047 0E       		.uleb128 0xe
 811 0048 3A       		.uleb128 0x3a
 812 0049 0B       		.uleb128 0xb
 813 004a 3B       		.uleb128 0x3b
 814 004b 0B       		.uleb128 0xb
 815 004c 39       		.uleb128 0x39
 816 004d 0B       		.uleb128 0xb
 817 004e 49       		.uleb128 0x49
 818 004f 13       		.uleb128 0x13
 819 0050 00       		.byte	0
 820 0051 00       		.byte	0
 821 0052 07       		.uleb128 0x7
 822 0053 05       		.uleb128 0x5
 823 0054 00       		.byte	0
 824 0055 03       		.uleb128 0x3
 825 0056 0E       		.uleb128 0xe
 826 0057 3A       		.uleb128 0x3a
 827 0058 21       		.uleb128 0x21
 828 0059 01       		.sleb128 1
 829 005a 3B       		.uleb128 0x3b
 830 005b 0B       		.uleb128 0xb
 831 005c 39       		.uleb128 0x39
 832 005d 0B       		.uleb128 0xb
 833 005e 49       		.uleb128 0x49
 834 005f 13       		.uleb128 0x13
 835 0060 02       		.uleb128 0x2
 836 0061 17       		.uleb128 0x17
 837 0062 B742     		.uleb128 0x2137
 838 0064 17       		.uleb128 0x17
 839 0065 00       		.byte	0
 840 0066 00       		.byte	0
 841 0067 08       		.uleb128 0x8
 842 0068 26       		.uleb128 0x26
 843 0069 00       		.byte	0
 844 006a 49       		.uleb128 0x49
 845 006b 13       		.uleb128 0x13
 846 006c 00       		.byte	0
 847 006d 00       		.byte	0
 848 006e 09       		.uleb128 0x9
 849 006f 35       		.uleb128 0x35
 850 0070 00       		.byte	0
 851 0071 49       		.uleb128 0x49
 852 0072 13       		.uleb128 0x13
 853 0073 00       		.byte	0
 854 0074 00       		.byte	0
 855 0075 0A       		.uleb128 0xa
 856 0076 04       		.uleb128 0x4
 857 0077 01       		.byte	0x1
 858 0078 3E       		.uleb128 0x3e
 859 0079 21       		.uleb128 0x21
 860 007a 07       		.sleb128 7
 861 007b 0B       		.uleb128 0xb
 862 007c 21       		.uleb128 0x21
 863 007d 01       		.sleb128 1
 864 007e 49       		.uleb128 0x49
 865 007f 13       		.uleb128 0x13
 866 0080 3A       		.uleb128 0x3a
 867 0081 21       		.uleb128 0x21
 868 0082 05       		.sleb128 5
 869 0083 3B       		.uleb128 0x3b
 870 0084 0B       		.uleb128 0xb
 871 0085 39       		.uleb128 0x39
 872 0086 21       		.uleb128 0x21
 873 0087 0D       		.sleb128 13
 874 0088 01       		.uleb128 0x1
 875 0089 13       		.uleb128 0x13
 876 008a 00       		.byte	0
 877 008b 00       		.byte	0
 878 008c 0B       		.uleb128 0xb
 879 008d 2E       		.uleb128 0x2e
 880 008e 01       		.byte	0x1
 881 008f 3F       		.uleb128 0x3f
 882 0090 19       		.uleb128 0x19
 883 0091 03       		.uleb128 0x3
 884 0092 0E       		.uleb128 0xe
 885 0093 3A       		.uleb128 0x3a
 886 0094 21       		.uleb128 0x21
 887 0095 01       		.sleb128 1
 888 0096 3B       		.uleb128 0x3b
 889 0097 0B       		.uleb128 0xb
 890 0098 39       		.uleb128 0x39
 891 0099 21       		.uleb128 0x21
 892 009a 0D       		.sleb128 13
 893 009b 27       		.uleb128 0x27
 894 009c 19       		.uleb128 0x19
 895 009d 11       		.uleb128 0x11
 896 009e 01       		.uleb128 0x1
 897 009f 12       		.uleb128 0x12
 898 00a0 06       		.uleb128 0x6
 899 00a1 40       		.uleb128 0x40
 900 00a2 18       		.uleb128 0x18
 901 00a3 7A       		.uleb128 0x7a
 902 00a4 19       		.uleb128 0x19
 903 00a5 01       		.uleb128 0x1
 904 00a6 13       		.uleb128 0x13
 905 00a7 00       		.byte	0
 906 00a8 00       		.byte	0
 907 00a9 0C       		.uleb128 0xc
 908 00aa 49       		.uleb128 0x49
 909 00ab 00       		.byte	0
 910 00ac 02       		.uleb128 0x2
 911 00ad 18       		.uleb128 0x18
 912 00ae 7E       		.uleb128 0x7e
 913 00af 18       		.uleb128 0x18
 914 00b0 00       		.byte	0
 915 00b1 00       		.byte	0
 916 00b2 0D       		.uleb128 0xd
 917 00b3 34       		.uleb128 0x34
 918 00b4 00       		.byte	0
 919 00b5 03       		.uleb128 0x3
 920 00b6 08       		.uleb128 0x8
 921 00b7 3A       		.uleb128 0x3a
 922 00b8 21       		.uleb128 0x21
 923 00b9 01       		.sleb128 1
 924 00ba 3B       		.uleb128 0x3b
 925 00bb 0B       		.uleb128 0xb
 926 00bc 39       		.uleb128 0x39
 927 00bd 0B       		.uleb128 0xb
 928 00be 49       		.uleb128 0x49
 929 00bf 13       		.uleb128 0x13
 930 00c0 02       		.uleb128 0x2
 931 00c1 18       		.uleb128 0x18
 932 00c2 00       		.byte	0
 933 00c3 00       		.byte	0
 934 00c4 0E       		.uleb128 0xe
 935 00c5 11       		.uleb128 0x11
 936 00c6 01       		.byte	0x1
 937 00c7 25       		.uleb128 0x25
 938 00c8 0E       		.uleb128 0xe
 939 00c9 13       		.uleb128 0x13
 940 00ca 0B       		.uleb128 0xb
 941 00cb 03       		.uleb128 0x3
 942 00cc 0E       		.uleb128 0xe
 943 00cd 1B       		.uleb128 0x1b
 944 00ce 0E       		.uleb128 0xe
 945 00cf 11       		.uleb128 0x11
 946 00d0 01       		.uleb128 0x1
 947 00d1 12       		.uleb128 0x12
 948 00d2 06       		.uleb128 0x6
 949 00d3 10       		.uleb128 0x10
 950 00d4 17       		.uleb128 0x17
 951 00d5 00       		.byte	0
 952 00d6 00       		.byte	0
 953 00d7 0F       		.uleb128 0xf
 954 00d8 24       		.uleb128 0x24
 955 00d9 00       		.byte	0
 956 00da 0B       		.uleb128 0xb
 957 00db 0B       		.uleb128 0xb
 958 00dc 3E       		.uleb128 0x3e
 959 00dd 0B       		.uleb128 0xb
 960 00de 03       		.uleb128 0x3
 961 00df 08       		.uleb128 0x8
 962 00e0 00       		.byte	0
 963 00e1 00       		.byte	0
 964 00e2 10       		.uleb128 0x10
 965 00e3 13       		.uleb128 0x13
 966 00e4 01       		.byte	0x1
 967 00e5 03       		.uleb128 0x3
 968 00e6 0E       		.uleb128 0xe
 969 00e7 0B       		.uleb128 0xb
 970 00e8 0B       		.uleb128 0xb
 971 00e9 3A       		.uleb128 0x3a
 972 00ea 0B       		.uleb128 0xb
 973 00eb 3B       		.uleb128 0x3b
 974 00ec 05       		.uleb128 0x5
 975 00ed 39       		.uleb128 0x39
 976 00ee 0B       		.uleb128 0xb
 977 00ef 01       		.uleb128 0x1
 978 00f0 13       		.uleb128 0x13
 979 00f1 00       		.byte	0
 980 00f2 00       		.byte	0
 981 00f3 11       		.uleb128 0x11
 982 00f4 34       		.uleb128 0x34
 983 00f5 00       		.byte	0
 984 00f6 03       		.uleb128 0x3
 985 00f7 0E       		.uleb128 0xe
 986 00f8 3A       		.uleb128 0x3a
 987 00f9 0B       		.uleb128 0xb
 988 00fa 3B       		.uleb128 0x3b
 989 00fb 05       		.uleb128 0x5
 990 00fc 39       		.uleb128 0x39
 991 00fd 0B       		.uleb128 0xb
 992 00fe 49       		.uleb128 0x49
 993 00ff 13       		.uleb128 0x13
 994 0100 3F       		.uleb128 0x3f
 995 0101 19       		.uleb128 0x19
 996 0102 3C       		.uleb128 0x3c
 997 0103 19       		.uleb128 0x19
 998 0104 00       		.byte	0
 999 0105 00       		.byte	0
 1000 0106 12       		.uleb128 0x12
 1001 0107 34       		.uleb128 0x34
 1002 0108 00       		.byte	0
 1003 0109 03       		.uleb128 0x3
 1004 010a 0E       		.uleb128 0xe
 1005 010b 3A       		.uleb128 0x3a
 1006 010c 0B       		.uleb128 0xb
 1007 010d 3B       		.uleb128 0x3b
 1008 010e 0B       		.uleb128 0xb
 1009 010f 39       		.uleb128 0x39
 1010 0110 0B       		.uleb128 0xb
 1011 0111 49       		.uleb128 0x49
 1012 0112 13       		.uleb128 0x13
 1013 0113 3F       		.uleb128 0x3f
 1014 0114 19       		.uleb128 0x19
 1015 0115 3C       		.uleb128 0x3c
 1016 0116 19       		.uleb128 0x19
 1017 0117 00       		.byte	0
 1018 0118 00       		.byte	0
 1019 0119 13       		.uleb128 0x13
 1020 011a 34       		.uleb128 0x34
 1021 011b 00       		.byte	0
 1022 011c 47       		.uleb128 0x47
 1023 011d 13       		.uleb128 0x13
 1024 011e 3A       		.uleb128 0x3a
 1025 011f 0B       		.uleb128 0xb
 1026 0120 3B       		.uleb128 0x3b
 1027 0121 0B       		.uleb128 0xb
 1028 0122 39       		.uleb128 0x39
 1029 0123 0B       		.uleb128 0xb
 1030 0124 02       		.uleb128 0x2
 1031 0125 18       		.uleb128 0x18
 1032 0126 00       		.byte	0
 1033 0127 00       		.byte	0
 1034 0128 14       		.uleb128 0x14
 1035 0129 01       		.uleb128 0x1
 1036 012a 01       		.byte	0x1
 1037 012b 49       		.uleb128 0x49
 1038 012c 13       		.uleb128 0x13
 1039 012d 01       		.uleb128 0x1
 1040 012e 13       		.uleb128 0x13
 1041 012f 00       		.byte	0
 1042 0130 00       		.byte	0
 1043 0131 15       		.uleb128 0x15
 1044 0132 21       		.uleb128 0x21
 1045 0133 00       		.byte	0
 1046 0134 49       		.uleb128 0x49
 1047 0135 13       		.uleb128 0x13
 1048 0136 2F       		.uleb128 0x2f
 1049 0137 0B       		.uleb128 0xb
 1050 0138 00       		.byte	0
 1051 0139 00       		.byte	0
 1052 013a 16       		.uleb128 0x16
 1053 013b 34       		.uleb128 0x34
 1054 013c 00       		.byte	0
 1055 013d 03       		.uleb128 0x3
 1056 013e 0E       		.uleb128 0xe
 1057 013f 3A       		.uleb128 0x3a
 1058 0140 0B       		.uleb128 0xb
 1059 0141 3B       		.uleb128 0x3b
 1060 0142 0B       		.uleb128 0xb
 1061 0143 39       		.uleb128 0x39
 1062 0144 0B       		.uleb128 0xb
 1063 0145 49       		.uleb128 0x49
 1064 0146 13       		.uleb128 0x13
 1065 0147 02       		.uleb128 0x2
 1066 0148 18       		.uleb128 0x18
 1067 0149 00       		.byte	0
 1068 014a 00       		.byte	0
 1069 014b 17       		.uleb128 0x17
 1070 014c 48       		.uleb128 0x48
 1071 014d 01       		.byte	0x1
 1072 014e 7D       		.uleb128 0x7d
 1073 014f 01       		.uleb128 0x1
 1074 0150 7F       		.uleb128 0x7f
 1075 0151 13       		.uleb128 0x13
 1076 0152 01       		.uleb128 0x1
 1077 0153 13       		.uleb128 0x13
 1078 0154 00       		.byte	0
 1079 0155 00       		.byte	0
 1080 0156 18       		.uleb128 0x18
 1081 0157 48       		.uleb128 0x48
 1082 0158 00       		.byte	0
 1083 0159 7D       		.uleb128 0x7d
 1084 015a 01       		.uleb128 0x1
 1085 015b 7F       		.uleb128 0x7f
 1086 015c 13       		.uleb128 0x13
 1087 015d 00       		.byte	0
 1088 015e 00       		.byte	0
 1089 015f 19       		.uleb128 0x19
 1090 0160 48       		.uleb128 0x48
 1091 0161 01       		.byte	0x1
 1092 0162 7D       		.uleb128 0x7d
 1093 0163 01       		.uleb128 0x1
 1094 0164 8201     		.uleb128 0x82
 1095 0166 19       		.uleb128 0x19
 1096 0167 7F       		.uleb128 0x7f
 1097 0168 13       		.uleb128 0x13
 1098 0169 00       		.byte	0
 1099 016a 00       		.byte	0
 1100 016b 1A       		.uleb128 0x1a
 1101 016c 2E       		.uleb128 0x2e
 1102 016d 00       		.byte	0
 1103 016e 3F       		.uleb128 0x3f
 1104 016f 19       		.uleb128 0x19
 1105 0170 03       		.uleb128 0x3
 1106 0171 0E       		.uleb128 0xe
 1107 0172 3A       		.uleb128 0x3a
 1108 0173 0B       		.uleb128 0xb
 1109 0174 3B       		.uleb128 0x3b
 1110 0175 0B       		.uleb128 0xb
 1111 0176 39       		.uleb128 0x39
 1112 0177 0B       		.uleb128 0xb
 1113 0178 11       		.uleb128 0x11
 1114 0179 01       		.uleb128 0x1
 1115 017a 12       		.uleb128 0x12
 1116 017b 06       		.uleb128 0x6
 1117 017c 40       		.uleb128 0x40
 1118 017d 18       		.uleb128 0x18
 1119 017e 7A       		.uleb128 0x7a
 1120 017f 19       		.uleb128 0x19
 1121 0180 00       		.byte	0
 1122 0181 00       		.byte	0
 1123 0182 1B       		.uleb128 0x1b
 1124 0183 34       		.uleb128 0x34
 1125 0184 00       		.byte	0
 1126 0185 03       		.uleb128 0x3
 1127 0186 0E       		.uleb128 0xe
 1128 0187 3A       		.uleb128 0x3a
 1129 0188 0B       		.uleb128 0xb
 1130 0189 3B       		.uleb128 0x3b
 1131 018a 0B       		.uleb128 0xb
 1132 018b 39       		.uleb128 0x39
 1133 018c 0B       		.uleb128 0xb
 1134 018d 49       		.uleb128 0x49
 1135 018e 13       		.uleb128 0x13
 1136 018f 02       		.uleb128 0x2
 1137 0190 17       		.uleb128 0x17
 1138 0191 B742     		.uleb128 0x2137
 1139 0193 17       		.uleb128 0x17
 1140 0194 00       		.byte	0
 1141 0195 00       		.byte	0
 1142 0196 1C       		.uleb128 0x1c
 1143 0197 48       		.uleb128 0x48
 1144 0198 00       		.byte	0
 1145 0199 7D       		.uleb128 0x7d
 1146 019a 01       		.uleb128 0x1
 1147 019b 8201     		.uleb128 0x82
 1148 019d 19       		.uleb128 0x19
 1149 019e 7F       		.uleb128 0x7f
 1150 019f 13       		.uleb128 0x13
 1151 01a0 00       		.byte	0
 1152 01a1 00       		.byte	0
 1153 01a2 1D       		.uleb128 0x1d
 1154 01a3 2E       		.uleb128 0x2e
 1155 01a4 01       		.byte	0x1
 1156 01a5 3F       		.uleb128 0x3f
 1157 01a6 19       		.uleb128 0x19
 1158 01a7 03       		.uleb128 0x3
 1159 01a8 0E       		.uleb128 0xe
 1160 01a9 3A       		.uleb128 0x3a
 1161 01aa 0B       		.uleb128 0xb
 1162 01ab 3B       		.uleb128 0x3b
 1163 01ac 0B       		.uleb128 0xb
 1164 01ad 39       		.uleb128 0x39
 1165 01ae 0B       		.uleb128 0xb
 1166 01af 27       		.uleb128 0x27
 1167 01b0 19       		.uleb128 0x19
 1168 01b1 11       		.uleb128 0x11
 1169 01b2 01       		.uleb128 0x1
 1170 01b3 12       		.uleb128 0x12
 1171 01b4 06       		.uleb128 0x6
 1172 01b5 40       		.uleb128 0x40
 1173 01b6 18       		.uleb128 0x18
 1174 01b7 7A       		.uleb128 0x7a
 1175 01b8 19       		.uleb128 0x19
 1176 01b9 00       		.byte	0
 1177 01ba 00       		.byte	0
 1178 01bb 1E       		.uleb128 0x1e
 1179 01bc 05       		.uleb128 0x5
 1180 01bd 00       		.byte	0
 1181 01be 03       		.uleb128 0x3
 1182 01bf 08       		.uleb128 0x8
 1183 01c0 3A       		.uleb128 0x3a
 1184 01c1 0B       		.uleb128 0xb
 1185 01c2 3B       		.uleb128 0x3b
 1186 01c3 0B       		.uleb128 0xb
 1187 01c4 39       		.uleb128 0x39
 1188 01c5 0B       		.uleb128 0xb
 1189 01c6 49       		.uleb128 0x49
 1190 01c7 13       		.uleb128 0x13
 1191 01c8 02       		.uleb128 0x2
 1192 01c9 17       		.uleb128 0x17
 1193 01ca B742     		.uleb128 0x2137
 1194 01cc 17       		.uleb128 0x17
 1195 01cd 00       		.byte	0
 1196 01ce 00       		.byte	0
 1197 01cf 1F       		.uleb128 0x1f
 1198 01d0 0B       		.uleb128 0xb
 1199 01d1 01       		.byte	0x1
 1200 01d2 55       		.uleb128 0x55
 1201 01d3 17       		.uleb128 0x17
 1202 01d4 00       		.byte	0
 1203 01d5 00       		.byte	0
 1204 01d6 00       		.byte	0
 1205              		.section	.debug_loclists,"",%progbits
 1206 0000 B7000000 		.4byte	.Ldebug_loc3-.Ldebug_loc2
 1207              	.Ldebug_loc2:
 1208 0004 0500     		.2byte	0x5
 1209 0006 04       		.byte	0x4
 1210 0007 00       		.byte	0
 1211 0008 00000000 		.4byte	0
 1212              	.Ldebug_loc0:
 1213              	.LVUS4:
 1214 000c 00       		.uleb128 0
 1215 000d 00       		.uleb128 .LVU54
 1216 000e 00       		.uleb128 .LVU54
 1217 000f 00       		.uleb128 0
 1218              	.LLST4:
 1219 0010 04       		.byte	0x4
 1220 0011 60       		.uleb128 .LVL10-.Ltext0
 1221 0012 8201     		.uleb128 .LVL11-.Ltext0
 1222 0014 01       		.uleb128 0x1
 1223 0015 50       		.byte	0x50
 1224 0016 04       		.byte	0x4
 1225 0017 8201     		.uleb128 .LVL11-.Ltext0
 1226 0019 A401     		.uleb128 .LFE400-.Ltext0
 1227 001b 0A       		.uleb128 0xa
 1228 001c A3       		.byte	0xa3
 1229 001d 03       		.uleb128 0x3
 1230 001e A5       		.byte	0xa5
 1231 001f 00       		.uleb128 0
 1232 0020 26       		.uleb128 0x26
 1233 0021 A8       		.byte	0xa8
 1234 0022 34       		.uleb128 0x34
 1235 0023 A8       		.byte	0xa8
 1236 0024 00       		.uleb128 0
 1237 0025 9F       		.byte	0x9f
 1238 0026 00       		.byte	0
 1239              	.LVUS5:
 1240 0027 00       		.uleb128 0
 1241 0028 00       		.uleb128 .LVU56
 1242 0029 00       		.uleb128 .LVU56
 1243 002a 00       		.uleb128 0
 1244              	.LLST5:
 1245 002b 04       		.byte	0x4
 1246 002c 60       		.uleb128 .LVL10-.Ltext0
 1247 002d 8B01     		.uleb128 .LVL12-1-.Ltext0
 1248 002f 01       		.uleb128 0x1
 1249 0030 51       		.byte	0x51
 1250 0031 04       		.byte	0x4
 1251 0032 8B01     		.uleb128 .LVL12-1-.Ltext0
 1252 0034 A401     		.uleb128 .LFE400-.Ltext0
 1253 0036 0A       		.uleb128 0xa
 1254 0037 A3       		.byte	0xa3
 1255 0038 03       		.uleb128 0x3
 1256 0039 A5       		.byte	0xa5
 1257 003a 01       		.uleb128 0x1
 1258 003b 26       		.uleb128 0x26
 1259 003c A8       		.byte	0xa8
 1260 003d 34       		.uleb128 0x34
 1261 003e A8       		.byte	0xa8
 1262 003f 00       		.uleb128 0
 1263 0040 9F       		.byte	0x9f
 1264 0041 00       		.byte	0
 1265              	.LVUS2:
 1266 0042 00       		.uleb128 0
 1267 0043 00       		.uleb128 .LVU23
 1268 0044 00       		.uleb128 .LVU23
 1269 0045 00       		.uleb128 .LVU27
 1270 0046 00       		.uleb128 .LVU27
 1271 0047 00       		.uleb128 0
 1272              	.LLST2:
 1273 0048 04       		.byte	0x4
 1274 0049 22       		.uleb128 .LVL3-.Ltext0
 1275 004a 2A       		.uleb128 .LVL4-.Ltext0
 1276 004b 01       		.uleb128 0x1
 1277 004c 50       		.byte	0x50
 1278 004d 04       		.byte	0x4
 1279 004e 2A       		.uleb128 .LVL4-.Ltext0
 1280 004f 3F       		.uleb128 .LVL7-1-.Ltext0
 1281 0050 01       		.uleb128 0x1
 1282 0051 52       		.byte	0x52
 1283 0052 04       		.byte	0x4
 1284 0053 3F       		.uleb128 .LVL7-1-.Ltext0
 1285 0054 4C       		.uleb128 .LFE398-.Ltext0
 1286 0055 0A       		.uleb128 0xa
 1287 0056 A3       		.byte	0xa3
 1288 0057 03       		.uleb128 0x3
 1289 0058 A5       		.byte	0xa5
 1290 0059 00       		.uleb128 0
 1291 005a 26       		.uleb128 0x26
 1292 005b A8       		.byte	0xa8
 1293 005c 34       		.uleb128 0x34
 1294 005d A8       		.byte	0xa8
 1295 005e 00       		.uleb128 0
 1296 005f 9F       		.byte	0x9f
 1297 0060 00       		.byte	0
 1298              	.LVUS3:
 1299 0061 00       		.uleb128 .LVU24
 1300 0062 00       		.uleb128 .LVU26
 1301 0063 00       		.uleb128 .LVU26
 1302 0064 00       		.uleb128 .LVU27
 1303 0065 00       		.uleb128 .LVU27
 1304 0066 00       		.uleb128 .LVU28
 1305 0067 00       		.uleb128 .LVU28
 1306 0068 00       		.uleb128 .LVU29
 1307 0069 00       		.uleb128 .LVU29
 1308 006a 00       		.uleb128 0
 1309              	.LLST3:
 1310 006b 04       		.byte	0x4
 1311 006c 32       		.uleb128 .LVL5-.Ltext0
 1312 006d 3C       		.uleb128 .LVL6-.Ltext0
 1313 006e 01       		.uleb128 0x1
 1314 006f 50       		.byte	0x50
 1315 0070 04       		.byte	0x4
 1316 0071 3C       		.uleb128 .LVL6-.Ltext0
 1317 0072 3F       		.uleb128 .LVL7-1-.Ltext0
 1318 0073 10       		.uleb128 0x10
 1319 0074 73       		.byte	0x73
 1320 0075 00       		.sleb128 0
 1321 0076 A8       		.byte	0xa8
 1322 0077 2D       		.uleb128 0x2d
 1323 0078 03       		.byte	0x3
 1324 0079 00000000 		.4byte	tempo
 1325 007d 06       		.byte	0x6
 1326 007e A8       		.byte	0xa8
 1327 007f 2D       		.uleb128 0x2d
 1328 0080 1B       		.byte	0x1b
 1329 0081 A8       		.byte	0xa8
 1330 0082 00       		.uleb128 0
 1331 0083 9F       		.byte	0x9f
 1332 0084 04       		.byte	0x4
 1333 0085 40       		.uleb128 .LVL7-.Ltext0
 1334 0086 42       		.uleb128 .LVL8-.Ltext0
 1335 0087 01       		.uleb128 0x1
 1336 0088 50       		.byte	0x50
 1337 0089 04       		.byte	0x4
 1338 008a 42       		.uleb128 .LVL8-.Ltext0
 1339 008b 44       		.uleb128 .LVL9-.Ltext0
 1340 008c 10       		.uleb128 0x10
 1341 008d 73       		.byte	0x73
 1342 008e 00       		.sleb128 0
 1343 008f A8       		.byte	0xa8
 1344 0090 2D       		.uleb128 0x2d
 1345 0091 03       		.byte	0x3
 1346 0092 00000000 		.4byte	tempo
 1347 0096 06       		.byte	0x6
 1348 0097 A8       		.byte	0xa8
 1349 0098 2D       		.uleb128 0x2d
 1350 0099 1B       		.byte	0x1b
 1351 009a A8       		.byte	0xa8
 1352 009b 00       		.uleb128 0
 1353 009c 9F       		.byte	0x9f
 1354 009d 04       		.byte	0x4
 1355 009e 44       		.uleb128 .LVL9-.Ltext0
 1356 009f 4C       		.uleb128 .LFE398-.Ltext0
 1357 00a0 01       		.uleb128 0x1
 1358 00a1 50       		.byte	0x50
 1359 00a2 00       		.byte	0
 1360              	.LVUS0:
 1361 00a3 00       		.uleb128 0
 1362 00a4 00       		.uleb128 .LVU6
 1363 00a5 00       		.uleb128 .LVU6
 1364 00a6 00       		.uleb128 .LVU8
 1365 00a7 00       		.uleb128 .LVU8
 1366 00a8 00       		.uleb128 0
 1367              	.LLST0:
 1368 00a9 04       		.byte	0x4
 1369 00aa 00       		.uleb128 .LVL0-.Ltext0
 1370 00ab 08       		.uleb128 .LVL1-.Ltext0
 1371 00ac 01       		.uleb128 0x1
 1372 00ad 50       		.byte	0x50
 1373 00ae 04       		.byte	0x4
 1374 00af 08       		.uleb128 .LVL1-.Ltext0
 1375 00b0 0A       		.uleb128 .LVL2-.Ltext0
 1376 00b1 01       		.uleb128 0x1
 1377 00b2 50       		.byte	0x50
 1378 00b3 04       		.byte	0x4
 1379 00b4 0A       		.uleb128 .LVL2-.Ltext0
 1380 00b5 22       		.uleb128 .LFE397-.Ltext0
 1381 00b6 03       		.uleb128 0x3
 1382 00b7 70       		.byte	0x70
 1383 00b8 01       		.sleb128 1
 1384 00b9 9F       		.byte	0x9f
 1385 00ba 00       		.byte	0
 1386              	.Ldebug_loc3:
 1387              		.section	.debug_aranges,"",%progbits
 1388 0000 1C000000 		.4byte	0x1c
 1389 0004 0200     		.2byte	0x2
 1390 0006 00000000 		.4byte	.Ldebug_info0
 1391 000a 04       		.byte	0x4
 1392 000b 00       		.byte	0
 1393 000c 0000     		.2byte	0
 1394 000e 0000     		.2byte	0
 1395 0010 00000000 		.4byte	.Ltext0
 1396 0014 A4000000 		.4byte	.Letext0-.Ltext0
 1397 0018 00000000 		.4byte	0
 1398 001c 00000000 		.4byte	0
 1399              		.section	.debug_rnglists,"",%progbits
 1400              	.Ldebug_ranges0:
 1401 0000 0F000000 		.4byte	.Ldebug_ranges3-.Ldebug_ranges2
 1402              	.Ldebug_ranges2:
 1403 0004 0500     		.2byte	0x5
 1404 0006 04       		.byte	0x4
 1405 0007 00       		.byte	0
 1406 0008 00000000 		.4byte	0
 1407              	.LLRL1:
 1408 000c 04       		.byte	0x4
 1409 000d 02       		.uleb128 .LBB2-.Ltext0
 1410 000e 08       		.uleb128 .LBE2-.Ltext0
 1411 000f 04       		.byte	0x4
 1412 0010 10       		.uleb128 .LBB3-.Ltext0
 1413 0011 22       		.uleb128 .LBE3-.Ltext0
 1414 0012 00       		.byte	0
 1415              	.Ldebug_ranges3:
 1416              		.section	.debug_line,"",%progbits
 1417              	.Ldebug_line0:
 1418 0000 A5020000 		.section	.debug_str,"MS",%progbits,1
 1418      0300AD01 
 1418      00000201 
 1418      FB0E0D00 
 1418      01010101 
 1419              	.LASF41:
 1420 0000 2F686F6D 		.ascii	"/home/luis/Desktop/Polytech/IESE3/Microcontroleur/P"
 1420      652F6C75 
 1420      69732F44 
 1420      65736B74 
 1420      6F702F50 
 1421 0033 726F6A65 		.ascii	"roject_boite_musique/c_project/\000"
 1421      63745F62 
 1421      6F697465 
 1421      5F6D7573 
 1421      69717565 
 1422              	.LASF15:
 1423 0053 43434552 		.ascii	"CCER\000"
 1423      00
 1424              	.LASF28:
 1425 0058 424C414E 		.ascii	"BLANCHE\000"
 1425      43484500 
 1426              	.LASF21:
 1427 0060 444D4152 		.ascii	"DMAR\000"
 1427      00
 1428              	.LASF38:
 1429 0065 6E6F7465 		.ascii	"notes_arr\000"
 1429      735F6172 
 1429      7200
 1430              	.LASF13:
 1431 006f 43434D52 		.ascii	"CCMR1\000"
 1431      3100
 1432              	.LASF14:
 1433 0075 43434D52 		.ascii	"CCMR2\000"
 1433      3200
 1434              	.LASF4:
 1435 007b 73686F72 		.ascii	"short int\000"
 1435      7420696E 
 1435      7400
 1436              	.LASF42:
 1437 0085 54494D78 		.ascii	"TIMx_registers\000"
 1437      5F726567 
 1437      69737465 
 1437      727300
 1438              	.LASF31:
 1439 0094 74656D70 		.ascii	"tempo\000"
 1439      6F00
 1440              	.LASF9:
 1441 009a 5F5F7569 		.ascii	"__uint32_t\000"
 1441      6E743332 
 1441      5F7400
 1442              	.LASF44:
 1443 00a5 64656C61 		.ascii	"delay\000"
 1443      7900
 1444              	.LASF36:
 1445 00ab 64656C61 		.ascii	"delay_par_duree\000"
 1445      795F7061 
 1445      725F6475 
 1445      72656500 
 1446              	.LASF8:
 1447 00bb 6C6F6E67 		.ascii	"long long int\000"
 1447      206C6F6E 
 1447      6720696E 
 1447      7400
 1448              	.LASF0:
 1449 00c9 6C6F6E67 		.ascii	"long long unsigned int\000"
 1449      206C6F6E 
 1449      6720756E 
 1449      7369676E 
 1449      65642069 
 1450              	.LASF16:
 1451 00e0 43435231 		.ascii	"CCR1\000"
 1451      00
 1452              	.LASF17:
 1453 00e5 43435232 		.ascii	"CCR2\000"
 1453      00
 1454              	.LASF18:
 1455 00ea 43435233 		.ascii	"CCR3\000"
 1455      00
 1456              	.LASF19:
 1457 00ef 43435234 		.ascii	"CCR4\000"
 1457      00
 1458              	.LASF25:
 1459 00f4 6E6F7465 		.ascii	"notes\000"
 1459      7300
 1460              	.LASF34:
 1461 00fa 44757265 		.ascii	"Duree\000"
 1461      6500
 1462              	.LASF33:
 1463 0100 4E6F7465 		.ascii	"Note\000"
 1463      00
 1464              	.LASF37:
 1465 0105 64757265 		.ascii	"duree_noire\000"
 1465      655F6E6F 
 1465      69726500 
 1466              	.LASF43:
 1467 0111 65746569 		.ascii	"eteindre_son\000"
 1467      6E647265 
 1467      5F736F6E 
 1467      00
 1468              	.LASF11:
 1469 011e 534D4352 		.ascii	"SMCR\000"
 1469      00
 1470              	.LASF2:
 1471 0123 756E7369 		.ascii	"unsigned char\000"
 1471      676E6564 
 1471      20636861 
 1471      7200
 1472              	.LASF3:
 1473 0131 7369676E 		.ascii	"signed char\000"
 1473      65642063 
 1473      68617200 
 1474              	.LASF22:
 1475 013d 534F4C33 		.ascii	"SOL3\000"
 1475      00
 1476              	.LASF23:
 1477 0142 534F4C34 		.ascii	"SOL4\000"
 1477      00
 1478              	.LASF24:
 1479 0147 534F4C35 		.ascii	"SOL5\000"
 1479      00
 1480              	.LASF10:
 1481 014c 75696E74 		.ascii	"uint32_t\000"
 1481      33325F74 
 1481      00
 1482              	.LASF1:
 1483 0155 756E7369 		.ascii	"unsigned int\000"
 1483      676E6564 
 1483      20696E74 
 1483      00
 1484              	.LASF27:
 1485 0162 4E4F4952 		.ascii	"NOIRE\000"
 1485      4500
 1486              	.LASF12:
 1487 0168 44494552 		.ascii	"DIER\000"
 1487      00
 1488              	.LASF29:
 1489 016d 64757265 		.ascii	"duree\000"
 1489      6500
 1490              	.LASF39:
 1491 0173 474E5520 		.ascii	"GNU C99 13.3.1 20240614 -mtune=cortex-m4 -mthumb -m"
 1491      43393920 
 1491      31332E33 
 1491      2E312032 
 1491      30323430 
 1492 01a6 666C6F61 		.ascii	"float-abi=hard -mfpu=fpv4-sp-d16 -march=armv7e-m+fp"
 1492      742D6162 
 1492      693D6861 
 1492      7264202D 
 1492      6D667075 
 1493 01d9 202D6720 		.ascii	" -g -O0 -Os -std=gnu99 -fsingle-precision-constant\000"
 1493      2D4F3020 
 1493      2D4F7320 
 1493      2D737464 
 1493      3D676E75 
 1494              	.LASF5:
 1495 020c 73686F72 		.ascii	"short unsigned int\000"
 1495      7420756E 
 1495      7369676E 
 1495      65642069 
 1495      6E7400
 1496              	.LASF32:
 1497 021f 63686172 		.ascii	"char\000"
 1497      00
 1498              	.LASF6:
 1499 0224 6C6F6E67 		.ascii	"long int\000"
 1499      20696E74 
 1499      00
 1500              	.LASF20:
 1501 022d 42445452 		.ascii	"BDTR\000"
 1501      00
 1502              	.LASF30:
 1503 0232 54494D32 		.ascii	"TIM2\000"
 1503      00
 1504              	.LASF7:
 1505 0237 6C6F6E67 		.ascii	"long unsigned int\000"
 1505      20756E73 
 1505      69676E65 
 1505      6420696E 
 1505      7400
 1506              	.LASF26:
 1507 0249 43524F43 		.ascii	"CROCHE\000"
 1507      484500
 1508              	.LASF35:
 1509 0250 706C6179 		.ascii	"play_note\000"
 1509      5F6E6F74 
 1509      6500
 1510              	.LASF40:
 1511 025a 7372632F 		.ascii	"src/sys/notes.c\000"
 1511      7379732F 
 1511      6E6F7465 
 1511      732E6300 
 1512              		.ident	"GCC: (GNU Tools for STM32 13.3.rel1.20250523-0900) 13.3.1 20240614"
DEFINED SYMBOLS
                            *ABS*:00000000 notes.c
     /tmp/ccRDntPl.s:19     .text:00000000 $t
     /tmp/ccRDntPl.s:25     .text:00000000 delay
     /tmp/ccRDntPl.s:88     .text:00000022 delay_par_duree
     /tmp/ccRDntPl.s:135    .text:00000048 $d
     /tmp/ccRDntPl.s:139    .text:0000004c $t
     /tmp/ccRDntPl.s:145    .text:0000004c eteindre_son
     /tmp/ccRDntPl.s:168    .text:0000005c $d
     /tmp/ccRDntPl.s:172    .text:00000060 $t
     /tmp/ccRDntPl.s:178    .text:00000060 play_note
     /tmp/ccRDntPl.s:242    .text:0000009c $d
     /tmp/ccRDntPl.s:280    .data:00000000 tempo
     /tmp/ccRDntPl.s:249    .rodata:00000000 $d
     /tmp/ccRDntPl.s:253    .rodata:00000000 notes_arr
     /tmp/ccRDntPl.s:276    .data:00000000 $d

UNDEFINED SYMBOLS
TIM2
