   1              		.arch armv7e-m
   2              		.fpu fpv4-sp-d16
   3              		.eabi_attribute 27, 1
   4              		.eabi_attribute 28, 1
   5              		.eabi_attribute 20, 1
   6              		.eabi_attribute 21, 1
   7              		.eabi_attribute 23, 3
   8              		.eabi_attribute 24, 1
   9              		.eabi_attribute 25, 1
  10              		.eabi_attribute 26, 1
  11              		.eabi_attribute 30, 4
  12              		.eabi_attribute 34, 1
  13              		.eabi_attribute 18, 4
  14              		.file	"main.c"
  15              		.text
  16              	.Ltext0:
  17              		.cfi_sections	.debug_frame
  18              		.file 1 "src/main.c"
  19              		.section	.text.startup,"ax",%progbits
  20              		.align	1
  21              		.global	main
  22              		.syntax unified
  23              		.thumb
  24              		.thumb_func
  25              		.type	main, %function
  26              	main:
  27              	.LFB400:
   1:src/main.c    **** #include <stdio.h>
   2:src/main.c    **** #include <math.h>
   3:src/main.c    **** #include "sys/cm4.h"
   4:src/main.c    **** #include "sys/devices.h"
   5:src/main.c    **** #include "sys/init.h"
   6:src/main.c    **** #include "sys/clock.h"
   7:src/main.c    **** #include "sys/timer.h"
   8:src/main.c    **** #include "sys/notes.h"
   9:src/main.c    **** #include "sys/musique.h"
  10:src/main.c    **** 
  11:src/main.c    **** 
  12:src/main.c    **** int main() {
  28              		.loc 1 12 12 view -0
  29              		.cfi_startproc
  30              		@ Volatile: function does not return.
  31              		@ args = 0, pretend = 0, frame = 0
  32              		@ frame_needed = 0, uses_anonymous_args = 0
  13:src/main.c    ****   init_timer_buzzer();
  33              		.loc 1 13 3 view .LVU1
  12:src/main.c    ****   init_timer_buzzer();
  34              		.loc 1 12 12 is_stmt 0 view .LVU2
  35 0000 08B5     		push	{r3, lr}
  36              		.cfi_def_cfa_offset 8
  37              		.cfi_offset 3, -8
  38              		.cfi_offset 14, -4
  39              		.loc 1 13 3 view .LVU3
  40 0002 FFF7FEFF 		bl	init_timer_buzzer
  41              	.LVL0:
  42              	.L2:
  14:src/main.c    ****   while (1)
  43              		.loc 1 14 3 is_stmt 1 view .LVU4
  15:src/main.c    ****   {
  16:src/main.c    **** 	  au_clair_de_la_lune();
  44              		.loc 1 16 4 discriminator 1 view .LVU5
  45 0006 FFF7FEFF 		bl	au_clair_de_la_lune
  46              	.LVL1:
  14:src/main.c    ****   while (1)
  47              		.loc 1 14 9 view .LVU6
  48 000a FCE7     		b	.L2
  49              		.cfi_endproc
  50              	.LFE400:
  51              		.size	main, .-main
  52              		.text
  53              	.Letext0:
  54              		.file 2 "src/sys/musique.h"
  55              		.file 3 "src/sys/timer.h"
  56              		.section	.debug_info,"",%progbits
  57              	.Ldebug_info0:
  58 0000 BF000000 		.4byte	0xbf
  59 0004 0500     		.2byte	0x5
  60 0006 01       		.byte	0x1
  61 0007 04       		.byte	0x4
  62 0008 00000000 		.4byte	.Ldebug_abbrev0
  63 000c 05       		.uleb128 0x5
  64 000d F0000000 		.4byte	.LASF14
  65 0011 0C       		.byte	0xc
  66 0012 9C000000 		.4byte	.LASF15
  67 0016 32000000 		.4byte	.LASF16
  68 001a 0C000000 		.4byte	.LLRL0
  69 001e 00000000 		.4byte	0
  70 0022 00000000 		.4byte	.Ldebug_line0
  71 0026 01       		.uleb128 0x1
  72 0027 01       		.byte	0x1
  73 0028 06       		.byte	0x6
  74 0029 9C010000 		.4byte	.LASF0
  75 002d 01       		.uleb128 0x1
  76 002e 01       		.byte	0x1
  77 002f 08       		.byte	0x8
  78 0030 A7000000 		.4byte	.LASF1
  79 0034 01       		.uleb128 0x1
  80 0035 02       		.byte	0x2
  81 0036 05       		.byte	0x5
  82 0037 AE010000 		.4byte	.LASF2
  83 003b 01       		.uleb128 0x1
  84 003c 02       		.byte	0x2
  85 003d 07       		.byte	0x7
  86 003e 89010000 		.4byte	.LASF3
  87 0042 01       		.uleb128 0x1
  88 0043 04       		.byte	0x4
  89 0044 05       		.byte	0x5
  90 0045 E7000000 		.4byte	.LASF4
  91 0049 01       		.uleb128 0x1
  92 004a 04       		.byte	0x4
  93 004b 07       		.byte	0x7
  94 004c 20000000 		.4byte	.LASF5
  95 0050 01       		.uleb128 0x1
  96 0051 08       		.byte	0x8
  97 0052 05       		.byte	0x5
  98 0053 00000000 		.4byte	.LASF6
  99 0057 01       		.uleb128 0x1
 100 0058 08       		.byte	0x8
 101 0059 07       		.byte	0x7
 102 005a 85000000 		.4byte	.LASF7
 103 005e 06       		.uleb128 0x6
 104 005f 04       		.byte	0x4
 105 0060 05       		.byte	0x5
 106 0061 696E7400 		.ascii	"int\000"
 107 0065 01       		.uleb128 0x1
 108 0066 04       		.byte	0x4
 109 0067 07       		.byte	0x7
 110 0068 0E000000 		.4byte	.LASF8
 111 006c 01       		.uleb128 0x1
 112 006d 01       		.byte	0x1
 113 006e 08       		.byte	0x8
 114 006f C7000000 		.4byte	.LASF9
 115 0073 01       		.uleb128 0x1
 116 0074 04       		.byte	0x4
 117 0075 04       		.byte	0x4
 118 0076 A8010000 		.4byte	.LASF10
 119 007a 01       		.uleb128 0x1
 120 007b 08       		.byte	0x8
 121 007c 04       		.byte	0x4
 122 007d E0000000 		.4byte	.LASF11
 123 0081 02       		.uleb128 0x2
 124 0082 CC000000 		.4byte	.LASF12
 125 0086 02       		.byte	0x2
 126 0087 8D000000 		.4byte	0x8d
 127 008b 03       		.uleb128 0x3
 128 008c 00       		.byte	0
 129 008d 02       		.uleb128 0x2
 130 008e B5000000 		.4byte	.LASF13
 131 0092 03       		.byte	0x3
 132 0093 99000000 		.4byte	0x99
 133 0097 03       		.uleb128 0x3
 134 0098 00       		.byte	0
 135 0099 07       		.uleb128 0x7
 136 009a 1B000000 		.4byte	.LASF17
 137 009e 01       		.byte	0x1
 138 009f 0C       		.byte	0xc
 139 00a0 05       		.byte	0x5
 140 00a1 5E000000 		.4byte	0x5e
 141 00a5 00000000 		.4byte	.LFB400
 142 00a9 0C000000 		.4byte	.LFE400-.LFB400
 143 00ad 01       		.uleb128 0x1
 144 00ae 9C       		.byte	0x9c
 145 00af 04       		.uleb128 0x4
 146 00b0 06000000 		.4byte	.LVL0
 147 00b4 8D000000 		.4byte	0x8d
 148 00b8 04       		.uleb128 0x4
 149 00b9 0A000000 		.4byte	.LVL1
 150 00bd 81000000 		.4byte	0x81
 151 00c1 00       		.byte	0
 152 00c2 00       		.byte	0
 153              		.section	.debug_abbrev,"",%progbits
 154              	.Ldebug_abbrev0:
 155 0000 01       		.uleb128 0x1
 156 0001 24       		.uleb128 0x24
 157 0002 00       		.byte	0
 158 0003 0B       		.uleb128 0xb
 159 0004 0B       		.uleb128 0xb
 160 0005 3E       		.uleb128 0x3e
 161 0006 0B       		.uleb128 0xb
 162 0007 03       		.uleb128 0x3
 163 0008 0E       		.uleb128 0xe
 164 0009 00       		.byte	0
 165 000a 00       		.byte	0
 166 000b 02       		.uleb128 0x2
 167 000c 2E       		.uleb128 0x2e
 168 000d 01       		.byte	0x1
 169 000e 3F       		.uleb128 0x3f
 170 000f 19       		.uleb128 0x19
 171 0010 03       		.uleb128 0x3
 172 0011 0E       		.uleb128 0xe
 173 0012 3A       		.uleb128 0x3a
 174 0013 0B       		.uleb128 0xb
 175 0014 3B       		.uleb128 0x3b
 176 0015 21       		.uleb128 0x21
 177 0016 09       		.sleb128 9
 178 0017 39       		.uleb128 0x39
 179 0018 21       		.uleb128 0x21
 180 0019 06       		.sleb128 6
 181 001a 3C       		.uleb128 0x3c
 182 001b 19       		.uleb128 0x19
 183 001c 01       		.uleb128 0x1
 184 001d 13       		.uleb128 0x13
 185 001e 00       		.byte	0
 186 001f 00       		.byte	0
 187 0020 03       		.uleb128 0x3
 188 0021 18       		.uleb128 0x18
 189 0022 00       		.byte	0
 190 0023 00       		.byte	0
 191 0024 00       		.byte	0
 192 0025 04       		.uleb128 0x4
 193 0026 48       		.uleb128 0x48
 194 0027 00       		.byte	0
 195 0028 7D       		.uleb128 0x7d
 196 0029 01       		.uleb128 0x1
 197 002a 7F       		.uleb128 0x7f
 198 002b 13       		.uleb128 0x13
 199 002c 00       		.byte	0
 200 002d 00       		.byte	0
 201 002e 05       		.uleb128 0x5
 202 002f 11       		.uleb128 0x11
 203 0030 01       		.byte	0x1
 204 0031 25       		.uleb128 0x25
 205 0032 0E       		.uleb128 0xe
 206 0033 13       		.uleb128 0x13
 207 0034 0B       		.uleb128 0xb
 208 0035 03       		.uleb128 0x3
 209 0036 0E       		.uleb128 0xe
 210 0037 1B       		.uleb128 0x1b
 211 0038 0E       		.uleb128 0xe
 212 0039 55       		.uleb128 0x55
 213 003a 17       		.uleb128 0x17
 214 003b 11       		.uleb128 0x11
 215 003c 01       		.uleb128 0x1
 216 003d 10       		.uleb128 0x10
 217 003e 17       		.uleb128 0x17
 218 003f 00       		.byte	0
 219 0040 00       		.byte	0
 220 0041 06       		.uleb128 0x6
 221 0042 24       		.uleb128 0x24
 222 0043 00       		.byte	0
 223 0044 0B       		.uleb128 0xb
 224 0045 0B       		.uleb128 0xb
 225 0046 3E       		.uleb128 0x3e
 226 0047 0B       		.uleb128 0xb
 227 0048 03       		.uleb128 0x3
 228 0049 08       		.uleb128 0x8
 229 004a 00       		.byte	0
 230 004b 00       		.byte	0
 231 004c 07       		.uleb128 0x7
 232 004d 2E       		.uleb128 0x2e
 233 004e 01       		.byte	0x1
 234 004f 3F       		.uleb128 0x3f
 235 0050 19       		.uleb128 0x19
 236 0051 03       		.uleb128 0x3
 237 0052 0E       		.uleb128 0xe
 238 0053 3A       		.uleb128 0x3a
 239 0054 0B       		.uleb128 0xb
 240 0055 3B       		.uleb128 0x3b
 241 0056 0B       		.uleb128 0xb
 242 0057 39       		.uleb128 0x39
 243 0058 0B       		.uleb128 0xb
 244 0059 49       		.uleb128 0x49
 245 005a 13       		.uleb128 0x13
 246 005b 11       		.uleb128 0x11
 247 005c 01       		.uleb128 0x1
 248 005d 12       		.uleb128 0x12
 249 005e 06       		.uleb128 0x6
 250 005f 40       		.uleb128 0x40
 251 0060 18       		.uleb128 0x18
 252 0061 7A       		.uleb128 0x7a
 253 0062 19       		.uleb128 0x19
 254 0063 00       		.byte	0
 255 0064 00       		.byte	0
 256 0065 00       		.byte	0
 257              		.section	.debug_aranges,"",%progbits
 258 0000 1C000000 		.4byte	0x1c
 259 0004 0200     		.2byte	0x2
 260 0006 00000000 		.4byte	.Ldebug_info0
 261 000a 04       		.byte	0x4
 262 000b 00       		.byte	0
 263 000c 0000     		.2byte	0
 264 000e 0000     		.2byte	0
 265 0010 00000000 		.4byte	.LFB400
 266 0014 0C000000 		.4byte	.LFE400-.LFB400
 267 0018 00000000 		.4byte	0
 268 001c 00000000 		.4byte	0
 269              		.section	.debug_rnglists,"",%progbits
 270              	.Ldebug_ranges0:
 271 0000 0F000000 		.4byte	.Ldebug_ranges3-.Ldebug_ranges2
 272              	.Ldebug_ranges2:
 273 0004 0500     		.2byte	0x5
 274 0006 04       		.byte	0x4
 275 0007 00       		.byte	0
 276 0008 00000000 		.4byte	0
 277              	.LLRL0:
 278 000c 07       		.byte	0x7
 279 000d 00000000 		.4byte	.LFB400
 280 0011 0C       		.uleb128 .LFE400-.LFB400
 281 0012 00       		.byte	0
 282              	.Ldebug_ranges3:
 283              		.section	.debug_line,"",%progbits
 284              	.Ldebug_line0:
 285 0000 6E000000 		.section	.debug_str,"MS",%progbits,1
 285      03004100 
 285      00000201 
 285      FB0E0D00 
 285      01010101 
 286              	.LASF6:
 287 0000 6C6F6E67 		.ascii	"long long int\000"
 287      206C6F6E 
 287      6720696E 
 287      7400
 288              	.LASF8:
 289 000e 756E7369 		.ascii	"unsigned int\000"
 289      676E6564 
 289      20696E74 
 289      00
 290              	.LASF17:
 291 001b 6D61696E 		.ascii	"main\000"
 291      00
 292              	.LASF5:
 293 0020 6C6F6E67 		.ascii	"long unsigned int\000"
 293      20756E73 
 293      69676E65 
 293      6420696E 
 293      7400
 294              	.LASF16:
 295 0032 2F686F6D 		.ascii	"/home/luis/Desktop/Polytech/IESE3/Microcontroleur/P"
 295      652F6C75 
 295      69732F44 
 295      65736B74 
 295      6F702F50 
 296 0065 726F6A65 		.ascii	"roject_boite_musique/c_project/\000"
 296      63745F62 
 296      6F697465 
 296      5F6D7573 
 296      69717565 
 297              	.LASF7:
 298 0085 6C6F6E67 		.ascii	"long long unsigned int\000"
 298      206C6F6E 
 298      6720756E 
 298      7369676E 
 298      65642069 
 299              	.LASF15:
 300 009c 7372632F 		.ascii	"src/main.c\000"
 300      6D61696E 
 300      2E6300
 301              	.LASF1:
 302 00a7 756E7369 		.ascii	"unsigned char\000"
 302      676E6564 
 302      20636861 
 302      7200
 303              	.LASF13:
 304 00b5 696E6974 		.ascii	"init_timer_buzzer\000"
 304      5F74696D 
 304      65725F62 
 304      757A7A65 
 304      7200
 305              	.LASF9:
 306 00c7 63686172 		.ascii	"char\000"
 306      00
 307              	.LASF12:
 308 00cc 61755F63 		.ascii	"au_clair_de_la_lune\000"
 308      6C616972 
 308      5F64655F 
 308      6C615F6C 
 308      756E6500 
 309              	.LASF11:
 310 00e0 646F7562 		.ascii	"double\000"
 310      6C6500
 311              	.LASF4:
 312 00e7 6C6F6E67 		.ascii	"long int\000"
 312      20696E74 
 312      00
 313              	.LASF14:
 314 00f0 474E5520 		.ascii	"GNU C99 13.3.1 20240614 -mtune=cortex-m4 -mthumb -m"
 314      43393920 
 314      31332E33 
 314      2E312032 
 314      30323430 
 315 0123 666C6F61 		.ascii	"float-abi=hard -mfpu=fpv4-sp-d16 -march=armv7e-m+fp"
 315      742D6162 
 315      693D6861 
 315      7264202D 
 315      6D667075 
 316 0156 202D6720 		.ascii	" -g -O0 -Os -std=gnu99 -fsingle-precision-constant\000"
 316      2D4F3020 
 316      2D4F7320 
 316      2D737464 
 316      3D676E75 
 317              	.LASF3:
 318 0189 73686F72 		.ascii	"short unsigned int\000"
 318      7420756E 
 318      7369676E 
 318      65642069 
 318      6E7400
 319              	.LASF0:
 320 019c 7369676E 		.ascii	"signed char\000"
 320      65642063 
 320      68617200 
 321              	.LASF10:
 322 01a8 666C6F61 		.ascii	"float\000"
 322      7400
 323              	.LASF2:
 324 01ae 73686F72 		.ascii	"short int\000"
 324      7420696E 
 324      7400
 325              		.ident	"GCC: (GNU Tools for STM32 13.3.rel1.20250523-0900) 13.3.1 20240614"
DEFINED SYMBOLS
                            *ABS*:00000000 main.c
     /tmp/cc61kEBC.s:20     .text.startup:00000000 $t
     /tmp/cc61kEBC.s:26     .text.startup:00000000 main

UNDEFINED SYMBOLS
init_timer_buzzer
au_clair_de_la_lune
